/home/pi5/hospital/install/hospital_hardware/lib/python3.12/site-packages/hospital_hardware/motor_control.py
/home/pi5/hospital/install/hospital_hardware/lib/python3.12/site-packages/hospital_hardware/motor_control_with_encoder.py
/home/pi5/hospital/install/hospital_hardware/lib/python3.12/site-packages/hospital_hardware/__init__.py
/home/pi5/hospital/install/hospital_hardware/lib/python3.12/site-packages/hospital_hardware/__pycache__/motor_control.cpython-312.pyc
/home/pi5/hospital/install/hospital_hardware/lib/python3.12/site-packages/hospital_hardware/__pycache__/motor_control_with_encoder.cpython-312.pyc
/home/pi5/hospital/install/hospital_hardware/lib/python3.12/site-packages/hospital_hardware/__pycache__/__init__.cpython-312.pyc
/home/pi5/hospital/install/hospital_hardware/share/ament_index/resource_index/packages/hospital_hardware
/home/pi5/hospital/install/hospital_hardware/share/hospital_hardware/package.xml
/home/pi5/hospital/install/hospital_hardware/share/hospital_hardware/launch/hardware.launch.py
/home/pi5/hospital/install/hospital_hardware/share/hospital_hardware/launch/visualize.launch.py
/home/pi5/hospital/install/hospital_hardware/share/hospital_hardware/urdf/robot.urdf
/home/pi5/hospital/install/hospital_hardware/lib/python3.12/site-packages/hospital_hardware-0.0.0-py3.12.egg-info/dependency_links.txt
/home/pi5/hospital/install/hospital_hardware/lib/python3.12/site-packages/hospital_hardware-0.0.0-py3.12.egg-info/PKG-INFO
/home/pi5/hospital/install/hospital_hardware/lib/python3.12/site-packages/hospital_hardware-0.0.0-py3.12.egg-info/entry_points.txt
/home/pi5/hospital/install/hospital_hardware/lib/python3.12/site-packages/hospital_hardware-0.0.0-py3.12.egg-info/requires.txt
/home/pi5/hospital/install/hospital_hardware/lib/python3.12/site-packages/hospital_hardware-0.0.0-py3.12.egg-info/top_level.txt
/home/pi5/hospital/install/hospital_hardware/lib/python3.12/site-packages/hospital_hardware-0.0.0-py3.12.egg-info/zip-safe
/home/pi5/hospital/install/hospital_hardware/lib/python3.12/site-packages/hospital_hardware-0.0.0-py3.12.egg-info/SOURCES.txt
/home/pi5/hospital/install/hospital_hardware/lib/hospital_hardware/motor_control
/home/pi5/hospital/install/hospital_hardware/lib/hospital_hardware/motor_control_with_encoder
