[0.638s] DEBUG:colcon:Command line arguments: ['/usr/bin/colcon', 'build']
[0.638s] DEBUG:colcon:Parsed command line arguments: Namespace(log_base=None, log_level=None, verb_name='build', build_base='build', install_base='install', merge_install=False, symlink_install=False, test_result_base=None, continue_on_error=False, executor='parallel', parallel_workers=16, event_handlers=None, ignore_user_meta=False, metas=['./colcon.meta'], base_paths=['.'], packages_ignore=None, packages_ignore_regex=None, paths=None, packages_up_to=None, packages_up_to_regex=None, packages_above=None, packages_above_and_dependencies=None, packages_above_depth=None, packages_select_by_dep=None, packages_skip_by_dep=None, packages_skip_up_to=None, packages_select_build_failed=False, packages_skip_build_finished=False, packages_select_test_failures=False, packages_skip_test_passed=False, packages_select=None, packages_skip=None, packages_select_regex=None, packages_skip_regex=None, packages_start=None, packages_end=None, allow_overriding=[], cmake_args=None, cmake_target=None, cmake_target_skip_unavailable=False, cmake_clean_cache=False, cmake_clean_first=False, cmake_force_configure=False, ament_cmake_args=None, catkin_cmake_args=None, catkin_skip_building_tests=False, verb_parser=<colcon_defaults.argument_parser.defaults.DefaultArgumentsDecorator object at 0x799737f3cc70>, verb_extension=<colcon_core.verb.build.BuildVerb object at 0x799737f3c730>, main=<bound method BuildVerb.main of <colcon_core.verb.build.BuildVerb object at 0x799737f3c730>>)
[1.199s] Level 1:colcon.colcon_core.package_discovery:discover_packages(colcon_meta) check parameters
[1.199s] Level 1:colcon.colcon_core.package_discovery:discover_packages(recursive) check parameters
[1.199s] Level 1:colcon.colcon_core.package_discovery:discover_packages(ignore) check parameters
[1.199s] Level 1:colcon.colcon_core.package_discovery:discover_packages(path) check parameters
[1.199s] Level 1:colcon.colcon_core.package_discovery:discover_packages(colcon_meta) discover
[1.199s] Level 1:colcon.colcon_core.package_discovery:discover_packages(recursive) discover
[1.199s] INFO:colcon.colcon_core.package_discovery:Crawling recursively for packages in '/home/vikash/Hospital_ws'
[1.199s] Level 1:colcon.colcon_core.package_identification:_identify(.) by extensions ['ignore', 'ignore_ament_install']
[1.199s] Level 1:colcon.colcon_core.package_identification:_identify(.) by extension 'ignore'
[1.199s] Level 1:colcon.colcon_core.package_identification:_identify(.) by extension 'ignore_ament_install'
[1.200s] Level 1:colcon.colcon_core.package_identification:_identify(.) by extensions ['colcon_pkg']
[1.200s] Level 1:colcon.colcon_core.package_identification:_identify(.) by extension 'colcon_pkg'
[1.200s] Level 1:colcon.colcon_core.package_identification:_identify(.) by extensions ['colcon_meta']
[1.200s] Level 1:colcon.colcon_core.package_identification:_identify(.) by extension 'colcon_meta'
[1.200s] Level 1:colcon.colcon_core.package_identification:_identify(.) by extensions ['ros']
[1.200s] Level 1:colcon.colcon_core.package_identification:_identify(.) by extension 'ros'
[1.224s] Level 1:colcon.colcon_core.package_identification:_identify(.) by extensions ['cmake', 'python']
[1.224s] Level 1:colcon.colcon_core.package_identification:_identify(.) by extension 'cmake'
[1.224s] Level 1:colcon.colcon_core.package_identification:_identify(.) by extension 'python'
[1.224s] Level 1:colcon.colcon_core.package_identification:_identify(.) by extensions ['python_setup_py']
[1.224s] Level 1:colcon.colcon_core.package_identification:_identify(.) by extension 'python_setup_py'
[1.225s] Level 1:colcon.colcon_core.package_identification:_identify(build) by extensions ['ignore', 'ignore_ament_install']
[1.225s] Level 1:colcon.colcon_core.package_identification:_identify(build) by extension 'ignore'
[1.225s] Level 1:colcon.colcon_core.package_identification:_identify(build) ignored
[1.225s] Level 1:colcon.colcon_core.package_identification:_identify(install) by extensions ['ignore', 'ignore_ament_install']
[1.225s] Level 1:colcon.colcon_core.package_identification:_identify(install) by extension 'ignore'
[1.225s] Level 1:colcon.colcon_core.package_identification:_identify(install) ignored
[1.226s] Level 1:colcon.colcon_core.package_identification:_identify(log) by extensions ['ignore', 'ignore_ament_install']
[1.226s] Level 1:colcon.colcon_core.package_identification:_identify(log) by extension 'ignore'
[1.226s] Level 1:colcon.colcon_core.package_identification:_identify(log) ignored
[1.226s] Level 1:colcon.colcon_core.package_identification:_identify(src) by extensions ['ignore', 'ignore_ament_install']
[1.226s] Level 1:colcon.colcon_core.package_identification:_identify(src) by extension 'ignore'
[1.226s] Level 1:colcon.colcon_core.package_identification:_identify(src) by extension 'ignore_ament_install'
[1.226s] Level 1:colcon.colcon_core.package_identification:_identify(src) by extensions ['colcon_pkg']
[1.226s] Level 1:colcon.colcon_core.package_identification:_identify(src) by extension 'colcon_pkg'
[1.227s] Level 1:colcon.colcon_core.package_identification:_identify(src) by extensions ['colcon_meta']
[1.227s] Level 1:colcon.colcon_core.package_identification:_identify(src) by extension 'colcon_meta'
[1.227s] Level 1:colcon.colcon_core.package_identification:_identify(src) by extensions ['ros']
[1.227s] Level 1:colcon.colcon_core.package_identification:_identify(src) by extension 'ros'
[1.227s] Level 1:colcon.colcon_core.package_identification:_identify(src) by extensions ['cmake', 'python']
[1.227s] Level 1:colcon.colcon_core.package_identification:_identify(src) by extension 'cmake'
[1.227s] Level 1:colcon.colcon_core.package_identification:_identify(src) by extension 'python'
[1.227s] Level 1:colcon.colcon_core.package_identification:_identify(src) by extensions ['python_setup_py']
[1.227s] Level 1:colcon.colcon_core.package_identification:_identify(src) by extension 'python_setup_py'
[1.227s] Level 1:colcon.colcon_core.package_identification:_identify(src/hospital_hardware) by extensions ['ignore', 'ignore_ament_install']
[1.227s] Level 1:colcon.colcon_core.package_identification:_identify(src/hospital_hardware) by extension 'ignore'
[1.227s] Level 1:colcon.colcon_core.package_identification:_identify(src/hospital_hardware) by extension 'ignore_ament_install'
[1.227s] Level 1:colcon.colcon_core.package_identification:_identify(src/hospital_hardware) by extensions ['colcon_pkg']
[1.227s] Level 1:colcon.colcon_core.package_identification:_identify(src/hospital_hardware) by extension 'colcon_pkg'
[1.227s] Level 1:colcon.colcon_core.package_identification:_identify(src/hospital_hardware) by extensions ['colcon_meta']
[1.227s] Level 1:colcon.colcon_core.package_identification:_identify(src/hospital_hardware) by extension 'colcon_meta'
[1.227s] Level 1:colcon.colcon_core.package_identification:_identify(src/hospital_hardware) by extensions ['ros']
[1.227s] Level 1:colcon.colcon_core.package_identification:_identify(src/hospital_hardware) by extension 'ros'
[1.233s] DEBUG:colcon.colcon_core.package_identification:Package 'src/hospital_hardware' with type 'ros.ament_python' and name 'hospital_hardware'
[1.234s] Level 1:colcon.colcon_core.package_identification:_identify(src/hospital_robot) by extensions ['ignore', 'ignore_ament_install']
[1.234s] Level 1:colcon.colcon_core.package_identification:_identify(src/hospital_robot) by extension 'ignore'
[1.234s] Level 1:colcon.colcon_core.package_identification:_identify(src/hospital_robot) by extension 'ignore_ament_install'
[1.234s] Level 1:colcon.colcon_core.package_identification:_identify(src/hospital_robot) by extensions ['colcon_pkg']
[1.234s] Level 1:colcon.colcon_core.package_identification:_identify(src/hospital_robot) by extension 'colcon_pkg'
[1.234s] Level 1:colcon.colcon_core.package_identification:_identify(src/hospital_robot) by extensions ['colcon_meta']
[1.234s] Level 1:colcon.colcon_core.package_identification:_identify(src/hospital_robot) by extension 'colcon_meta'
[1.234s] Level 1:colcon.colcon_core.package_identification:_identify(src/hospital_robot) by extensions ['ros']
[1.234s] Level 1:colcon.colcon_core.package_identification:_identify(src/hospital_robot) by extension 'ros'
[1.236s] DEBUG:colcon.colcon_core.package_identification:Package 'src/hospital_robot' with type 'ros.ament_python' and name 'hospital_robot'
[1.236s] Level 1:colcon.colcon_core.package_identification:_identify(src/hospital_world) by extensions ['ignore', 'ignore_ament_install']
[1.236s] Level 1:colcon.colcon_core.package_identification:_identify(src/hospital_world) by extension 'ignore'
[1.236s] Level 1:colcon.colcon_core.package_identification:_identify(src/hospital_world) by extension 'ignore_ament_install'
[1.236s] Level 1:colcon.colcon_core.package_identification:_identify(src/hospital_world) by extensions ['colcon_pkg']
[1.237s] Level 1:colcon.colcon_core.package_identification:_identify(src/hospital_world) by extension 'colcon_pkg'
[1.237s] Level 1:colcon.colcon_core.package_identification:_identify(src/hospital_world) by extensions ['colcon_meta']
[1.237s] Level 1:colcon.colcon_core.package_identification:_identify(src/hospital_world) by extension 'colcon_meta'
[1.237s] Level 1:colcon.colcon_core.package_identification:_identify(src/hospital_world) by extensions ['ros']
[1.237s] Level 1:colcon.colcon_core.package_identification:_identify(src/hospital_world) by extension 'ros'
[1.239s] DEBUG:colcon.colcon_core.package_identification:Package 'src/hospital_world' with type 'ros.ament_python' and name 'hospital_world'
[1.239s] Level 1:colcon.colcon_core.package_discovery:discover_packages(recursive) using defaults
[1.239s] Level 1:colcon.colcon_core.package_discovery:discover_packages(ignore) discover
[1.239s] Level 1:colcon.colcon_core.package_discovery:discover_packages(ignore) using defaults
[1.239s] Level 1:colcon.colcon_core.package_discovery:discover_packages(path) discover
[1.239s] Level 1:colcon.colcon_core.package_discovery:discover_packages(path) using defaults
[1.307s] Level 1:colcon.colcon_core.package_discovery:discover_packages(prefix_path) check parameters
[1.307s] Level 1:colcon.colcon_core.package_discovery:discover_packages(prefix_path) discover
[1.315s] DEBUG:colcon.colcon_installed_package_information.package_discovery:Found 3 installed packages in /home/vikash/Hospital_ws/install
[1.316s] DEBUG:colcon.colcon_installed_package_information.package_discovery:Found 2 installed packages in /home/vikash/junu/install
[1.318s] DEBUG:colcon.colcon_installed_package_information.package_discovery:Found 409 installed packages in /opt/ros/humble
[1.322s] Level 1:colcon.colcon_core.package_discovery:discover_packages(prefix_path) using defaults
[1.397s] Level 5:colcon.colcon_core.verb:set package 'hospital_hardware' build argument 'cmake_args' from command line to 'None'
[1.397s] Level 5:colcon.colcon_core.verb:set package 'hospital_hardware' build argument 'cmake_target' from command line to 'None'
[1.397s] Level 5:colcon.colcon_core.verb:set package 'hospital_hardware' build argument 'cmake_target_skip_unavailable' from command line to 'False'
[1.397s] Level 5:colcon.colcon_core.verb:set package 'hospital_hardware' build argument 'cmake_clean_cache' from command line to 'False'
[1.397s] Level 5:colcon.colcon_core.verb:set package 'hospital_hardware' build argument 'cmake_clean_first' from command line to 'False'
[1.397s] Level 5:colcon.colcon_core.verb:set package 'hospital_hardware' build argument 'cmake_force_configure' from command line to 'False'
[1.397s] Level 5:colcon.colcon_core.verb:set package 'hospital_hardware' build argument 'ament_cmake_args' from command line to 'None'
[1.397s] Level 5:colcon.colcon_core.verb:set package 'hospital_hardware' build argument 'catkin_cmake_args' from command line to 'None'
[1.397s] Level 5:colcon.colcon_core.verb:set package 'hospital_hardware' build argument 'catkin_skip_building_tests' from command line to 'False'
[1.397s] DEBUG:colcon.colcon_core.verb:Building package 'hospital_hardware' with the following arguments: {'ament_cmake_args': None, 'build_base': '/home/vikash/Hospital_ws/build/hospital_hardware', 'catkin_cmake_args': None, 'catkin_skip_building_tests': False, 'cmake_args': None, 'cmake_clean_cache': False, 'cmake_clean_first': False, 'cmake_force_configure': False, 'cmake_target': None, 'cmake_target_skip_unavailable': False, 'install_base': '/home/vikash/Hospital_ws/install/hospital_hardware', 'merge_install': False, 'path': '/home/vikash/Hospital_ws/src/hospital_hardware', 'symlink_install': False, 'test_result_base': None}
[1.398s] Level 5:colcon.colcon_core.verb:set package 'hospital_robot' build argument 'cmake_args' from command line to 'None'
[1.398s] Level 5:colcon.colcon_core.verb:set package 'hospital_robot' build argument 'cmake_target' from command line to 'None'
[1.398s] Level 5:colcon.colcon_core.verb:set package 'hospital_robot' build argument 'cmake_target_skip_unavailable' from command line to 'False'
[1.398s] Level 5:colcon.colcon_core.verb:set package 'hospital_robot' build argument 'cmake_clean_cache' from command line to 'False'
[1.398s] Level 5:colcon.colcon_core.verb:set package 'hospital_robot' build argument 'cmake_clean_first' from command line to 'False'
[1.398s] Level 5:colcon.colcon_core.verb:set package 'hospital_robot' build argument 'cmake_force_configure' from command line to 'False'
[1.398s] Level 5:colcon.colcon_core.verb:set package 'hospital_robot' build argument 'ament_cmake_args' from command line to 'None'
[1.398s] Level 5:colcon.colcon_core.verb:set package 'hospital_robot' build argument 'catkin_cmake_args' from command line to 'None'
[1.398s] Level 5:colcon.colcon_core.verb:set package 'hospital_robot' build argument 'catkin_skip_building_tests' from command line to 'False'
[1.398s] DEBUG:colcon.colcon_core.verb:Building package 'hospital_robot' with the following arguments: {'ament_cmake_args': None, 'build_base': '/home/vikash/Hospital_ws/build/hospital_robot', 'catkin_cmake_args': None, 'catkin_skip_building_tests': False, 'cmake_args': None, 'cmake_clean_cache': False, 'cmake_clean_first': False, 'cmake_force_configure': False, 'cmake_target': None, 'cmake_target_skip_unavailable': False, 'install_base': '/home/vikash/Hospital_ws/install/hospital_robot', 'merge_install': False, 'path': '/home/vikash/Hospital_ws/src/hospital_robot', 'symlink_install': False, 'test_result_base': None}
[1.398s] Level 5:colcon.colcon_core.verb:set package 'hospital_world' build argument 'cmake_args' from command line to 'None'
[1.398s] Level 5:colcon.colcon_core.verb:set package 'hospital_world' build argument 'cmake_target' from command line to 'None'
[1.398s] Level 5:colcon.colcon_core.verb:set package 'hospital_world' build argument 'cmake_target_skip_unavailable' from command line to 'False'
[1.398s] Level 5:colcon.colcon_core.verb:set package 'hospital_world' build argument 'cmake_clean_cache' from command line to 'False'
[1.398s] Level 5:colcon.colcon_core.verb:set package 'hospital_world' build argument 'cmake_clean_first' from command line to 'False'
[1.399s] Level 5:colcon.colcon_core.verb:set package 'hospital_world' build argument 'cmake_force_configure' from command line to 'False'
[1.399s] Level 5:colcon.colcon_core.verb:set package 'hospital_world' build argument 'ament_cmake_args' from command line to 'None'
[1.399s] Level 5:colcon.colcon_core.verb:set package 'hospital_world' build argument 'catkin_cmake_args' from command line to 'None'
[1.399s] Level 5:colcon.colcon_core.verb:set package 'hospital_world' build argument 'catkin_skip_building_tests' from command line to 'False'
[1.399s] DEBUG:colcon.colcon_core.verb:Building package 'hospital_world' with the following arguments: {'ament_cmake_args': None, 'build_base': '/home/vikash/Hospital_ws/build/hospital_world', 'catkin_cmake_args': None, 'catkin_skip_building_tests': False, 'cmake_args': None, 'cmake_clean_cache': False, 'cmake_clean_first': False, 'cmake_force_configure': False, 'cmake_target': None, 'cmake_target_skip_unavailable': False, 'install_base': '/home/vikash/Hospital_ws/install/hospital_world', 'merge_install': False, 'path': '/home/vikash/Hospital_ws/src/hospital_world', 'symlink_install': False, 'test_result_base': None}
[1.399s] INFO:colcon.colcon_core.executor:Executing jobs using 'parallel' executor
[1.400s] DEBUG:colcon.colcon_parallel_executor.executor.parallel:run_until_complete
[1.402s] INFO:colcon.colcon_ros.task.ament_python.build:Building ROS package in '/home/vikash/Hospital_ws/src/hospital_hardware' with build type 'ament_python'
[1.402s] Level 1:colcon.colcon_core.shell:create_environment_hook('hospital_hardware', 'ament_prefix_path')
[1.418s] INFO:colcon.colcon_core.plugin_system:Skipping extension 'colcon_core.shell.bat': Not used on non-Windows systems
[1.418s] INFO:colcon.colcon_core.shell:Creating environment hook '/home/vikash/Hospital_ws/install/hospital_hardware/share/hospital_hardware/hook/ament_prefix_path.ps1'
[1.421s] INFO:colcon.colcon_core.shell:Creating environment descriptor '/home/vikash/Hospital_ws/install/hospital_hardware/share/hospital_hardware/hook/ament_prefix_path.dsv'
[1.423s] INFO:colcon.colcon_core.shell:Creating environment hook '/home/vikash/Hospital_ws/install/hospital_hardware/share/hospital_hardware/hook/ament_prefix_path.sh'
[1.425s] INFO:colcon.colcon_core.shell:Skip shell extension 'powershell' for command environment: Not usable outside of PowerShell
[1.425s] DEBUG:colcon.colcon_core.shell:Skip shell extension 'dsv' for command environment
[1.433s] INFO:colcon.colcon_ros.task.ament_python.build:Building ROS package in '/home/vikash/Hospital_ws/src/hospital_robot' with build type 'ament_python'
[1.433s] Level 1:colcon.colcon_core.shell:create_environment_hook('hospital_robot', 'ament_prefix_path')
[1.433s] INFO:colcon.colcon_core.shell:Creating environment hook '/home/vikash/Hospital_ws/install/hospital_robot/share/hospital_robot/hook/ament_prefix_path.ps1'
[1.434s] INFO:colcon.colcon_core.shell:Creating environment descriptor '/home/vikash/Hospital_ws/install/hospital_robot/share/hospital_robot/hook/ament_prefix_path.dsv'
[1.435s] INFO:colcon.colcon_core.shell:Creating environment hook '/home/vikash/Hospital_ws/install/hospital_robot/share/hospital_robot/hook/ament_prefix_path.sh'
[1.436s] INFO:colcon.colcon_core.shell:Skip shell extension 'powershell' for command environment: Not usable outside of PowerShell
[1.436s] DEBUG:colcon.colcon_core.shell:Skip shell extension 'dsv' for command environment
[1.442s] INFO:colcon.colcon_ros.task.ament_python.build:Building ROS package in '/home/vikash/Hospital_ws/src/hospital_world' with build type 'ament_python'
[1.443s] Level 1:colcon.colcon_core.shell:create_environment_hook('hospital_world', 'ament_prefix_path')
[1.443s] INFO:colcon.colcon_core.shell:Creating environment hook '/home/vikash/Hospital_ws/install/hospital_world/share/hospital_world/hook/ament_prefix_path.ps1'
[1.444s] INFO:colcon.colcon_core.shell:Creating environment descriptor '/home/vikash/Hospital_ws/install/hospital_world/share/hospital_world/hook/ament_prefix_path.dsv'
[1.445s] INFO:colcon.colcon_core.shell:Creating environment hook '/home/vikash/Hospital_ws/install/hospital_world/share/hospital_world/hook/ament_prefix_path.sh'
[1.446s] INFO:colcon.colcon_core.shell:Skip shell extension 'powershell' for command environment: Not usable outside of PowerShell
[1.446s] DEBUG:colcon.colcon_core.shell:Skip shell extension 'dsv' for command environment
[1.796s] INFO:colcon.colcon_core.task.python.build:Building Python package in '/home/vikash/Hospital_ws/src/hospital_hardware'
[1.796s] INFO:colcon.colcon_core.shell:Skip shell extension 'powershell' for command environment: Not usable outside of PowerShell
[1.797s] DEBUG:colcon.colcon_core.shell:Skip shell extension 'dsv' for command environment
[2.146s] INFO:colcon.colcon_core.task.python.build:Building Python package in '/home/vikash/Hospital_ws/src/hospital_robot'
[2.146s] INFO:colcon.colcon_core.shell:Skip shell extension 'powershell' for command environment: Not usable outside of PowerShell
[2.146s] DEBUG:colcon.colcon_core.shell:Skip shell extension 'dsv' for command environment
[2.488s] INFO:colcon.colcon_core.task.python.build:Building Python package in '/home/vikash/Hospital_ws/src/hospital_world'
[2.488s] INFO:colcon.colcon_core.shell:Skip shell extension 'powershell' for command environment: Not usable outside of PowerShell
[2.488s] DEBUG:colcon.colcon_core.shell:Skip shell extension 'dsv' for command environment
[3.414s] DEBUG:colcon.colcon_core.event_handler.log_command:Invoking command in '/home/vikash/Hospital_ws/src/hospital_robot': PYTHONPATH=/home/vikash/Hospital_ws/build/hospital_robot/prefix_override:/usr/lib/python3/dist-packages/colcon_core/task/python/colcon_distutils_commands:/home/vikash/Hospital_ws/install/hospital_robot/lib/python3.10/site-packages:${PYTHONPATH} /usr/bin/python3 -W ignore:setup.py install is deprecated -W ignore:easy_install command is deprecated setup.py egg_info --egg-base ../../build/hospital_robot build --build-base /home/vikash/Hospital_ws/build/hospital_robot/build install --record /home/vikash/Hospital_ws/build/hospital_robot/install.log --single-version-externally-managed install_data
[3.422s] DEBUG:colcon.colcon_core.event_handler.log_command:Invoking command in '/home/vikash/Hospital_ws/src/hospital_world': PYTHONPATH=/home/vikash/Hospital_ws/build/hospital_world/prefix_override:/usr/lib/python3/dist-packages/colcon_core/task/python/colcon_distutils_commands:/home/vikash/Hospital_ws/install/hospital_world/lib/python3.10/site-packages:${PYTHONPATH} /usr/bin/python3 -W ignore:setup.py install is deprecated -W ignore:easy_install command is deprecated setup.py egg_info --egg-base ../../build/hospital_world build --build-base /home/vikash/Hospital_ws/build/hospital_world/build install --record /home/vikash/Hospital_ws/build/hospital_world/install.log --single-version-externally-managed install_data
[3.425s] DEBUG:colcon.colcon_core.event_handler.log_command:Invoking command in '/home/vikash/Hospital_ws/src/hospital_hardware': PYTHONPATH=/home/vikash/Hospital_ws/build/hospital_hardware/prefix_override:/usr/lib/python3/dist-packages/colcon_core/task/python/colcon_distutils_commands:/home/vikash/Hospital_ws/install/hospital_hardware/lib/python3.10/site-packages:${PYTHONPATH} /usr/bin/python3 -W ignore:setup.py install is deprecated -W ignore:easy_install command is deprecated setup.py egg_info --egg-base ../../build/hospital_hardware build --build-base /home/vikash/Hospital_ws/build/hospital_hardware/build install --record /home/vikash/Hospital_ws/build/hospital_hardware/install.log --single-version-externally-managed install_data
[3.838s] DEBUG:colcon.colcon_core.event_handler.log_command:Invoked command in '/home/vikash/Hospital_ws/src/hospital_robot' returned '0': PYTHONPATH=/home/vikash/Hospital_ws/build/hospital_robot/prefix_override:/usr/lib/python3/dist-packages/colcon_core/task/python/colcon_distutils_commands:/home/vikash/Hospital_ws/install/hospital_robot/lib/python3.10/site-packages:${PYTHONPATH} /usr/bin/python3 -W ignore:setup.py install is deprecated -W ignore:easy_install command is deprecated setup.py egg_info --egg-base ../../build/hospital_robot build --build-base /home/vikash/Hospital_ws/build/hospital_robot/build install --record /home/vikash/Hospital_ws/build/hospital_robot/install.log --single-version-externally-managed install_data
[3.857s] Level 1:colcon.colcon_core.environment:checking '/home/vikash/Hospital_ws/install/hospital_robot' for CMake module files
[3.858s] Level 1:colcon.colcon_core.environment:checking '/home/vikash/Hospital_ws/install/hospital_robot' for CMake config files
[3.860s] Level 1:colcon.colcon_core.environment:checking '/home/vikash/Hospital_ws/install/hospital_robot/lib'
[3.860s] Level 1:colcon.colcon_core.environment:checking '/home/vikash/Hospital_ws/install/hospital_robot/bin'
[3.861s] Level 1:colcon.colcon_core.environment:checking '/home/vikash/Hospital_ws/install/hospital_robot/lib/pkgconfig/hospital_robot.pc'
[3.861s] Level 1:colcon.colcon_core.environment:checking '/home/vikash/Hospital_ws/install/hospital_robot/lib/python3.10/site-packages'
[3.861s] Level 1:colcon.colcon_core.shell:create_environment_hook('hospital_robot', 'pythonpath')
[3.861s] INFO:colcon.colcon_core.shell:Creating environment hook '/home/vikash/Hospital_ws/install/hospital_robot/share/hospital_robot/hook/pythonpath.ps1'
[3.863s] INFO:colcon.colcon_core.shell:Creating environment descriptor '/home/vikash/Hospital_ws/install/hospital_robot/share/hospital_robot/hook/pythonpath.dsv'
[3.863s] INFO:colcon.colcon_core.shell:Creating environment hook '/home/vikash/Hospital_ws/install/hospital_robot/share/hospital_robot/hook/pythonpath.sh'
[3.865s] Level 1:colcon.colcon_core.environment:checking '/home/vikash/Hospital_ws/install/hospital_robot/bin'
[3.865s] Level 1:colcon.colcon_core.environment:create_environment_scripts_only(hospital_robot)
[3.865s] INFO:colcon.colcon_core.shell:Creating package script '/home/vikash/Hospital_ws/install/hospital_robot/share/hospital_robot/package.ps1'
[3.868s] INFO:colcon.colcon_core.shell:Creating package descriptor '/home/vikash/Hospital_ws/install/hospital_robot/share/hospital_robot/package.dsv'
[3.869s] INFO:colcon.colcon_core.shell:Creating package script '/home/vikash/Hospital_ws/install/hospital_robot/share/hospital_robot/package.sh'
[3.871s] INFO:colcon.colcon_core.shell:Creating package script '/home/vikash/Hospital_ws/install/hospital_robot/share/hospital_robot/package.bash'
[3.872s] INFO:colcon.colcon_core.shell:Creating package script '/home/vikash/Hospital_ws/install/hospital_robot/share/hospital_robot/package.zsh'
[3.875s] Level 1:colcon.colcon_core.environment:create_file_with_runtime_dependencies(/home/vikash/Hospital_ws/install/hospital_robot/share/colcon-core/packages/hospital_robot)
[3.879s] Level 1:colcon.colcon_core.environment:checking '/home/vikash/Hospital_ws/install/hospital_hardware' for CMake module files
[3.879s] DEBUG:colcon.colcon_core.event_handler.log_command:Invoked command in '/home/vikash/Hospital_ws/src/hospital_hardware' returned '0': PYTHONPATH=/home/vikash/Hospital_ws/build/hospital_hardware/prefix_override:/usr/lib/python3/dist-packages/colcon_core/task/python/colcon_distutils_commands:/home/vikash/Hospital_ws/install/hospital_hardware/lib/python3.10/site-packages:${PYTHONPATH} /usr/bin/python3 -W ignore:setup.py install is deprecated -W ignore:easy_install command is deprecated setup.py egg_info --egg-base ../../build/hospital_hardware build --build-base /home/vikash/Hospital_ws/build/hospital_hardware/build install --record /home/vikash/Hospital_ws/build/hospital_hardware/install.log --single-version-externally-managed install_data
[3.880s] Level 1:colcon.colcon_core.environment:checking '/home/vikash/Hospital_ws/install/hospital_hardware' for CMake config files
[3.881s] Level 1:colcon.colcon_core.environment:checking '/home/vikash/Hospital_ws/install/hospital_hardware/lib'
[3.881s] Level 1:colcon.colcon_core.environment:checking '/home/vikash/Hospital_ws/install/hospital_hardware/bin'
[3.881s] Level 1:colcon.colcon_core.environment:checking '/home/vikash/Hospital_ws/install/hospital_hardware/lib/pkgconfig/hospital_hardware.pc'
[3.882s] Level 1:colcon.colcon_core.environment:checking '/home/vikash/Hospital_ws/install/hospital_hardware/lib/python3.10/site-packages'
[3.882s] Level 1:colcon.colcon_core.shell:create_environment_hook('hospital_hardware', 'pythonpath')
[3.882s] INFO:colcon.colcon_core.shell:Creating environment hook '/home/vikash/Hospital_ws/install/hospital_hardware/share/hospital_hardware/hook/pythonpath.ps1'
[3.883s] INFO:colcon.colcon_core.shell:Creating environment descriptor '/home/vikash/Hospital_ws/install/hospital_hardware/share/hospital_hardware/hook/pythonpath.dsv'
[3.883s] INFO:colcon.colcon_core.shell:Creating environment hook '/home/vikash/Hospital_ws/install/hospital_hardware/share/hospital_hardware/hook/pythonpath.sh'
[3.884s] Level 1:colcon.colcon_core.environment:checking '/home/vikash/Hospital_ws/install/hospital_hardware/bin'
[3.884s] Level 1:colcon.colcon_core.environment:create_environment_scripts_only(hospital_hardware)
[3.884s] INFO:colcon.colcon_core.shell:Creating package script '/home/vikash/Hospital_ws/install/hospital_hardware/share/hospital_hardware/package.ps1'
[3.885s] INFO:colcon.colcon_core.shell:Creating package descriptor '/home/vikash/Hospital_ws/install/hospital_hardware/share/hospital_hardware/package.dsv'
[3.886s] INFO:colcon.colcon_core.shell:Creating package script '/home/vikash/Hospital_ws/install/hospital_hardware/share/hospital_hardware/package.sh'
[3.886s] INFO:colcon.colcon_core.shell:Creating package script '/home/vikash/Hospital_ws/install/hospital_hardware/share/hospital_hardware/package.bash'
[3.887s] INFO:colcon.colcon_core.shell:Creating package script '/home/vikash/Hospital_ws/install/hospital_hardware/share/hospital_hardware/package.zsh'
[3.887s] Level 1:colcon.colcon_core.environment:create_file_with_runtime_dependencies(/home/vikash/Hospital_ws/install/hospital_hardware/share/colcon-core/packages/hospital_hardware)
[3.888s] Level 1:colcon.colcon_core.environment:checking '/home/vikash/Hospital_ws/install/hospital_world' for CMake module files
[3.890s] DEBUG:colcon.colcon_core.event_handler.log_command:Invoked command in '/home/vikash/Hospital_ws/src/hospital_world' returned '0': PYTHONPATH=/home/vikash/Hospital_ws/build/hospital_world/prefix_override:/usr/lib/python3/dist-packages/colcon_core/task/python/colcon_distutils_commands:/home/vikash/Hospital_ws/install/hospital_world/lib/python3.10/site-packages:${PYTHONPATH} /usr/bin/python3 -W ignore:setup.py install is deprecated -W ignore:easy_install command is deprecated setup.py egg_info --egg-base ../../build/hospital_world build --build-base /home/vikash/Hospital_ws/build/hospital_world/build install --record /home/vikash/Hospital_ws/build/hospital_world/install.log --single-version-externally-managed install_data
[3.890s] Level 1:colcon.colcon_core.environment:checking '/home/vikash/Hospital_ws/install/hospital_world' for CMake config files
[3.893s] Level 1:colcon.colcon_core.environment:checking '/home/vikash/Hospital_ws/install/hospital_world/lib'
[3.893s] Level 1:colcon.colcon_core.environment:checking '/home/vikash/Hospital_ws/install/hospital_world/bin'
[3.893s] Level 1:colcon.colcon_core.environment:checking '/home/vikash/Hospital_ws/install/hospital_world/lib/pkgconfig/hospital_world.pc'
[3.893s] Level 1:colcon.colcon_core.environment:checking '/home/vikash/Hospital_ws/install/hospital_world/lib/python3.10/site-packages'
[3.893s] Level 1:colcon.colcon_core.shell:create_environment_hook('hospital_world', 'pythonpath')
[3.893s] INFO:colcon.colcon_core.shell:Creating environment hook '/home/vikash/Hospital_ws/install/hospital_world/share/hospital_world/hook/pythonpath.ps1'
[3.894s] INFO:colcon.colcon_core.shell:Creating environment descriptor '/home/vikash/Hospital_ws/install/hospital_world/share/hospital_world/hook/pythonpath.dsv'
[3.895s] INFO:colcon.colcon_core.shell:Creating environment hook '/home/vikash/Hospital_ws/install/hospital_world/share/hospital_world/hook/pythonpath.sh'
[3.896s] Level 1:colcon.colcon_core.environment:checking '/home/vikash/Hospital_ws/install/hospital_world/bin'
[3.896s] Level 1:colcon.colcon_core.environment:create_environment_scripts_only(hospital_world)
[3.896s] INFO:colcon.colcon_core.shell:Creating package script '/home/vikash/Hospital_ws/install/hospital_world/share/hospital_world/package.ps1'
[3.897s] INFO:colcon.colcon_core.shell:Creating package descriptor '/home/vikash/Hospital_ws/install/hospital_world/share/hospital_world/package.dsv'
[3.897s] INFO:colcon.colcon_core.shell:Creating package script '/home/vikash/Hospital_ws/install/hospital_world/share/hospital_world/package.sh'
[3.898s] INFO:colcon.colcon_core.shell:Creating package script '/home/vikash/Hospital_ws/install/hospital_world/share/hospital_world/package.bash'
[3.898s] INFO:colcon.colcon_core.shell:Creating package script '/home/vikash/Hospital_ws/install/hospital_world/share/hospital_world/package.zsh'
[3.899s] Level 1:colcon.colcon_core.environment:create_file_with_runtime_dependencies(/home/vikash/Hospital_ws/install/hospital_world/share/colcon-core/packages/hospital_world)
[3.899s] DEBUG:colcon.colcon_parallel_executor.executor.parallel:closing loop
[3.900s] DEBUG:colcon.colcon_parallel_executor.executor.parallel:loop closed
[3.900s] DEBUG:colcon.colcon_parallel_executor.executor.parallel:run_until_complete finished with '0'
[3.900s] DEBUG:colcon.colcon_core.event_reactor:joining thread
[3.912s] INFO:colcon.colcon_core.plugin_system:Skipping extension 'colcon_notification.desktop_notification.terminal_notifier': Not used on non-Darwin systems
[3.912s] INFO:colcon.colcon_core.plugin_system:Skipping extension 'colcon_notification.desktop_notification.win32': Not used on non-Windows systems
[3.912s] INFO:colcon.colcon_notification.desktop_notification:Sending desktop notification using 'notify2'
[3.931s] DEBUG:colcon.colcon_core.event_reactor:joined thread
[3.931s] INFO:colcon.colcon_core.shell:Creating prefix script '/home/vikash/Hospital_ws/install/local_setup.ps1'
[3.933s] INFO:colcon.colcon_core.shell:Creating prefix util module '/home/vikash/Hospital_ws/install/_local_setup_util_ps1.py'
[3.936s] INFO:colcon.colcon_core.shell:Creating prefix chain script '/home/vikash/Hospital_ws/install/setup.ps1'
[3.938s] INFO:colcon.colcon_core.shell:Creating prefix script '/home/vikash/Hospital_ws/install/local_setup.sh'
[3.939s] INFO:colcon.colcon_core.shell:Creating prefix util module '/home/vikash/Hospital_ws/install/_local_setup_util_sh.py'
[3.940s] INFO:colcon.colcon_core.shell:Creating prefix chain script '/home/vikash/Hospital_ws/install/setup.sh'
[3.942s] INFO:colcon.colcon_core.shell:Creating prefix script '/home/vikash/Hospital_ws/install/local_setup.bash'
[3.943s] INFO:colcon.colcon_core.shell:Creating prefix chain script '/home/vikash/Hospital_ws/install/setup.bash'
[3.945s] INFO:colcon.colcon_core.shell:Creating prefix script '/home/vikash/Hospital_ws/install/local_setup.zsh'
[3.947s] INFO:colcon.colcon_core.shell:Creating prefix chain script '/home/vikash/Hospital_ws/install/setup.zsh'
