[2.290s] Invoking command in '/home/pi5/hospital/src/hospital_robot': DEBUGINFOD_URLS=https://debuginfod.ubuntu.com PYTHONPATH=/home/pi5/hospital/build/hospital_robot/prefix_override:/usr/lib/python3/dist-packages/colcon_core/task/python/colcon_distutils_commands:/home/pi5/hospital/install/hospital_robot/lib/python3.12/site-packages:${PYTHONPATH} /usr/bin/python3 -W ignore:setup.py install is deprecated -W ignore:easy_install command is deprecated setup.py egg_info --egg-base ../../build/hospital_robot build --build-base /home/pi5/hospital/build/hospital_robot/build install --record /home/pi5/hospital/build/hospital_robot/install.log --single-version-externally-managed install_data
[2.724s] running egg_info
[2.752s] writing ../../build/hospital_robot/hospital_robot.egg-info/PKG-INFO
[2.752s] writing dependency_links to ../../build/hospital_robot/hospital_robot.egg-info/dependency_links.txt
[2.755s] writing entry points to ../../build/hospital_robot/hospital_robot.egg-info/entry_points.txt
[2.756s] writing requirements to ../../build/hospital_robot/hospital_robot.egg-info/requires.txt
[2.756s] writing top-level names to ../../build/hospital_robot/hospital_robot.egg-info/top_level.txt
[2.819s] reading manifest file '../../build/hospital_robot/hospital_robot.egg-info/SOURCES.txt'
[2.820s] writing manifest file '../../build/hospital_robot/hospital_robot.egg-info/SOURCES.txt'
[2.820s] running build
[2.821s] running build_py
[2.821s] running install
[2.831s] running install_lib
[2.859s] running install_data
[2.859s] running install_egg_info
[2.892s] removing '/home/pi5/hospital/install/hospital_robot/lib/python3.12/site-packages/hospital_robot-0.0.0-py3.12.egg-info' (and everything under it)
[2.894s] Copying ../../build/hospital_robot/hospital_robot.egg-info to /home/pi5/hospital/install/hospital_robot/lib/python3.12/site-packages/hospital_robot-0.0.0-py3.12.egg-info
[2.894s] running install_scripts
[3.101s] Installing move_robot script to /home/pi5/hospital/install/hospital_robot/lib/hospital_robot
[3.103s] Installing odomm script to /home/pi5/hospital/install/hospital_robot/lib/hospital_robot
[3.104s] writing list of installed files to '/home/pi5/hospital/build/hospital_robot/install.log'
[3.239s] Invoked command in '/home/pi5/hospital/src/hospital_robot' returned '0': DEBUGINFOD_URLS=https://debuginfod.ubuntu.com PYTHONPATH=/home/pi5/hospital/build/hospital_robot/prefix_override:/usr/lib/python3/dist-packages/colcon_core/task/python/colcon_distutils_commands:/home/pi5/hospital/install/hospital_robot/lib/python3.12/site-packages:${PYTHONPATH} /usr/bin/python3 -W ignore:setup.py install is deprecated -W ignore:easy_install command is deprecated setup.py egg_info --egg-base ../../build/hospital_robot build --build-base /home/pi5/hospital/build/hospital_robot/build install --record /home/pi5/hospital/build/hospital_robot/install.log --single-version-externally-managed install_data
