running egg_info
writing ../../build/hospital_world/hospital_world.egg-info/PKG-INFO
writing dependency_links to ../../build/hospital_world/hospital_world.egg-info/dependency_links.txt
writing entry points to ../../build/hospital_world/hospital_world.egg-info/entry_points.txt
writing requirements to ../../build/hospital_world/hospital_world.egg-info/requires.txt
writing top-level names to ../../build/hospital_world/hospital_world.egg-info/top_level.txt
reading manifest file '../../build/hospital_world/hospital_world.egg-info/SOURCES.txt'
writing manifest file '../../build/hospital_world/hospital_world.egg-info/SOURCES.txt'
running build
running build_py
running install
running install_lib
running install_data
creating /home/vikash/Hospital_ws/install/hospital_world/share/hospital_world/config
copying config/mapper_params_online_async.yaml -> /home/vikash/Hospital_ws/install/hospital_world/share/hospital_world/config
running install_egg_info
removing '/home/vikash/Hospital_ws/install/hospital_world/lib/python3.10/site-packages/hospital_world-0.0.0-py3.10.egg-info' (and everything under it)
Copying ../../build/hospital_world/hospital_world.egg-info to /home/vikash/Hospital_ws/install/hospital_world/lib/python3.10/site-packages/hospital_world-0.0.0-py3.10.egg-info
running install_scripts
writing list of installed files to '/home/vikash/Hospital_ws/build/hospital_world/install.log'
