[1.528s] Invoking command in '/home/vikash/Hospital_ws/src/hospital_world': PYTHONPATH=/home/vikash/Hospital_ws/build/hospital_world/prefix_override:/usr/lib/python3/dist-packages/colcon_core/task/python/colcon_distutils_commands:/home/vikash/Hospital_ws/install/hospital_world/lib/python3.10/site-packages:${PYTHONPATH} /usr/bin/python3 -W ignore:setup.py install is deprecated -W ignore:easy_install command is deprecated setup.py egg_info --egg-base ../../build/hospital_world build --build-base /home/vikash/Hospital_ws/build/hospital_world/build install --record /home/vikash/Hospital_ws/build/hospital_world/install.log --single-version-externally-managed install_data
[1.894s] running egg_info
[1.895s] writing ../../build/hospital_world/hospital_world.egg-info/PKG-INFO
[1.897s] writing dependency_links to ../../build/hospital_world/hospital_world.egg-info/dependency_links.txt
[1.897s] writing entry points to ../../build/hospital_world/hospital_world.egg-info/entry_points.txt
[1.897s] writing requirements to ../../build/hospital_world/hospital_world.egg-info/requires.txt
[1.897s] writing top-level names to ../../build/hospital_world/hospital_world.egg-info/top_level.txt
[1.902s] reading manifest file '../../build/hospital_world/hospital_world.egg-info/SOURCES.txt'
[1.905s] writing manifest file '../../build/hospital_world/hospital_world.egg-info/SOURCES.txt'
[1.905s] running build
[1.905s] running build_py
[1.910s] running install
[1.910s] running install_lib
[1.911s] running install_data
[1.911s] creating /home/vikash/Hospital_ws/install/hospital_world/share/hospital_world/config
[1.912s] copying config/mapper_params_online_async.yaml -> /home/vikash/Hospital_ws/install/hospital_world/share/hospital_world/config
[1.912s] running install_egg_info
[1.920s] removing '/home/vikash/Hospital_ws/install/hospital_world/lib/python3.10/site-packages/hospital_world-0.0.0-py3.10.egg-info' (and everything under it)
[1.921s] Copying ../../build/hospital_world/hospital_world.egg-info to /home/vikash/Hospital_ws/install/hospital_world/lib/python3.10/site-packages/hospital_world-0.0.0-py3.10.egg-info
[1.922s] running install_scripts
[1.968s] writing list of installed files to '/home/vikash/Hospital_ws/build/hospital_world/install.log'
[2.041s] Invoked command in '/home/vikash/Hospital_ws/src/hospital_world' returned '0': PYTHONPATH=/home/vikash/Hospital_ws/build/hospital_world/prefix_override:/usr/lib/python3/dist-packages/colcon_core/task/python/colcon_distutils_commands:/home/vikash/Hospital_ws/install/hospital_world/lib/python3.10/site-packages:${PYTHONPATH} /usr/bin/python3 -W ignore:setup.py install is deprecated -W ignore:easy_install command is deprecated setup.py egg_info --egg-base ../../build/hospital_world build --build-base /home/vikash/Hospital_ws/build/hospital_world/build install --record /home/vikash/Hospital_ws/build/hospital_world/install.log --single-version-externally-managed install_data
