[2.413s] Invoking command in '/home/pi5/HOSPITAL_WS/src/hospital_hardware': DEBUGINFOD_URLS=https://debuginfod.ubuntu.com PYTHONPATH=/home/pi5/HOSPITAL_WS/build/hospital_hardware/prefix_override:/usr/lib/python3/dist-packages/colcon_core/task/python/colcon_distutils_commands:/home/pi5/HOSPITAL_WS/install/hospital_hardware/lib/python3.12/site-packages:${PYTHONPATH} /usr/bin/python3 -W ignore:setup.py install is deprecated -W ignore:easy_install command is deprecated setup.py egg_info --egg-base ../../build/hospital_hardware build --build-base /home/pi5/HOSPITAL_WS/build/hospital_hardware/build install --record /home/pi5/HOSPITAL_WS/build/hospital_hardware/install.log --single-version-externally-managed install_data
[2.892s] running egg_info
[2.920s] writing ../../build/hospital_hardware/hospital_hardware.egg-info/PKG-INFO
[2.920s] writing dependency_links to ../../build/hospital_hardware/hospital_hardware.egg-info/dependency_links.txt
[2.941s] writing entry points to ../../build/hospital_hardware/hospital_hardware.egg-info/entry_points.txt
[2.942s] writing requirements to ../../build/hospital_hardware/hospital_hardware.egg-info/requires.txt
[2.942s] writing top-level names to ../../build/hospital_hardware/hospital_hardware.egg-info/top_level.txt
[3.004s] reading manifest file '../../build/hospital_hardware/hospital_hardware.egg-info/SOURCES.txt'
[3.005s] writing manifest file '../../build/hospital_hardware/hospital_hardware.egg-info/SOURCES.txt'
[3.005s] running build
[3.005s] running build_py
[3.005s] running install
[3.015s] running install_lib
[3.049s] running install_data
[3.049s] copying urdf/robot.urdf -> /home/pi5/HOSPITAL_WS/install/hospital_hardware/share/hospital_hardware/urdf
[3.049s] running install_egg_info
[3.085s] removing '/home/pi5/HOSPITAL_WS/install/hospital_hardware/lib/python3.12/site-packages/hospital_hardware-0.0.0-py3.12.egg-info' (and everything under it)
[3.086s] Copying ../../build/hospital_hardware/hospital_hardware.egg-info to /home/pi5/HOSPITAL_WS/install/hospital_hardware/lib/python3.12/site-packages/hospital_hardware-0.0.0-py3.12.egg-info
[3.087s] running install_scripts
[3.321s] Installing motor_control script to /home/pi5/HOSPITAL_WS/install/hospital_hardware/lib/hospital_hardware
[3.322s] Installing motor_control_with_encoder script to /home/pi5/HOSPITAL_WS/install/hospital_hardware/lib/hospital_hardware
[3.322s] writing list of installed files to '/home/pi5/HOSPITAL_WS/build/hospital_hardware/install.log'
[3.490s] Invoked command in '/home/pi5/HOSPITAL_WS/src/hospital_hardware' returned '0': DEBUGINFOD_URLS=https://debuginfod.ubuntu.com PYTHONPATH=/home/pi5/HOSPITAL_WS/build/hospital_hardware/prefix_override:/usr/lib/python3/dist-packages/colcon_core/task/python/colcon_distutils_commands:/home/pi5/HOSPITAL_WS/install/hospital_hardware/lib/python3.12/site-packages:${PYTHONPATH} /usr/bin/python3 -W ignore:setup.py install is deprecated -W ignore:easy_install command is deprecated setup.py egg_info --egg-base ../../build/hospital_hardware build --build-base /home/pi5/HOSPITAL_WS/build/hospital_hardware/build install --record /home/pi5/HOSPITAL_WS/build/hospital_hardware/install.log --single-version-externally-managed install_data
