[0.147s] DEBUG:colcon:Command line arguments: ['/usr/bin/colcon', 'build']
[0.148s] DEBUG:colcon:Parsed command line arguments: Namespace(log_base=None, log_level=None, verb_name='build', build_base='build', install_base='install', merge_install=False, symlink_install=False, test_result_base=None, continue_on_error=False, executor='parallel', parallel_workers=4, event_handlers=None, ignore_user_meta=False, metas=['./colcon.meta'], base_paths=['.'], packages_ignore=None, packages_ignore_regex=None, paths=None, packages_up_to=None, packages_up_to_regex=None, packages_above=None, packages_above_and_dependencies=None, packages_above_depth=None, packages_select_by_dep=None, packages_skip_by_dep=None, packages_skip_up_to=None, packages_select_build_failed=False, packages_skip_build_finished=False, packages_select_test_failures=False, packages_skip_test_passed=False, packages_select=None, packages_skip=None, packages_select_regex=None, packages_skip_regex=None, packages_start=None, packages_end=None, allow_overriding=[], cmake_args=None, cmake_target=None, cmake_target_skip_unavailable=False, cmake_clean_cache=False, cmake_clean_first=False, cmake_force_configure=False, ament_cmake_args=None, catkin_cmake_args=None, catkin_skip_building_tests=False, mixin_files=None, mixin=None, verb_parser=<colcon_mixin.mixin.mixin_argument.MixinArgumentDecorator object at 0xffff83eb7e90>, verb_extension=<colcon_core.verb.build.BuildVerb object at 0xffff8409c470>, main=<bound method BuildVerb.main of <colcon_core.verb.build.BuildVerb object at 0xffff8409c470>>, mixin_verb=('build',))
[0.204s] Level 1:colcon.colcon_core.package_discovery:discover_packages(colcon_meta) check parameters
[0.204s] Level 1:colcon.colcon_core.package_discovery:discover_packages(recursive) check parameters
[0.204s] Level 1:colcon.colcon_core.package_discovery:discover_packages(ignore) check parameters
[0.204s] Level 1:colcon.colcon_core.package_discovery:discover_packages(path) check parameters
[0.204s] Level 1:colcon.colcon_core.package_discovery:discover_packages(colcon_meta) discover
[0.204s] Level 1:colcon.colcon_core.package_discovery:discover_packages(recursive) discover
[0.204s] INFO:colcon.colcon_core.package_discovery:Crawling recursively for packages in '/home/pi5/hospital'
[0.205s] Level 1:colcon.colcon_core.package_identification:_identify(.) by extensions ['ignore', 'ignore_ament_install']
[0.205s] Level 1:colcon.colcon_core.package_identification:_identify(.) by extension 'ignore'
[0.205s] Level 1:colcon.colcon_core.package_identification:_identify(.) by extension 'ignore_ament_install'
[0.205s] Level 1:colcon.colcon_core.package_identification:_identify(.) by extensions ['colcon_pkg']
[0.205s] Level 1:colcon.colcon_core.package_identification:_identify(.) by extension 'colcon_pkg'
[0.205s] Level 1:colcon.colcon_core.package_identification:_identify(.) by extensions ['colcon_meta']
[0.205s] Level 1:colcon.colcon_core.package_identification:_identify(.) by extension 'colcon_meta'
[0.205s] Level 1:colcon.colcon_core.package_identification:_identify(.) by extensions ['ros']
[0.205s] Level 1:colcon.colcon_core.package_identification:_identify(.) by extension 'ros'
[0.243s] Level 1:colcon.colcon_core.package_identification:_identify(.) by extensions ['cmake', 'python']
[0.243s] Level 1:colcon.colcon_core.package_identification:_identify(.) by extension 'cmake'
[0.243s] Level 1:colcon.colcon_core.package_identification:_identify(.) by extension 'python'
[0.243s] Level 1:colcon.colcon_core.package_identification:_identify(.) by extensions ['python_setup_py']
[0.243s] Level 1:colcon.colcon_core.package_identification:_identify(.) by extension 'python_setup_py'
[0.243s] Level 1:colcon.colcon_core.package_identification:_identify(build) by extensions ['ignore', 'ignore_ament_install']
[0.243s] Level 1:colcon.colcon_core.package_identification:_identify(build) by extension 'ignore'
[0.243s] Level 1:colcon.colcon_core.package_identification:_identify(build) ignored
[0.243s] Level 1:colcon.colcon_core.package_identification:_identify(install) by extensions ['ignore', 'ignore_ament_install']
[0.243s] Level 1:colcon.colcon_core.package_identification:_identify(install) by extension 'ignore'
[0.243s] Level 1:colcon.colcon_core.package_identification:_identify(install) ignored
[0.244s] Level 1:colcon.colcon_core.package_identification:_identify(log) by extensions ['ignore', 'ignore_ament_install']
[0.244s] Level 1:colcon.colcon_core.package_identification:_identify(log) by extension 'ignore'
[0.244s] Level 1:colcon.colcon_core.package_identification:_identify(log) ignored
[0.244s] Level 1:colcon.colcon_core.package_identification:_identify(src) by extensions ['ignore', 'ignore_ament_install']
[0.244s] Level 1:colcon.colcon_core.package_identification:_identify(src) by extension 'ignore'
[0.244s] Level 1:colcon.colcon_core.package_identification:_identify(src) by extension 'ignore_ament_install'
[0.244s] Level 1:colcon.colcon_core.package_identification:_identify(src) by extensions ['colcon_pkg']
[0.244s] Level 1:colcon.colcon_core.package_identification:_identify(src) by extension 'colcon_pkg'
[0.244s] Level 1:colcon.colcon_core.package_identification:_identify(src) by extensions ['colcon_meta']
[0.244s] Level 1:colcon.colcon_core.package_identification:_identify(src) by extension 'colcon_meta'
[0.244s] Level 1:colcon.colcon_core.package_identification:_identify(src) by extensions ['ros']
[0.244s] Level 1:colcon.colcon_core.package_identification:_identify(src) by extension 'ros'
[0.244s] Level 1:colcon.colcon_core.package_identification:_identify(src) by extensions ['cmake', 'python']
[0.244s] Level 1:colcon.colcon_core.package_identification:_identify(src) by extension 'cmake'
[0.244s] Level 1:colcon.colcon_core.package_identification:_identify(src) by extension 'python'
[0.244s] Level 1:colcon.colcon_core.package_identification:_identify(src) by extensions ['python_setup_py']
[0.244s] Level 1:colcon.colcon_core.package_identification:_identify(src) by extension 'python_setup_py'
[0.245s] Level 1:colcon.colcon_core.package_identification:_identify(src/hospital_hardware) by extensions ['ignore', 'ignore_ament_install']
[0.245s] Level 1:colcon.colcon_core.package_identification:_identify(src/hospital_hardware) by extension 'ignore'
[0.245s] Level 1:colcon.colcon_core.package_identification:_identify(src/hospital_hardware) by extension 'ignore_ament_install'
[0.245s] Level 1:colcon.colcon_core.package_identification:_identify(src/hospital_hardware) by extensions ['colcon_pkg']
[0.245s] Level 1:colcon.colcon_core.package_identification:_identify(src/hospital_hardware) by extension 'colcon_pkg'
[0.245s] Level 1:colcon.colcon_core.package_identification:_identify(src/hospital_hardware) by extensions ['colcon_meta']
[0.245s] Level 1:colcon.colcon_core.package_identification:_identify(src/hospital_hardware) by extension 'colcon_meta'
[0.245s] Level 1:colcon.colcon_core.package_identification:_identify(src/hospital_hardware) by extensions ['ros']
[0.245s] Level 1:colcon.colcon_core.package_identification:_identify(src/hospital_hardware) by extension 'ros'
[0.248s] DEBUG:colcon.colcon_core.package_identification:Package 'src/hospital_hardware' with type 'ros.ament_python' and name 'hospital_hardware'
[0.248s] Level 1:colcon.colcon_core.package_identification:_identify(src/hospital_robot) by extensions ['ignore', 'ignore_ament_install']
[0.249s] Level 1:colcon.colcon_core.package_identification:_identify(src/hospital_robot) by extension 'ignore'
[0.249s] Level 1:colcon.colcon_core.package_identification:_identify(src/hospital_robot) by extension 'ignore_ament_install'
[0.249s] Level 1:colcon.colcon_core.package_identification:_identify(src/hospital_robot) by extensions ['colcon_pkg']
[0.249s] Level 1:colcon.colcon_core.package_identification:_identify(src/hospital_robot) by extension 'colcon_pkg'
[0.249s] Level 1:colcon.colcon_core.package_identification:_identify(src/hospital_robot) by extensions ['colcon_meta']
[0.249s] Level 1:colcon.colcon_core.package_identification:_identify(src/hospital_robot) by extension 'colcon_meta'
[0.249s] Level 1:colcon.colcon_core.package_identification:_identify(src/hospital_robot) by extensions ['ros']
[0.249s] Level 1:colcon.colcon_core.package_identification:_identify(src/hospital_robot) by extension 'ros'
[0.250s] DEBUG:colcon.colcon_core.package_identification:Package 'src/hospital_robot' with type 'ros.ament_python' and name 'hospital_robot'
[0.250s] Level 1:colcon.colcon_core.package_identification:_identify(src/hospital_world) by extensions ['ignore', 'ignore_ament_install']
[0.250s] Level 1:colcon.colcon_core.package_identification:_identify(src/hospital_world) by extension 'ignore'
[0.250s] Level 1:colcon.colcon_core.package_identification:_identify(src/hospital_world) by extension 'ignore_ament_install'
[0.250s] Level 1:colcon.colcon_core.package_identification:_identify(src/hospital_world) by extensions ['colcon_pkg']
[0.250s] Level 1:colcon.colcon_core.package_identification:_identify(src/hospital_world) by extension 'colcon_pkg'
[0.250s] Level 1:colcon.colcon_core.package_identification:_identify(src/hospital_world) by extensions ['colcon_meta']
[0.250s] Level 1:colcon.colcon_core.package_identification:_identify(src/hospital_world) by extension 'colcon_meta'
[0.250s] Level 1:colcon.colcon_core.package_identification:_identify(src/hospital_world) by extensions ['ros']
[0.250s] Level 1:colcon.colcon_core.package_identification:_identify(src/hospital_world) by extension 'ros'
[0.251s] DEBUG:colcon.colcon_core.package_identification:Package 'src/hospital_world' with type 'ros.ament_python' and name 'hospital_world'
[0.252s] Level 1:colcon.colcon_core.package_identification:_identify(src/sllidar_ros2) by extensions ['ignore', 'ignore_ament_install']
[0.252s] Level 1:colcon.colcon_core.package_identification:_identify(src/sllidar_ros2) by extension 'ignore'
[0.252s] Level 1:colcon.colcon_core.package_identification:_identify(src/sllidar_ros2) by extension 'ignore_ament_install'
[0.252s] Level 1:colcon.colcon_core.package_identification:_identify(src/sllidar_ros2) by extensions ['colcon_pkg']
[0.252s] Level 1:colcon.colcon_core.package_identification:_identify(src/sllidar_ros2) by extension 'colcon_pkg'
[0.252s] Level 1:colcon.colcon_core.package_identification:_identify(src/sllidar_ros2) by extensions ['colcon_meta']
[0.252s] Level 1:colcon.colcon_core.package_identification:_identify(src/sllidar_ros2) by extension 'colcon_meta'
[0.252s] Level 1:colcon.colcon_core.package_identification:_identify(src/sllidar_ros2) by extensions ['ros']
[0.252s] Level 1:colcon.colcon_core.package_identification:_identify(src/sllidar_ros2) by extension 'ros'
[0.253s] DEBUG:colcon.colcon_core.package_identification:Package 'src/sllidar_ros2' with type 'ros.ament_cmake' and name 'sllidar_ros2'
[0.253s] Level 1:colcon.colcon_core.package_discovery:discover_packages(recursive) using defaults
[0.253s] Level 1:colcon.colcon_core.package_discovery:discover_packages(ignore) discover
[0.253s] Level 1:colcon.colcon_core.package_discovery:discover_packages(ignore) using defaults
[0.253s] Level 1:colcon.colcon_core.package_discovery:discover_packages(path) discover
[0.253s] Level 1:colcon.colcon_core.package_discovery:discover_packages(path) using defaults
[0.279s] Level 1:colcon.colcon_core.package_discovery:discover_packages(prefix_path) check parameters
[0.279s] Level 1:colcon.colcon_core.package_discovery:discover_packages(prefix_path) discover
[0.282s] DEBUG:colcon.colcon_installed_package_information.package_discovery:Found 1 installed packages in /home/pi5/lidar/install
[0.282s] DEBUG:colcon.colcon_installed_package_information.package_discovery:Found 4 installed packages in /home/pi5/HOSPITAL_WS/install
[0.285s] DEBUG:colcon.colcon_installed_package_information.package_discovery:Found 376 installed packages in /opt/ros/jazzy
[0.288s] Level 1:colcon.colcon_core.package_discovery:discover_packages(prefix_path) using defaults
[0.361s] Level 5:colcon.colcon_core.verb:set package 'hospital_hardware' build argument 'cmake_args' from command line to 'None'
[0.361s] Level 5:colcon.colcon_core.verb:set package 'hospital_hardware' build argument 'cmake_target' from command line to 'None'
[0.361s] Level 5:colcon.colcon_core.verb:set package 'hospital_hardware' build argument 'cmake_target_skip_unavailable' from command line to 'False'
[0.361s] Level 5:colcon.colcon_core.verb:set package 'hospital_hardware' build argument 'cmake_clean_cache' from command line to 'False'
[0.361s] Level 5:colcon.colcon_core.verb:set package 'hospital_hardware' build argument 'cmake_clean_first' from command line to 'False'
[0.361s] Level 5:colcon.colcon_core.verb:set package 'hospital_hardware' build argument 'cmake_force_configure' from command line to 'False'
[0.361s] Level 5:colcon.colcon_core.verb:set package 'hospital_hardware' build argument 'ament_cmake_args' from command line to 'None'
[0.361s] Level 5:colcon.colcon_core.verb:set package 'hospital_hardware' build argument 'catkin_cmake_args' from command line to 'None'
[0.361s] Level 5:colcon.colcon_core.verb:set package 'hospital_hardware' build argument 'catkin_skip_building_tests' from command line to 'False'
[0.361s] DEBUG:colcon.colcon_core.verb:Building package 'hospital_hardware' with the following arguments: {'ament_cmake_args': None, 'build_base': '/home/pi5/hospital/build/hospital_hardware', 'catkin_cmake_args': None, 'catkin_skip_building_tests': False, 'cmake_args': None, 'cmake_clean_cache': False, 'cmake_clean_first': False, 'cmake_force_configure': False, 'cmake_target': None, 'cmake_target_skip_unavailable': False, 'install_base': '/home/pi5/hospital/install/hospital_hardware', 'merge_install': False, 'path': '/home/pi5/hospital/src/hospital_hardware', 'symlink_install': False, 'test_result_base': None}
[0.362s] Level 5:colcon.colcon_core.verb:set package 'hospital_robot' build argument 'cmake_args' from command line to 'None'
[0.362s] Level 5:colcon.colcon_core.verb:set package 'hospital_robot' build argument 'cmake_target' from command line to 'None'
[0.362s] Level 5:colcon.colcon_core.verb:set package 'hospital_robot' build argument 'cmake_target_skip_unavailable' from command line to 'False'
[0.362s] Level 5:colcon.colcon_core.verb:set package 'hospital_robot' build argument 'cmake_clean_cache' from command line to 'False'
[0.362s] Level 5:colcon.colcon_core.verb:set package 'hospital_robot' build argument 'cmake_clean_first' from command line to 'False'
[0.362s] Level 5:colcon.colcon_core.verb:set package 'hospital_robot' build argument 'cmake_force_configure' from command line to 'False'
[0.362s] Level 5:colcon.colcon_core.verb:set package 'hospital_robot' build argument 'ament_cmake_args' from command line to 'None'
[0.362s] Level 5:colcon.colcon_core.verb:set package 'hospital_robot' build argument 'catkin_cmake_args' from command line to 'None'
[0.362s] Level 5:colcon.colcon_core.verb:set package 'hospital_robot' build argument 'catkin_skip_building_tests' from command line to 'False'
[0.362s] DEBUG:colcon.colcon_core.verb:Building package 'hospital_robot' with the following arguments: {'ament_cmake_args': None, 'build_base': '/home/pi5/hospital/build/hospital_robot', 'catkin_cmake_args': None, 'catkin_skip_building_tests': False, 'cmake_args': None, 'cmake_clean_cache': False, 'cmake_clean_first': False, 'cmake_force_configure': False, 'cmake_target': None, 'cmake_target_skip_unavailable': False, 'install_base': '/home/pi5/hospital/install/hospital_robot', 'merge_install': False, 'path': '/home/pi5/hospital/src/hospital_robot', 'symlink_install': False, 'test_result_base': None}
[0.362s] Level 5:colcon.colcon_core.verb:set package 'hospital_world' build argument 'cmake_args' from command line to 'None'
[0.362s] Level 5:colcon.colcon_core.verb:set package 'hospital_world' build argument 'cmake_target' from command line to 'None'
[0.362s] Level 5:colcon.colcon_core.verb:set package 'hospital_world' build argument 'cmake_target_skip_unavailable' from command line to 'False'
[0.362s] Level 5:colcon.colcon_core.verb:set package 'hospital_world' build argument 'cmake_clean_cache' from command line to 'False'
[0.362s] Level 5:colcon.colcon_core.verb:set package 'hospital_world' build argument 'cmake_clean_first' from command line to 'False'
[0.362s] Level 5:colcon.colcon_core.verb:set package 'hospital_world' build argument 'cmake_force_configure' from command line to 'False'
[0.362s] Level 5:colcon.colcon_core.verb:set package 'hospital_world' build argument 'ament_cmake_args' from command line to 'None'
[0.362s] Level 5:colcon.colcon_core.verb:set package 'hospital_world' build argument 'catkin_cmake_args' from command line to 'None'
[0.362s] Level 5:colcon.colcon_core.verb:set package 'hospital_world' build argument 'catkin_skip_building_tests' from command line to 'False'
[0.362s] DEBUG:colcon.colcon_core.verb:Building package 'hospital_world' with the following arguments: {'ament_cmake_args': None, 'build_base': '/home/pi5/hospital/build/hospital_world', 'catkin_cmake_args': None, 'catkin_skip_building_tests': False, 'cmake_args': None, 'cmake_clean_cache': False, 'cmake_clean_first': False, 'cmake_force_configure': False, 'cmake_target': None, 'cmake_target_skip_unavailable': False, 'install_base': '/home/pi5/hospital/install/hospital_world', 'merge_install': False, 'path': '/home/pi5/hospital/src/hospital_world', 'symlink_install': False, 'test_result_base': None}
[0.363s] Level 5:colcon.colcon_core.verb:set package 'sllidar_ros2' build argument 'cmake_args' from command line to 'None'
[0.363s] Level 5:colcon.colcon_core.verb:set package 'sllidar_ros2' build argument 'cmake_target' from command line to 'None'
[0.363s] Level 5:colcon.colcon_core.verb:set package 'sllidar_ros2' build argument 'cmake_target_skip_unavailable' from command line to 'False'
[0.363s] Level 5:colcon.colcon_core.verb:set package 'sllidar_ros2' build argument 'cmake_clean_cache' from command line to 'False'
[0.363s] Level 5:colcon.colcon_core.verb:set package 'sllidar_ros2' build argument 'cmake_clean_first' from command line to 'False'
[0.363s] Level 5:colcon.colcon_core.verb:set package 'sllidar_ros2' build argument 'cmake_force_configure' from command line to 'False'
[0.363s] Level 5:colcon.colcon_core.verb:set package 'sllidar_ros2' build argument 'ament_cmake_args' from command line to 'None'
[0.363s] Level 5:colcon.colcon_core.verb:set package 'sllidar_ros2' build argument 'catkin_cmake_args' from command line to 'None'
[0.363s] Level 5:colcon.colcon_core.verb:set package 'sllidar_ros2' build argument 'catkin_skip_building_tests' from command line to 'False'
[0.363s] DEBUG:colcon.colcon_core.verb:Building package 'sllidar_ros2' with the following arguments: {'ament_cmake_args': None, 'build_base': '/home/pi5/hospital/build/sllidar_ros2', 'catkin_cmake_args': None, 'catkin_skip_building_tests': False, 'cmake_args': None, 'cmake_clean_cache': False, 'cmake_clean_first': False, 'cmake_force_configure': False, 'cmake_target': None, 'cmake_target_skip_unavailable': False, 'install_base': '/home/pi5/hospital/install/sllidar_ros2', 'merge_install': False, 'path': '/home/pi5/hospital/src/sllidar_ros2', 'symlink_install': False, 'test_result_base': None}
[0.363s] INFO:colcon.colcon_core.executor:Executing jobs using 'parallel' executor
[0.364s] DEBUG:colcon.colcon_parallel_executor.executor.parallel:run_until_complete
[0.365s] INFO:colcon.colcon_ros.task.ament_python.build:Building ROS package in '/home/pi5/hospital/src/hospital_hardware' with build type 'ament_python'
[0.366s] Level 1:colcon.colcon_core.shell:create_environment_hook('hospital_hardware', 'ament_prefix_path')
[0.371s] INFO:colcon.colcon_core.plugin_system:Skipping extension 'colcon_core.shell.bat': Not used on non-Windows systems
[0.372s] INFO:colcon.colcon_core.shell:Creating environment hook '/home/pi5/hospital/install/hospital_hardware/share/hospital_hardware/hook/ament_prefix_path.ps1'
[0.374s] INFO:colcon.colcon_core.shell:Creating environment descriptor '/home/pi5/hospital/install/hospital_hardware/share/hospital_hardware/hook/ament_prefix_path.dsv'
[0.377s] INFO:colcon.colcon_core.shell:Creating environment hook '/home/pi5/hospital/install/hospital_hardware/share/hospital_hardware/hook/ament_prefix_path.sh'
[0.379s] INFO:colcon.colcon_core.shell:Skip shell extension 'powershell' for command environment: Not usable outside of PowerShell
[0.379s] DEBUG:colcon.colcon_core.shell:Skip shell extension 'dsv' for command environment
[0.386s] INFO:colcon.colcon_ros.task.ament_python.build:Building ROS package in '/home/pi5/hospital/src/hospital_robot' with build type 'ament_python'
[0.386s] Level 1:colcon.colcon_core.shell:create_environment_hook('hospital_robot', 'ament_prefix_path')
[0.386s] INFO:colcon.colcon_core.shell:Creating environment hook '/home/pi5/hospital/install/hospital_robot/share/hospital_robot/hook/ament_prefix_path.ps1'
[0.388s] INFO:colcon.colcon_core.shell:Creating environment descriptor '/home/pi5/hospital/install/hospital_robot/share/hospital_robot/hook/ament_prefix_path.dsv'
[0.388s] INFO:colcon.colcon_core.shell:Creating environment hook '/home/pi5/hospital/install/hospital_robot/share/hospital_robot/hook/ament_prefix_path.sh'
[0.389s] INFO:colcon.colcon_core.shell:Skip shell extension 'powershell' for command environment: Not usable outside of PowerShell
[0.389s] DEBUG:colcon.colcon_core.shell:Skip shell extension 'dsv' for command environment
[0.395s] INFO:colcon.colcon_ros.task.ament_python.build:Building ROS package in '/home/pi5/hospital/src/hospital_world' with build type 'ament_python'
[0.395s] Level 1:colcon.colcon_core.shell:create_environment_hook('hospital_world', 'ament_prefix_path')
[0.395s] INFO:colcon.colcon_core.shell:Creating environment hook '/home/pi5/hospital/install/hospital_world/share/hospital_world/hook/ament_prefix_path.ps1'
[0.396s] INFO:colcon.colcon_core.shell:Creating environment descriptor '/home/pi5/hospital/install/hospital_world/share/hospital_world/hook/ament_prefix_path.dsv'
[0.397s] INFO:colcon.colcon_core.shell:Creating environment hook '/home/pi5/hospital/install/hospital_world/share/hospital_world/hook/ament_prefix_path.sh'
[0.397s] INFO:colcon.colcon_core.shell:Skip shell extension 'powershell' for command environment: Not usable outside of PowerShell
[0.398s] DEBUG:colcon.colcon_core.shell:Skip shell extension 'dsv' for command environment
[0.403s] INFO:colcon.colcon_ros.task.ament_cmake.build:Building ROS package in '/home/pi5/hospital/src/sllidar_ros2' with build type 'ament_cmake'
[0.403s] INFO:colcon.colcon_cmake.task.cmake.build:Building CMake package in '/home/pi5/hospital/src/sllidar_ros2'
[0.404s] INFO:colcon.colcon_core.shell:Skip shell extension 'powershell' for command environment: Not usable outside of PowerShell
[0.404s] DEBUG:colcon.colcon_core.shell:Skip shell extension 'dsv' for command environment
[0.748s] INFO:colcon.colcon_core.task.python.build:Building Python package in '/home/pi5/hospital/src/hospital_hardware'
[0.749s] INFO:colcon.colcon_core.shell:Skip shell extension 'powershell' for command environment: Not usable outside of PowerShell
[0.749s] DEBUG:colcon.colcon_core.shell:Skip shell extension 'dsv' for command environment
[1.089s] INFO:colcon.colcon_core.task.python.build:Building Python package in '/home/pi5/hospital/src/hospital_robot'
[1.089s] INFO:colcon.colcon_core.shell:Skip shell extension 'powershell' for command environment: Not usable outside of PowerShell
[1.089s] DEBUG:colcon.colcon_core.shell:Skip shell extension 'dsv' for command environment
[1.422s] INFO:colcon.colcon_core.task.python.build:Building Python package in '/home/pi5/hospital/src/hospital_world'
[1.422s] INFO:colcon.colcon_core.shell:Skip shell extension 'powershell' for command environment: Not usable outside of PowerShell
[1.422s] DEBUG:colcon.colcon_core.shell:Skip shell extension 'dsv' for command environment
[1.433s] DEBUG:colcon.colcon_core.event_handler.log_command:Invoking command in '/home/pi5/hospital/build/sllidar_ros2': CMAKE_PREFIX_PATH=${CMAKE_PREFIX_PATH}:/home/pi5/HOSPITAL_WS/install/hospital_world:/home/pi5/HOSPITAL_WS/install/hospital_robot:/home/pi5/HOSPITAL_WS/install/hospital_hardware:/opt/ros/jazzy DEBUGINFOD_URLS=https://debuginfod.ubuntu.com /usr/bin/cmake /home/pi5/hospital/src/sllidar_ros2 -DCMAKE_INSTALL_PREFIX=/home/pi5/hospital/install/sllidar_ros2
[2.636s] DEBUG:colcon.colcon_core.event_handler.log_command:Invoking command in '/home/pi5/hospital/src/hospital_hardware': DEBUGINFOD_URLS=https://debuginfod.ubuntu.com PYTHONPATH=/home/pi5/hospital/build/hospital_hardware/prefix_override:/usr/lib/python3/dist-packages/colcon_core/task/python/colcon_distutils_commands:/home/pi5/hospital/install/hospital_hardware/lib/python3.12/site-packages:${PYTHONPATH} /usr/bin/python3 -W ignore:setup.py install is deprecated -W ignore:easy_install command is deprecated setup.py egg_info --egg-base ../../build/hospital_hardware build --build-base /home/pi5/hospital/build/hospital_hardware/build install --record /home/pi5/hospital/build/hospital_hardware/install.log --single-version-externally-managed install_data
[2.667s] DEBUG:colcon.colcon_core.event_handler.log_command:Invoking command in '/home/pi5/hospital/src/hospital_robot': DEBUGINFOD_URLS=https://debuginfod.ubuntu.com PYTHONPATH=/home/pi5/hospital/build/hospital_robot/prefix_override:/usr/lib/python3/dist-packages/colcon_core/task/python/colcon_distutils_commands:/home/pi5/hospital/install/hospital_robot/lib/python3.12/site-packages:${PYTHONPATH} /usr/bin/python3 -W ignore:setup.py install is deprecated -W ignore:easy_install command is deprecated setup.py egg_info --egg-base ../../build/hospital_robot build --build-base /home/pi5/hospital/build/hospital_robot/build install --record /home/pi5/hospital/build/hospital_robot/install.log --single-version-externally-managed install_data
[2.672s] DEBUG:colcon.colcon_core.event_handler.log_command:Invoking command in '/home/pi5/hospital/src/hospital_world': DEBUGINFOD_URLS=https://debuginfod.ubuntu.com PYTHONPATH=/home/pi5/hospital/build/hospital_world/prefix_override:/usr/lib/python3/dist-packages/colcon_core/task/python/colcon_distutils_commands:/home/pi5/hospital/install/hospital_world/lib/python3.12/site-packages:${PYTHONPATH} /usr/bin/python3 -W ignore:setup.py install is deprecated -W ignore:easy_install command is deprecated setup.py egg_info --egg-base ../../build/hospital_world build --build-base /home/pi5/hospital/build/hospital_world/build install --record /home/pi5/hospital/build/hospital_world/install.log --single-version-externally-managed install_data
[3.724s] DEBUG:colcon.colcon_core.event_handler.log_command:Invoked command in '/home/pi5/hospital/src/hospital_hardware' returned '0': DEBUGINFOD_URLS=https://debuginfod.ubuntu.com PYTHONPATH=/home/pi5/hospital/build/hospital_hardware/prefix_override:/usr/lib/python3/dist-packages/colcon_core/task/python/colcon_distutils_commands:/home/pi5/hospital/install/hospital_hardware/lib/python3.12/site-packages:${PYTHONPATH} /usr/bin/python3 -W ignore:setup.py install is deprecated -W ignore:easy_install command is deprecated setup.py egg_info --egg-base ../../build/hospital_hardware build --build-base /home/pi5/hospital/build/hospital_hardware/build install --record /home/pi5/hospital/build/hospital_hardware/install.log --single-version-externally-managed install_data
[3.729s] Level 1:colcon.colcon_core.environment:checking '/home/pi5/hospital/install/hospital_hardware' for CMake module files
[3.730s] Level 1:colcon.colcon_core.environment:checking '/home/pi5/hospital/install/hospital_hardware' for CMake config files
[3.732s] Level 1:colcon.colcon_core.environment:checking '/home/pi5/hospital/install/hospital_hardware/lib'
[3.732s] Level 1:colcon.colcon_core.environment:checking '/home/pi5/hospital/install/hospital_hardware/bin'
[3.733s] Level 1:colcon.colcon_core.environment:checking '/home/pi5/hospital/install/hospital_hardware/lib/pkgconfig/hospital_hardware.pc'
[3.733s] Level 1:colcon.colcon_core.environment:checking '/home/pi5/hospital/install/hospital_hardware/lib/python3.12/site-packages'
[3.734s] Level 1:colcon.colcon_core.shell:create_environment_hook('hospital_hardware', 'pythonpath')
[3.734s] INFO:colcon.colcon_core.shell:Creating environment hook '/home/pi5/hospital/install/hospital_hardware/share/hospital_hardware/hook/pythonpath.ps1'
[3.735s] INFO:colcon.colcon_core.shell:Creating environment descriptor '/home/pi5/hospital/install/hospital_hardware/share/hospital_hardware/hook/pythonpath.dsv'
[3.737s] INFO:colcon.colcon_core.shell:Creating environment hook '/home/pi5/hospital/install/hospital_hardware/share/hospital_hardware/hook/pythonpath.sh'
[3.738s] Level 1:colcon.colcon_core.environment:checking '/home/pi5/hospital/install/hospital_hardware/bin'
[3.738s] Level 1:colcon.colcon_core.environment:create_environment_scripts_only(hospital_hardware)
[3.739s] INFO:colcon.colcon_core.shell:Creating package script '/home/pi5/hospital/install/hospital_hardware/share/hospital_hardware/package.ps1'
[3.741s] INFO:colcon.colcon_core.shell:Creating package descriptor '/home/pi5/hospital/install/hospital_hardware/share/hospital_hardware/package.dsv'
[3.741s] INFO:colcon.colcon_core.shell:Creating package script '/home/pi5/hospital/install/hospital_hardware/share/hospital_hardware/package.sh'
[3.742s] INFO:colcon.colcon_core.shell:Creating package script '/home/pi5/hospital/install/hospital_hardware/share/hospital_hardware/package.bash'
[3.743s] INFO:colcon.colcon_core.shell:Creating package script '/home/pi5/hospital/install/hospital_hardware/share/hospital_hardware/package.zsh'
[3.744s] Level 1:colcon.colcon_core.environment:create_file_with_runtime_dependencies(/home/pi5/hospital/install/hospital_hardware/share/colcon-core/packages/hospital_hardware)
[3.748s] Level 1:colcon.colcon_core.environment:checking '/home/pi5/hospital/install/hospital_robot' for CMake module files
[3.749s] Level 1:colcon.colcon_core.environment:checking '/home/pi5/hospital/install/hospital_robot' for CMake config files
[3.754s] Level 1:colcon.colcon_core.environment:checking '/home/pi5/hospital/install/hospital_robot/lib'
[3.754s] DEBUG:colcon.colcon_core.event_handler.log_command:Invoked command in '/home/pi5/hospital/src/hospital_robot' returned '0': DEBUGINFOD_URLS=https://debuginfod.ubuntu.com PYTHONPATH=/home/pi5/hospital/build/hospital_robot/prefix_override:/usr/lib/python3/dist-packages/colcon_core/task/python/colcon_distutils_commands:/home/pi5/hospital/install/hospital_robot/lib/python3.12/site-packages:${PYTHONPATH} /usr/bin/python3 -W ignore:setup.py install is deprecated -W ignore:easy_install command is deprecated setup.py egg_info --egg-base ../../build/hospital_robot build --build-base /home/pi5/hospital/build/hospital_robot/build install --record /home/pi5/hospital/build/hospital_robot/install.log --single-version-externally-managed install_data
[3.754s] Level 1:colcon.colcon_core.environment:checking '/home/pi5/hospital/install/hospital_robot/bin'
[3.754s] Level 1:colcon.colcon_core.environment:checking '/home/pi5/hospital/install/hospital_robot/lib/pkgconfig/hospital_robot.pc'
[3.755s] Level 1:colcon.colcon_core.environment:checking '/home/pi5/hospital/install/hospital_robot/lib/python3.12/site-packages'
[3.755s] Level 1:colcon.colcon_core.shell:create_environment_hook('hospital_robot', 'pythonpath')
[3.755s] INFO:colcon.colcon_core.shell:Creating environment hook '/home/pi5/hospital/install/hospital_robot/share/hospital_robot/hook/pythonpath.ps1'
[3.756s] INFO:colcon.colcon_core.shell:Creating environment descriptor '/home/pi5/hospital/install/hospital_robot/share/hospital_robot/hook/pythonpath.dsv'
[3.756s] INFO:colcon.colcon_core.shell:Creating environment hook '/home/pi5/hospital/install/hospital_robot/share/hospital_robot/hook/pythonpath.sh'
[3.757s] Level 1:colcon.colcon_core.environment:checking '/home/pi5/hospital/install/hospital_robot/bin'
[3.757s] Level 1:colcon.colcon_core.environment:create_environment_scripts_only(hospital_robot)
[3.757s] INFO:colcon.colcon_core.shell:Creating package script '/home/pi5/hospital/install/hospital_robot/share/hospital_robot/package.ps1'
[3.758s] INFO:colcon.colcon_core.shell:Creating package descriptor '/home/pi5/hospital/install/hospital_robot/share/hospital_robot/package.dsv'
[3.758s] INFO:colcon.colcon_core.shell:Creating package script '/home/pi5/hospital/install/hospital_robot/share/hospital_robot/package.sh'
[3.759s] INFO:colcon.colcon_core.shell:Creating package script '/home/pi5/hospital/install/hospital_robot/share/hospital_robot/package.bash'
[3.759s] INFO:colcon.colcon_core.shell:Creating package script '/home/pi5/hospital/install/hospital_robot/share/hospital_robot/package.zsh'
[3.760s] Level 1:colcon.colcon_core.environment:create_file_with_runtime_dependencies(/home/pi5/hospital/install/hospital_robot/share/colcon-core/packages/hospital_robot)
[3.761s] Level 1:colcon.colcon_core.environment:checking '/home/pi5/hospital/install/hospital_world' for CMake module files
[3.762s] DEBUG:colcon.colcon_core.event_handler.log_command:Invoked command in '/home/pi5/hospital/src/hospital_world' returned '0': DEBUGINFOD_URLS=https://debuginfod.ubuntu.com PYTHONPATH=/home/pi5/hospital/build/hospital_world/prefix_override:/usr/lib/python3/dist-packages/colcon_core/task/python/colcon_distutils_commands:/home/pi5/hospital/install/hospital_world/lib/python3.12/site-packages:${PYTHONPATH} /usr/bin/python3 -W ignore:setup.py install is deprecated -W ignore:easy_install command is deprecated setup.py egg_info --egg-base ../../build/hospital_world build --build-base /home/pi5/hospital/build/hospital_world/build install --record /home/pi5/hospital/build/hospital_world/install.log --single-version-externally-managed install_data
[3.762s] Level 1:colcon.colcon_core.environment:checking '/home/pi5/hospital/install/hospital_world' for CMake config files
[3.763s] Level 1:colcon.colcon_core.environment:checking '/home/pi5/hospital/install/hospital_world/lib'
[3.763s] Level 1:colcon.colcon_core.environment:checking '/home/pi5/hospital/install/hospital_world/bin'
[3.763s] Level 1:colcon.colcon_core.environment:checking '/home/pi5/hospital/install/hospital_world/lib/pkgconfig/hospital_world.pc'
[3.763s] Level 1:colcon.colcon_core.environment:checking '/home/pi5/hospital/install/hospital_world/lib/python3.12/site-packages'
[3.764s] Level 1:colcon.colcon_core.shell:create_environment_hook('hospital_world', 'pythonpath')
[3.764s] INFO:colcon.colcon_core.shell:Creating environment hook '/home/pi5/hospital/install/hospital_world/share/hospital_world/hook/pythonpath.ps1'
[3.765s] INFO:colcon.colcon_core.shell:Creating environment descriptor '/home/pi5/hospital/install/hospital_world/share/hospital_world/hook/pythonpath.dsv'
[3.765s] INFO:colcon.colcon_core.shell:Creating environment hook '/home/pi5/hospital/install/hospital_world/share/hospital_world/hook/pythonpath.sh'
[3.766s] Level 1:colcon.colcon_core.environment:checking '/home/pi5/hospital/install/hospital_world/bin'
[3.766s] Level 1:colcon.colcon_core.environment:create_environment_scripts_only(hospital_world)
[3.766s] INFO:colcon.colcon_core.shell:Creating package script '/home/pi5/hospital/install/hospital_world/share/hospital_world/package.ps1'
[3.767s] INFO:colcon.colcon_core.shell:Creating package descriptor '/home/pi5/hospital/install/hospital_world/share/hospital_world/package.dsv'
[3.767s] INFO:colcon.colcon_core.shell:Creating package script '/home/pi5/hospital/install/hospital_world/share/hospital_world/package.sh'
[3.767s] INFO:colcon.colcon_core.shell:Creating package script '/home/pi5/hospital/install/hospital_world/share/hospital_world/package.bash'
[3.768s] INFO:colcon.colcon_core.shell:Creating package script '/home/pi5/hospital/install/hospital_world/share/hospital_world/package.zsh'
[3.768s] Level 1:colcon.colcon_core.environment:create_file_with_runtime_dependencies(/home/pi5/hospital/install/hospital_world/share/colcon-core/packages/hospital_world)
[4.228s] DEBUG:colcon.colcon_core.event_handler.log_command:Invoked command in '/home/pi5/hospital/build/sllidar_ros2' returned '0': CMAKE_PREFIX_PATH=${CMAKE_PREFIX_PATH}:/home/pi5/HOSPITAL_WS/install/hospital_world:/home/pi5/HOSPITAL_WS/install/hospital_robot:/home/pi5/HOSPITAL_WS/install/hospital_hardware:/opt/ros/jazzy DEBUGINFOD_URLS=https://debuginfod.ubuntu.com /usr/bin/cmake /home/pi5/hospital/src/sllidar_ros2 -DCMAKE_INSTALL_PREFIX=/home/pi5/hospital/install/sllidar_ros2
[4.231s] DEBUG:colcon.colcon_core.event_handler.log_command:Invoking command in '/home/pi5/hospital/build/sllidar_ros2': CMAKE_PREFIX_PATH=${CMAKE_PREFIX_PATH}:/home/pi5/HOSPITAL_WS/install/hospital_world:/home/pi5/HOSPITAL_WS/install/hospital_robot:/home/pi5/HOSPITAL_WS/install/hospital_hardware:/opt/ros/jazzy DEBUGINFOD_URLS=https://debuginfod.ubuntu.com /usr/bin/cmake --build /home/pi5/hospital/build/sllidar_ros2 -- -j4 -l4
[20.760s] DEBUG:colcon.colcon_core.event_handler.log_command:Invoked command in '/home/pi5/hospital/build/sllidar_ros2' returned '0': CMAKE_PREFIX_PATH=${CMAKE_PREFIX_PATH}:/home/pi5/HOSPITAL_WS/install/hospital_world:/home/pi5/HOSPITAL_WS/install/hospital_robot:/home/pi5/HOSPITAL_WS/install/hospital_hardware:/opt/ros/jazzy DEBUGINFOD_URLS=https://debuginfod.ubuntu.com /usr/bin/cmake --build /home/pi5/hospital/build/sllidar_ros2 -- -j4 -l4
[20.782s] DEBUG:colcon.colcon_core.event_handler.log_command:Invoking command in '/home/pi5/hospital/build/sllidar_ros2': CMAKE_PREFIX_PATH=${CMAKE_PREFIX_PATH}:/home/pi5/HOSPITAL_WS/install/hospital_world:/home/pi5/HOSPITAL_WS/install/hospital_robot:/home/pi5/HOSPITAL_WS/install/hospital_hardware:/opt/ros/jazzy DEBUGINFOD_URLS=https://debuginfod.ubuntu.com /usr/bin/cmake --install /home/pi5/hospital/build/sllidar_ros2
[20.822s] Level 1:colcon.colcon_core.environment:create_environment_scripts_only(sllidar_ros2)
[20.822s] Level 1:colcon.colcon_core.environment:checking '/home/pi5/hospital/install/sllidar_ros2' for CMake module files
[20.823s] DEBUG:colcon.colcon_core.event_handler.log_command:Invoked command in '/home/pi5/hospital/build/sllidar_ros2' returned '0': CMAKE_PREFIX_PATH=${CMAKE_PREFIX_PATH}:/home/pi5/HOSPITAL_WS/install/hospital_world:/home/pi5/HOSPITAL_WS/install/hospital_robot:/home/pi5/HOSPITAL_WS/install/hospital_hardware:/opt/ros/jazzy DEBUGINFOD_URLS=https://debuginfod.ubuntu.com /usr/bin/cmake --install /home/pi5/hospital/build/sllidar_ros2
[20.823s] Level 1:colcon.colcon_core.environment:checking '/home/pi5/hospital/install/sllidar_ros2' for CMake config files
[20.824s] Level 1:colcon.colcon_core.shell:create_environment_hook('sllidar_ros2', 'cmake_prefix_path')
[20.824s] INFO:colcon.colcon_core.shell:Creating environment hook '/home/pi5/hospital/install/sllidar_ros2/share/sllidar_ros2/hook/cmake_prefix_path.ps1'
[20.825s] INFO:colcon.colcon_core.shell:Creating environment descriptor '/home/pi5/hospital/install/sllidar_ros2/share/sllidar_ros2/hook/cmake_prefix_path.dsv'
[20.825s] INFO:colcon.colcon_core.shell:Creating environment hook '/home/pi5/hospital/install/sllidar_ros2/share/sllidar_ros2/hook/cmake_prefix_path.sh'
[20.826s] Level 1:colcon.colcon_core.environment:checking '/home/pi5/hospital/install/sllidar_ros2/lib'
[20.826s] Level 1:colcon.colcon_core.environment:checking '/home/pi5/hospital/install/sllidar_ros2/bin'
[20.826s] Level 1:colcon.colcon_core.environment:checking '/home/pi5/hospital/install/sllidar_ros2/lib/pkgconfig/sllidar_ros2.pc'
[20.826s] Level 1:colcon.colcon_core.environment:checking '/home/pi5/hospital/install/sllidar_ros2/lib/python3.12/site-packages'
[20.826s] Level 1:colcon.colcon_core.environment:checking '/home/pi5/hospital/install/sllidar_ros2/bin'
[20.827s] INFO:colcon.colcon_core.shell:Creating package script '/home/pi5/hospital/install/sllidar_ros2/share/sllidar_ros2/package.ps1'
[20.827s] INFO:colcon.colcon_core.shell:Creating package descriptor '/home/pi5/hospital/install/sllidar_ros2/share/sllidar_ros2/package.dsv'
[20.828s] INFO:colcon.colcon_core.shell:Creating package script '/home/pi5/hospital/install/sllidar_ros2/share/sllidar_ros2/package.sh'
[20.828s] INFO:colcon.colcon_core.shell:Creating package script '/home/pi5/hospital/install/sllidar_ros2/share/sllidar_ros2/package.bash'
[20.828s] INFO:colcon.colcon_core.shell:Creating package script '/home/pi5/hospital/install/sllidar_ros2/share/sllidar_ros2/package.zsh'
[20.829s] Level 1:colcon.colcon_core.environment:create_file_with_runtime_dependencies(/home/pi5/hospital/install/sllidar_ros2/share/colcon-core/packages/sllidar_ros2)
[20.829s] Level 1:colcon.colcon_core.environment:create_environment_scripts_only(sllidar_ros2)
[20.830s] Level 1:colcon.colcon_core.environment:checking '/home/pi5/hospital/install/sllidar_ros2' for CMake module files
[20.830s] Level 1:colcon.colcon_core.environment:checking '/home/pi5/hospital/install/sllidar_ros2' for CMake config files
[20.831s] Level 1:colcon.colcon_core.shell:create_environment_hook('sllidar_ros2', 'cmake_prefix_path')
[20.832s] INFO:colcon.colcon_core.shell:Creating environment hook '/home/pi5/hospital/install/sllidar_ros2/share/sllidar_ros2/hook/cmake_prefix_path.ps1'
[20.833s] INFO:colcon.colcon_core.shell:Creating environment descriptor '/home/pi5/hospital/install/sllidar_ros2/share/sllidar_ros2/hook/cmake_prefix_path.dsv'
[20.837s] INFO:colcon.colcon_core.shell:Creating environment hook '/home/pi5/hospital/install/sllidar_ros2/share/sllidar_ros2/hook/cmake_prefix_path.sh'
[20.841s] Level 1:colcon.colcon_core.environment:checking '/home/pi5/hospital/install/sllidar_ros2/lib'
[20.841s] Level 1:colcon.colcon_core.environment:checking '/home/pi5/hospital/install/sllidar_ros2/bin'
[20.841s] Level 1:colcon.colcon_core.environment:checking '/home/pi5/hospital/install/sllidar_ros2/lib/pkgconfig/sllidar_ros2.pc'
[20.841s] Level 1:colcon.colcon_core.environment:checking '/home/pi5/hospital/install/sllidar_ros2/lib/python3.12/site-packages'
[20.842s] Level 1:colcon.colcon_core.environment:checking '/home/pi5/hospital/install/sllidar_ros2/bin'
[20.842s] INFO:colcon.colcon_core.shell:Creating package script '/home/pi5/hospital/install/sllidar_ros2/share/sllidar_ros2/package.ps1'
[20.845s] INFO:colcon.colcon_core.shell:Creating package descriptor '/home/pi5/hospital/install/sllidar_ros2/share/sllidar_ros2/package.dsv'
[20.848s] INFO:colcon.colcon_core.shell:Creating package script '/home/pi5/hospital/install/sllidar_ros2/share/sllidar_ros2/package.sh'
[20.852s] INFO:colcon.colcon_core.shell:Creating package script '/home/pi5/hospital/install/sllidar_ros2/share/sllidar_ros2/package.bash'
[20.855s] INFO:colcon.colcon_core.shell:Creating package script '/home/pi5/hospital/install/sllidar_ros2/share/sllidar_ros2/package.zsh'
[20.859s] Level 1:colcon.colcon_core.environment:create_file_with_runtime_dependencies(/home/pi5/hospital/install/sllidar_ros2/share/colcon-core/packages/sllidar_ros2)
[20.863s] DEBUG:colcon.colcon_parallel_executor.executor.parallel:closing loop
[20.864s] DEBUG:colcon.colcon_parallel_executor.executor.parallel:loop closed
[20.864s] DEBUG:colcon.colcon_parallel_executor.executor.parallel:run_until_complete finished with '0'
[20.864s] DEBUG:colcon.colcon_core.event_reactor:joining thread
[20.883s] INFO:colcon.colcon_core.plugin_system:Skipping extension 'colcon_notification.desktop_notification.terminal_notifier': Not used on non-Darwin systems
[20.883s] INFO:colcon.colcon_core.plugin_system:Skipping extension 'colcon_notification.desktop_notification.win32': Not used on non-Windows systems
[20.883s] INFO:colcon.colcon_notification.desktop_notification:Sending desktop notification using 'notify2'
[20.914s] DEBUG:colcon.colcon_core.event_reactor:joined thread
[20.915s] INFO:colcon.colcon_core.shell:Creating prefix script '/home/pi5/hospital/install/local_setup.ps1'
[20.916s] INFO:colcon.colcon_core.shell:Creating prefix util module '/home/pi5/hospital/install/_local_setup_util_ps1.py'
[20.917s] INFO:colcon.colcon_core.shell:Creating prefix chain script '/home/pi5/hospital/install/setup.ps1'
[20.919s] INFO:colcon.colcon_core.shell:Creating prefix script '/home/pi5/hospital/install/local_setup.sh'
[20.920s] INFO:colcon.colcon_core.shell:Creating prefix util module '/home/pi5/hospital/install/_local_setup_util_sh.py'
[20.921s] INFO:colcon.colcon_core.shell:Creating prefix chain script '/home/pi5/hospital/install/setup.sh'
[20.923s] INFO:colcon.colcon_core.shell:Creating prefix script '/home/pi5/hospital/install/local_setup.bash'
[20.923s] INFO:colcon.colcon_core.shell:Creating prefix chain script '/home/pi5/hospital/install/setup.bash'
[20.925s] INFO:colcon.colcon_core.shell:Creating prefix script '/home/pi5/hospital/install/local_setup.zsh'
[20.926s] INFO:colcon.colcon_core.shell:Creating prefix chain script '/home/pi5/hospital/install/setup.zsh'
