[0.513s] Invoking command in '/home/vikash/Hospital_ws/src/hospital_robot': PYTHONPATH=/home/vikash/Hospital_ws/build/hospital_robot/prefix_override:/usr/lib/python3/dist-packages/colcon_core/task/python/colcon_distutils_commands:/home/vikash/Hospital_ws/install/hospital_robot/lib/python3.10/site-packages:${PYTHONPATH} /usr/bin/python3 -W ignore:setup.py install is deprecated -W ignore:easy_install command is deprecated setup.py egg_info --egg-base ../../build/hospital_robot build --build-base /home/vikash/Hospital_ws/build/hospital_robot/build install --record /home/vikash/Hospital_ws/build/hospital_robot/install.log --single-version-externally-managed install_data
[0.655s] running egg_info
[0.655s] creating ../../build/hospital_robot/hospital_robot.egg-info
[0.655s] writing ../../build/hospital_robot/hospital_robot.egg-info/PKG-INFO
[0.656s] writing dependency_links to ../../build/hospital_robot/hospital_robot.egg-info/dependency_links.txt
[0.656s] writing entry points to ../../build/hospital_robot/hospital_robot.egg-info/entry_points.txt
[0.656s] writing requirements to ../../build/hospital_robot/hospital_robot.egg-info/requires.txt
[0.656s] writing top-level names to ../../build/hospital_robot/hospital_robot.egg-info/top_level.txt
[0.656s] writing manifest file '../../build/hospital_robot/hospital_robot.egg-info/SOURCES.txt'
[0.657s] reading manifest file '../../build/hospital_robot/hospital_robot.egg-info/SOURCES.txt'
[0.657s] writing manifest file '../../build/hospital_robot/hospital_robot.egg-info/SOURCES.txt'
[0.658s] running build
[0.658s] running build_py
[0.658s] creating /home/vikash/Hospital_ws/build/hospital_robot/build
[0.658s] creating /home/vikash/Hospital_ws/build/hospital_robot/build/lib
[0.658s] creating /home/vikash/Hospital_ws/build/hospital_robot/build/lib/hospital_robot
[0.658s] copying hospital_robot/__init__.py -> /home/vikash/Hospital_ws/build/hospital_robot/build/lib/hospital_robot
[0.658s] copying hospital_robot/move_robot.py -> /home/vikash/Hospital_ws/build/hospital_robot/build/lib/hospital_robot
[0.658s] running install
[0.658s] running install_lib
[0.659s] creating /home/vikash/Hospital_ws/install/hospital_robot/lib/python3.10/site-packages/hospital_robot
[0.659s] copying /home/vikash/Hospital_ws/build/hospital_robot/build/lib/hospital_robot/__init__.py -> /home/vikash/Hospital_ws/install/hospital_robot/lib/python3.10/site-packages/hospital_robot
[0.659s] copying /home/vikash/Hospital_ws/build/hospital_robot/build/lib/hospital_robot/move_robot.py -> /home/vikash/Hospital_ws/install/hospital_robot/lib/python3.10/site-packages/hospital_robot
[0.659s] byte-compiling /home/vikash/Hospital_ws/install/hospital_robot/lib/python3.10/site-packages/hospital_robot/__init__.py to __init__.cpython-310.pyc
[0.660s] byte-compiling /home/vikash/Hospital_ws/install/hospital_robot/lib/python3.10/site-packages/hospital_robot/move_robot.py to move_robot.cpython-310.pyc
[0.660s] running install_data
[0.660s] creating /home/vikash/Hospital_ws/install/hospital_robot/share/ament_index
[0.660s] creating /home/vikash/Hospital_ws/install/hospital_robot/share/ament_index/resource_index
[0.660s] creating /home/vikash/Hospital_ws/install/hospital_robot/share/ament_index/resource_index/packages
[0.660s] copying resource/hospital_robot -> /home/vikash/Hospital_ws/install/hospital_robot/share/ament_index/resource_index/packages
[0.661s] copying package.xml -> /home/vikash/Hospital_ws/install/hospital_robot/share/hospital_robot
[0.661s] creating /home/vikash/Hospital_ws/install/hospital_robot/share/hospital_robot/urdf
[0.661s] copying urdf/robot.urdf -> /home/vikash/Hospital_ws/install/hospital_robot/share/hospital_robot/urdf
[0.661s] running install_egg_info
[0.662s] Copying ../../build/hospital_robot/hospital_robot.egg-info to /home/vikash/Hospital_ws/install/hospital_robot/lib/python3.10/site-packages/hospital_robot-0.0.0-py3.10.egg-info
[0.662s] running install_scripts
[0.677s] Installing move_robot script to /home/vikash/Hospital_ws/install/hospital_robot/lib/hospital_robot
[0.677s] writing list of installed files to '/home/vikash/Hospital_ws/build/hospital_robot/install.log'
[0.691s] Invoked command in '/home/vikash/Hospital_ws/src/hospital_robot' returned '0': PYTHONPATH=/home/vikash/Hospital_ws/build/hospital_robot/prefix_override:/usr/lib/python3/dist-packages/colcon_core/task/python/colcon_distutils_commands:/home/vikash/Hospital_ws/install/hospital_robot/lib/python3.10/site-packages:${PYTHONPATH} /usr/bin/python3 -W ignore:setup.py install is deprecated -W ignore:easy_install command is deprecated setup.py egg_info --egg-base ../../build/hospital_robot build --build-base /home/vikash/Hospital_ws/build/hospital_robot/build install --record /home/vikash/Hospital_ws/build/hospital_robot/install.log --single-version-externally-managed install_data
