[0.166s] DEBUG:colcon:Command line arguments: ['/usr/bin/colcon', 'build']
[0.166s] DEBUG:colcon:Parsed command line arguments: Namespace(log_base=None, log_level=None, verb_name='build', build_base='build', install_base='install', merge_install=False, symlink_install=False, test_result_base=None, continue_on_error=False, executor='parallel', parallel_workers=4, event_handlers=None, ignore_user_meta=False, metas=['./colcon.meta'], base_paths=['.'], packages_ignore=None, packages_ignore_regex=None, paths=None, packages_up_to=None, packages_up_to_regex=None, packages_above=None, packages_above_and_dependencies=None, packages_above_depth=None, packages_select_by_dep=None, packages_skip_by_dep=None, packages_skip_up_to=None, packages_select_build_failed=False, packages_skip_build_finished=False, packages_select_test_failures=False, packages_skip_test_passed=False, packages_select=None, packages_skip=None, packages_select_regex=None, packages_skip_regex=None, packages_start=None, packages_end=None, allow_overriding=[], cmake_args=None, cmake_target=None, cmake_target_skip_unavailable=False, cmake_clean_cache=False, cmake_clean_first=False, cmake_force_configure=False, ament_cmake_args=None, catkin_cmake_args=None, catkin_skip_building_tests=False, mixin_files=None, mixin=None, verb_parser=<colcon_mixin.mixin.mixin_argument.MixinArgumentDecorator object at 0xffffb5b6fef0>, verb_extension=<colcon_core.verb.build.BuildVerb object at 0xffffb5cc4590>, main=<bound method BuildVerb.main of <colcon_core.verb.build.BuildVerb object at 0xffffb5cc4590>>, mixin_verb=('build',))
[0.223s] Level 1:colcon.colcon_core.package_discovery:discover_packages(colcon_meta) check parameters
[0.223s] Level 1:colcon.colcon_core.package_discovery:discover_packages(recursive) check parameters
[0.223s] Level 1:colcon.colcon_core.package_discovery:discover_packages(ignore) check parameters
[0.223s] Level 1:colcon.colcon_core.package_discovery:discover_packages(path) check parameters
[0.223s] Level 1:colcon.colcon_core.package_discovery:discover_packages(colcon_meta) discover
[0.223s] Level 1:colcon.colcon_core.package_discovery:discover_packages(recursive) discover
[0.223s] INFO:colcon.colcon_core.package_discovery:Crawling recursively for packages in '/home/pi5/HOSPITAL_WS'
[0.223s] Level 1:colcon.colcon_core.package_identification:_identify(.) by extensions ['ignore', 'ignore_ament_install']
[0.223s] Level 1:colcon.colcon_core.package_identification:_identify(.) by extension 'ignore'
[0.223s] Level 1:colcon.colcon_core.package_identification:_identify(.) by extension 'ignore_ament_install'
[0.224s] Level 1:colcon.colcon_core.package_identification:_identify(.) by extensions ['colcon_pkg']
[0.224s] Level 1:colcon.colcon_core.package_identification:_identify(.) by extension 'colcon_pkg'
[0.224s] Level 1:colcon.colcon_core.package_identification:_identify(.) by extensions ['colcon_meta']
[0.224s] Level 1:colcon.colcon_core.package_identification:_identify(.) by extension 'colcon_meta'
[0.224s] Level 1:colcon.colcon_core.package_identification:_identify(.) by extensions ['ros']
[0.224s] Level 1:colcon.colcon_core.package_identification:_identify(.) by extension 'ros'
[0.270s] Level 1:colcon.colcon_core.package_identification:_identify(.) by extensions ['cmake', 'python']
[0.270s] Level 1:colcon.colcon_core.package_identification:_identify(.) by extension 'cmake'
[0.270s] Level 1:colcon.colcon_core.package_identification:_identify(.) by extension 'python'
[0.270s] Level 1:colcon.colcon_core.package_identification:_identify(.) by extensions ['python_setup_py']
[0.270s] Level 1:colcon.colcon_core.package_identification:_identify(.) by extension 'python_setup_py'
[0.270s] Level 1:colcon.colcon_core.package_identification:_identify(build) by extensions ['ignore', 'ignore_ament_install']
[0.270s] Level 1:colcon.colcon_core.package_identification:_identify(build) by extension 'ignore'
[0.270s] Level 1:colcon.colcon_core.package_identification:_identify(build) ignored
[0.271s] Level 1:colcon.colcon_core.package_identification:_identify(install) by extensions ['ignore', 'ignore_ament_install']
[0.271s] Level 1:colcon.colcon_core.package_identification:_identify(install) by extension 'ignore'
[0.271s] Level 1:colcon.colcon_core.package_identification:_identify(install) ignored
[0.271s] Level 1:colcon.colcon_core.package_identification:_identify(log) by extensions ['ignore', 'ignore_ament_install']
[0.271s] Level 1:colcon.colcon_core.package_identification:_identify(log) by extension 'ignore'
[0.272s] Level 1:colcon.colcon_core.package_identification:_identify(log) ignored
[0.272s] Level 1:colcon.colcon_core.package_identification:_identify(src) by extensions ['ignore', 'ignore_ament_install']
[0.272s] Level 1:colcon.colcon_core.package_identification:_identify(src) by extension 'ignore'
[0.272s] Level 1:colcon.colcon_core.package_identification:_identify(src) by extension 'ignore_ament_install'
[0.272s] Level 1:colcon.colcon_core.package_identification:_identify(src) by extensions ['colcon_pkg']
[0.272s] Level 1:colcon.colcon_core.package_identification:_identify(src) by extension 'colcon_pkg'
[0.272s] Level 1:colcon.colcon_core.package_identification:_identify(src) by extensions ['colcon_meta']
[0.272s] Level 1:colcon.colcon_core.package_identification:_identify(src) by extension 'colcon_meta'
[0.272s] Level 1:colcon.colcon_core.package_identification:_identify(src) by extensions ['ros']
[0.272s] Level 1:colcon.colcon_core.package_identification:_identify(src) by extension 'ros'
[0.272s] Level 1:colcon.colcon_core.package_identification:_identify(src) by extensions ['cmake', 'python']
[0.272s] Level 1:colcon.colcon_core.package_identification:_identify(src) by extension 'cmake'
[0.272s] Level 1:colcon.colcon_core.package_identification:_identify(src) by extension 'python'
[0.272s] Level 1:colcon.colcon_core.package_identification:_identify(src) by extensions ['python_setup_py']
[0.272s] Level 1:colcon.colcon_core.package_identification:_identify(src) by extension 'python_setup_py'
[0.272s] Level 1:colcon.colcon_core.package_identification:_identify(src/hospital_hardware) by extensions ['ignore', 'ignore_ament_install']
[0.272s] Level 1:colcon.colcon_core.package_identification:_identify(src/hospital_hardware) by extension 'ignore'
[0.273s] Level 1:colcon.colcon_core.package_identification:_identify(src/hospital_hardware) by extension 'ignore_ament_install'
[0.273s] Level 1:colcon.colcon_core.package_identification:_identify(src/hospital_hardware) by extensions ['colcon_pkg']
[0.273s] Level 1:colcon.colcon_core.package_identification:_identify(src/hospital_hardware) by extension 'colcon_pkg'
[0.273s] Level 1:colcon.colcon_core.package_identification:_identify(src/hospital_hardware) by extensions ['colcon_meta']
[0.273s] Level 1:colcon.colcon_core.package_identification:_identify(src/hospital_hardware) by extension 'colcon_meta'
[0.273s] Level 1:colcon.colcon_core.package_identification:_identify(src/hospital_hardware) by extensions ['ros']
[0.273s] Level 1:colcon.colcon_core.package_identification:_identify(src/hospital_hardware) by extension 'ros'
[0.276s] DEBUG:colcon.colcon_core.package_identification:Package 'src/hospital_hardware' with type 'ros.ament_python' and name 'hospital_hardware'
[0.276s] Level 1:colcon.colcon_core.package_identification:_identify(src/hospital_robot) by extensions ['ignore', 'ignore_ament_install']
[0.276s] Level 1:colcon.colcon_core.package_identification:_identify(src/hospital_robot) by extension 'ignore'
[0.276s] Level 1:colcon.colcon_core.package_identification:_identify(src/hospital_robot) by extension 'ignore_ament_install'
[0.276s] Level 1:colcon.colcon_core.package_identification:_identify(src/hospital_robot) by extensions ['colcon_pkg']
[0.276s] Level 1:colcon.colcon_core.package_identification:_identify(src/hospital_robot) by extension 'colcon_pkg'
[0.276s] Level 1:colcon.colcon_core.package_identification:_identify(src/hospital_robot) by extensions ['colcon_meta']
[0.276s] Level 1:colcon.colcon_core.package_identification:_identify(src/hospital_robot) by extension 'colcon_meta'
[0.277s] Level 1:colcon.colcon_core.package_identification:_identify(src/hospital_robot) by extensions ['ros']
[0.277s] Level 1:colcon.colcon_core.package_identification:_identify(src/hospital_robot) by extension 'ros'
[0.277s] DEBUG:colcon.colcon_core.package_identification:Package 'src/hospital_robot' with type 'ros.ament_python' and name 'hospital_robot'
[0.277s] Level 1:colcon.colcon_core.package_identification:_identify(src/hospital_world) by extensions ['ignore', 'ignore_ament_install']
[0.277s] Level 1:colcon.colcon_core.package_identification:_identify(src/hospital_world) by extension 'ignore'
[0.278s] Level 1:colcon.colcon_core.package_identification:_identify(src/hospital_world) by extension 'ignore_ament_install'
[0.278s] Level 1:colcon.colcon_core.package_identification:_identify(src/hospital_world) by extensions ['colcon_pkg']
[0.278s] Level 1:colcon.colcon_core.package_identification:_identify(src/hospital_world) by extension 'colcon_pkg'
[0.278s] Level 1:colcon.colcon_core.package_identification:_identify(src/hospital_world) by extensions ['colcon_meta']
[0.278s] Level 1:colcon.colcon_core.package_identification:_identify(src/hospital_world) by extension 'colcon_meta'
[0.278s] Level 1:colcon.colcon_core.package_identification:_identify(src/hospital_world) by extensions ['ros']
[0.278s] Level 1:colcon.colcon_core.package_identification:_identify(src/hospital_world) by extension 'ros'
[0.279s] DEBUG:colcon.colcon_core.package_identification:Package 'src/hospital_world' with type 'ros.ament_python' and name 'hospital_world'
[0.279s] Level 1:colcon.colcon_core.package_discovery:discover_packages(recursive) using defaults
[0.279s] Level 1:colcon.colcon_core.package_discovery:discover_packages(ignore) discover
[0.279s] Level 1:colcon.colcon_core.package_discovery:discover_packages(ignore) using defaults
[0.279s] Level 1:colcon.colcon_core.package_discovery:discover_packages(path) discover
[0.279s] Level 1:colcon.colcon_core.package_discovery:discover_packages(path) using defaults
[0.303s] Level 1:colcon.colcon_core.package_discovery:discover_packages(prefix_path) check parameters
[0.303s] Level 1:colcon.colcon_core.package_discovery:discover_packages(prefix_path) discover
[0.305s] DEBUG:colcon.colcon_installed_package_information.package_discovery:Found 3 installed packages in /home/pi5/HOSPITAL_WS/install
[0.308s] DEBUG:colcon.colcon_installed_package_information.package_discovery:Found 362 installed packages in /opt/ros/jazzy
[0.310s] Level 1:colcon.colcon_core.package_discovery:discover_packages(prefix_path) using defaults
[0.386s] Level 5:colcon.colcon_core.verb:set package 'hospital_hardware' build argument 'cmake_args' from command line to 'None'
[0.386s] Level 5:colcon.colcon_core.verb:set package 'hospital_hardware' build argument 'cmake_target' from command line to 'None'
[0.386s] Level 5:colcon.colcon_core.verb:set package 'hospital_hardware' build argument 'cmake_target_skip_unavailable' from command line to 'False'
[0.386s] Level 5:colcon.colcon_core.verb:set package 'hospital_hardware' build argument 'cmake_clean_cache' from command line to 'False'
[0.386s] Level 5:colcon.colcon_core.verb:set package 'hospital_hardware' build argument 'cmake_clean_first' from command line to 'False'
[0.386s] Level 5:colcon.colcon_core.verb:set package 'hospital_hardware' build argument 'cmake_force_configure' from command line to 'False'
[0.386s] Level 5:colcon.colcon_core.verb:set package 'hospital_hardware' build argument 'ament_cmake_args' from command line to 'None'
[0.386s] Level 5:colcon.colcon_core.verb:set package 'hospital_hardware' build argument 'catkin_cmake_args' from command line to 'None'
[0.386s] Level 5:colcon.colcon_core.verb:set package 'hospital_hardware' build argument 'catkin_skip_building_tests' from command line to 'False'
[0.386s] DEBUG:colcon.colcon_core.verb:Building package 'hospital_hardware' with the following arguments: {'ament_cmake_args': None, 'build_base': '/home/pi5/HOSPITAL_WS/build/hospital_hardware', 'catkin_cmake_args': None, 'catkin_skip_building_tests': False, 'cmake_args': None, 'cmake_clean_cache': False, 'cmake_clean_first': False, 'cmake_force_configure': False, 'cmake_target': None, 'cmake_target_skip_unavailable': False, 'install_base': '/home/pi5/HOSPITAL_WS/install/hospital_hardware', 'merge_install': False, 'path': '/home/pi5/HOSPITAL_WS/src/hospital_hardware', 'symlink_install': False, 'test_result_base': None}
[0.387s] Level 5:colcon.colcon_core.verb:set package 'hospital_robot' build argument 'cmake_args' from command line to 'None'
[0.387s] Level 5:colcon.colcon_core.verb:set package 'hospital_robot' build argument 'cmake_target' from command line to 'None'
[0.387s] Level 5:colcon.colcon_core.verb:set package 'hospital_robot' build argument 'cmake_target_skip_unavailable' from command line to 'False'
[0.387s] Level 5:colcon.colcon_core.verb:set package 'hospital_robot' build argument 'cmake_clean_cache' from command line to 'False'
[0.387s] Level 5:colcon.colcon_core.verb:set package 'hospital_robot' build argument 'cmake_clean_first' from command line to 'False'
[0.387s] Level 5:colcon.colcon_core.verb:set package 'hospital_robot' build argument 'cmake_force_configure' from command line to 'False'
[0.387s] Level 5:colcon.colcon_core.verb:set package 'hospital_robot' build argument 'ament_cmake_args' from command line to 'None'
[0.387s] Level 5:colcon.colcon_core.verb:set package 'hospital_robot' build argument 'catkin_cmake_args' from command line to 'None'
[0.387s] Level 5:colcon.colcon_core.verb:set package 'hospital_robot' build argument 'catkin_skip_building_tests' from command line to 'False'
[0.387s] DEBUG:colcon.colcon_core.verb:Building package 'hospital_robot' with the following arguments: {'ament_cmake_args': None, 'build_base': '/home/pi5/HOSPITAL_WS/build/hospital_robot', 'catkin_cmake_args': None, 'catkin_skip_building_tests': False, 'cmake_args': None, 'cmake_clean_cache': False, 'cmake_clean_first': False, 'cmake_force_configure': False, 'cmake_target': None, 'cmake_target_skip_unavailable': False, 'install_base': '/home/pi5/HOSPITAL_WS/install/hospital_robot', 'merge_install': False, 'path': '/home/pi5/HOSPITAL_WS/src/hospital_robot', 'symlink_install': False, 'test_result_base': None}
[0.387s] Level 5:colcon.colcon_core.verb:set package 'hospital_world' build argument 'cmake_args' from command line to 'None'
[0.387s] Level 5:colcon.colcon_core.verb:set package 'hospital_world' build argument 'cmake_target' from command line to 'None'
[0.387s] Level 5:colcon.colcon_core.verb:set package 'hospital_world' build argument 'cmake_target_skip_unavailable' from command line to 'False'
[0.387s] Level 5:colcon.colcon_core.verb:set package 'hospital_world' build argument 'cmake_clean_cache' from command line to 'False'
[0.387s] Level 5:colcon.colcon_core.verb:set package 'hospital_world' build argument 'cmake_clean_first' from command line to 'False'
[0.388s] Level 5:colcon.colcon_core.verb:set package 'hospital_world' build argument 'cmake_force_configure' from command line to 'False'
[0.388s] Level 5:colcon.colcon_core.verb:set package 'hospital_world' build argument 'ament_cmake_args' from command line to 'None'
[0.388s] Level 5:colcon.colcon_core.verb:set package 'hospital_world' build argument 'catkin_cmake_args' from command line to 'None'
[0.388s] Level 5:colcon.colcon_core.verb:set package 'hospital_world' build argument 'catkin_skip_building_tests' from command line to 'False'
[0.388s] DEBUG:colcon.colcon_core.verb:Building package 'hospital_world' with the following arguments: {'ament_cmake_args': None, 'build_base': '/home/pi5/HOSPITAL_WS/build/hospital_world', 'catkin_cmake_args': None, 'catkin_skip_building_tests': False, 'cmake_args': None, 'cmake_clean_cache': False, 'cmake_clean_first': False, 'cmake_force_configure': False, 'cmake_target': None, 'cmake_target_skip_unavailable': False, 'install_base': '/home/pi5/HOSPITAL_WS/install/hospital_world', 'merge_install': False, 'path': '/home/pi5/HOSPITAL_WS/src/hospital_world', 'symlink_install': False, 'test_result_base': None}
[0.388s] INFO:colcon.colcon_core.executor:Executing jobs using 'parallel' executor
[0.389s] DEBUG:colcon.colcon_parallel_executor.executor.parallel:run_until_complete
[0.390s] INFO:colcon.colcon_ros.task.ament_python.build:Building ROS package in '/home/pi5/HOSPITAL_WS/src/hospital_hardware' with build type 'ament_python'
[0.390s] Level 1:colcon.colcon_core.shell:create_environment_hook('hospital_hardware', 'ament_prefix_path')
[0.396s] INFO:colcon.colcon_core.plugin_system:Skipping extension 'colcon_core.shell.bat': Not used on non-Windows systems
[0.397s] INFO:colcon.colcon_core.shell:Creating environment hook '/home/pi5/HOSPITAL_WS/install/hospital_hardware/share/hospital_hardware/hook/ament_prefix_path.ps1'
[0.398s] INFO:colcon.colcon_core.shell:Creating environment descriptor '/home/pi5/HOSPITAL_WS/install/hospital_hardware/share/hospital_hardware/hook/ament_prefix_path.dsv'
[0.401s] INFO:colcon.colcon_core.shell:Creating environment hook '/home/pi5/HOSPITAL_WS/install/hospital_hardware/share/hospital_hardware/hook/ament_prefix_path.sh'
[0.405s] INFO:colcon.colcon_core.shell:Skip shell extension 'powershell' for command environment: Not usable outside of PowerShell
[0.405s] DEBUG:colcon.colcon_core.shell:Skip shell extension 'dsv' for command environment
[0.414s] INFO:colcon.colcon_ros.task.ament_python.build:Building ROS package in '/home/pi5/HOSPITAL_WS/src/hospital_robot' with build type 'ament_python'
[0.415s] Level 1:colcon.colcon_core.shell:create_environment_hook('hospital_robot', 'ament_prefix_path')
[0.416s] INFO:colcon.colcon_core.shell:Creating environment hook '/home/pi5/HOSPITAL_WS/install/hospital_robot/share/hospital_robot/hook/ament_prefix_path.ps1'
[0.418s] INFO:colcon.colcon_core.shell:Creating environment descriptor '/home/pi5/HOSPITAL_WS/install/hospital_robot/share/hospital_robot/hook/ament_prefix_path.dsv'
[0.419s] INFO:colcon.colcon_core.shell:Creating environment hook '/home/pi5/HOSPITAL_WS/install/hospital_robot/share/hospital_robot/hook/ament_prefix_path.sh'
[0.420s] INFO:colcon.colcon_core.shell:Skip shell extension 'powershell' for command environment: Not usable outside of PowerShell
[0.421s] DEBUG:colcon.colcon_core.shell:Skip shell extension 'dsv' for command environment
[0.429s] INFO:colcon.colcon_ros.task.ament_python.build:Building ROS package in '/home/pi5/HOSPITAL_WS/src/hospital_world' with build type 'ament_python'
[0.430s] Level 1:colcon.colcon_core.shell:create_environment_hook('hospital_world', 'ament_prefix_path')
[0.430s] INFO:colcon.colcon_core.shell:Creating environment hook '/home/pi5/HOSPITAL_WS/install/hospital_world/share/hospital_world/hook/ament_prefix_path.ps1'
[0.431s] INFO:colcon.colcon_core.shell:Creating environment descriptor '/home/pi5/HOSPITAL_WS/install/hospital_world/share/hospital_world/hook/ament_prefix_path.dsv'
[0.432s] INFO:colcon.colcon_core.shell:Creating environment hook '/home/pi5/HOSPITAL_WS/install/hospital_world/share/hospital_world/hook/ament_prefix_path.sh'
[0.434s] INFO:colcon.colcon_core.shell:Skip shell extension 'powershell' for command environment: Not usable outside of PowerShell
[0.434s] DEBUG:colcon.colcon_core.shell:Skip shell extension 'dsv' for command environment
[0.825s] INFO:colcon.colcon_core.task.python.build:Building Python package in '/home/pi5/HOSPITAL_WS/src/hospital_hardware'
[0.826s] INFO:colcon.colcon_core.shell:Skip shell extension 'powershell' for command environment: Not usable outside of PowerShell
[0.826s] DEBUG:colcon.colcon_core.shell:Skip shell extension 'dsv' for command environment
[1.220s] INFO:colcon.colcon_core.task.python.build:Building Python package in '/home/pi5/HOSPITAL_WS/src/hospital_robot'
[1.220s] INFO:colcon.colcon_core.shell:Skip shell extension 'powershell' for command environment: Not usable outside of PowerShell
[1.220s] DEBUG:colcon.colcon_core.shell:Skip shell extension 'dsv' for command environment
[1.605s] INFO:colcon.colcon_core.task.python.build:Building Python package in '/home/pi5/HOSPITAL_WS/src/hospital_world'
[1.606s] INFO:colcon.colcon_core.shell:Skip shell extension 'powershell' for command environment: Not usable outside of PowerShell
[1.606s] DEBUG:colcon.colcon_core.shell:Skip shell extension 'dsv' for command environment
[2.783s] DEBUG:colcon.colcon_core.event_handler.log_command:Invoking command in '/home/pi5/HOSPITAL_WS/src/hospital_world': DEBUGINFOD_URLS=https://debuginfod.ubuntu.com PYTHONPATH=/home/pi5/HOSPITAL_WS/build/hospital_world/prefix_override:/usr/lib/python3/dist-packages/colcon_core/task/python/colcon_distutils_commands:/home/pi5/HOSPITAL_WS/install/hospital_world/lib/python3.12/site-packages:${PYTHONPATH} /usr/bin/python3 -W ignore:setup.py install is deprecated -W ignore:easy_install command is deprecated setup.py egg_info --egg-base ../../build/hospital_world build --build-base /home/pi5/HOSPITAL_WS/build/hospital_world/build install --record /home/pi5/HOSPITAL_WS/build/hospital_world/install.log --single-version-externally-managed install_data
[2.791s] DEBUG:colcon.colcon_core.event_handler.log_command:Invoking command in '/home/pi5/HOSPITAL_WS/src/hospital_robot': DEBUGINFOD_URLS=https://debuginfod.ubuntu.com PYTHONPATH=/home/pi5/HOSPITAL_WS/build/hospital_robot/prefix_override:/usr/lib/python3/dist-packages/colcon_core/task/python/colcon_distutils_commands:/home/pi5/HOSPITAL_WS/install/hospital_robot/lib/python3.12/site-packages:${PYTHONPATH} /usr/bin/python3 -W ignore:setup.py install is deprecated -W ignore:easy_install command is deprecated setup.py egg_info --egg-base ../../build/hospital_robot build --build-base /home/pi5/HOSPITAL_WS/build/hospital_robot/build install --record /home/pi5/HOSPITAL_WS/build/hospital_robot/install.log --single-version-externally-managed install_data
[2.794s] DEBUG:colcon.colcon_core.event_handler.log_command:Invoking command in '/home/pi5/HOSPITAL_WS/src/hospital_hardware': DEBUGINFOD_URLS=https://debuginfod.ubuntu.com PYTHONPATH=/home/pi5/HOSPITAL_WS/build/hospital_hardware/prefix_override:/usr/lib/python3/dist-packages/colcon_core/task/python/colcon_distutils_commands:/home/pi5/HOSPITAL_WS/install/hospital_hardware/lib/python3.12/site-packages:${PYTHONPATH} /usr/bin/python3 -W ignore:setup.py install is deprecated -W ignore:easy_install command is deprecated setup.py egg_info --egg-base ../../build/hospital_hardware build --build-base /home/pi5/HOSPITAL_WS/build/hospital_hardware/build install --record /home/pi5/HOSPITAL_WS/build/hospital_hardware/install.log --single-version-externally-managed install_data
[3.862s] DEBUG:colcon.colcon_core.event_handler.log_command:Invoked command in '/home/pi5/HOSPITAL_WS/src/hospital_world' returned '0': DEBUGINFOD_URLS=https://debuginfod.ubuntu.com PYTHONPATH=/home/pi5/HOSPITAL_WS/build/hospital_world/prefix_override:/usr/lib/python3/dist-packages/colcon_core/task/python/colcon_distutils_commands:/home/pi5/HOSPITAL_WS/install/hospital_world/lib/python3.12/site-packages:${PYTHONPATH} /usr/bin/python3 -W ignore:setup.py install is deprecated -W ignore:easy_install command is deprecated setup.py egg_info --egg-base ../../build/hospital_world build --build-base /home/pi5/HOSPITAL_WS/build/hospital_world/build install --record /home/pi5/HOSPITAL_WS/build/hospital_world/install.log --single-version-externally-managed install_data
[3.873s] Level 1:colcon.colcon_core.environment:checking '/home/pi5/HOSPITAL_WS/install/hospital_world' for CMake module files
[3.874s] Level 1:colcon.colcon_core.environment:checking '/home/pi5/HOSPITAL_WS/install/hospital_world' for CMake config files
[3.875s] Level 1:colcon.colcon_core.environment:checking '/home/pi5/HOSPITAL_WS/install/hospital_world/lib'
[3.875s] Level 1:colcon.colcon_core.environment:checking '/home/pi5/HOSPITAL_WS/install/hospital_world/bin'
[3.876s] Level 1:colcon.colcon_core.environment:checking '/home/pi5/HOSPITAL_WS/install/hospital_world/lib/pkgconfig/hospital_world.pc'
[3.876s] Level 1:colcon.colcon_core.environment:checking '/home/pi5/HOSPITAL_WS/install/hospital_world/lib/python3.12/site-packages'
[3.876s] Level 1:colcon.colcon_core.shell:create_environment_hook('hospital_world', 'pythonpath')
[3.876s] INFO:colcon.colcon_core.shell:Creating environment hook '/home/pi5/HOSPITAL_WS/install/hospital_world/share/hospital_world/hook/pythonpath.ps1'
[3.877s] INFO:colcon.colcon_core.shell:Creating environment descriptor '/home/pi5/HOSPITAL_WS/install/hospital_world/share/hospital_world/hook/pythonpath.dsv'
[3.881s] INFO:colcon.colcon_core.shell:Creating environment hook '/home/pi5/HOSPITAL_WS/install/hospital_world/share/hospital_world/hook/pythonpath.sh'
[3.882s] Level 1:colcon.colcon_core.environment:checking '/home/pi5/HOSPITAL_WS/install/hospital_world/bin'
[3.882s] Level 1:colcon.colcon_core.environment:create_environment_scripts_only(hospital_world)
[3.882s] INFO:colcon.colcon_core.shell:Creating package script '/home/pi5/HOSPITAL_WS/install/hospital_world/share/hospital_world/package.ps1'
[3.883s] INFO:colcon.colcon_core.shell:Creating package descriptor '/home/pi5/HOSPITAL_WS/install/hospital_world/share/hospital_world/package.dsv'
[3.884s] INFO:colcon.colcon_core.shell:Creating package script '/home/pi5/HOSPITAL_WS/install/hospital_world/share/hospital_world/package.sh'
[3.886s] INFO:colcon.colcon_core.shell:Creating package script '/home/pi5/HOSPITAL_WS/install/hospital_world/share/hospital_world/package.bash'
[3.886s] INFO:colcon.colcon_core.shell:Creating package script '/home/pi5/HOSPITAL_WS/install/hospital_world/share/hospital_world/package.zsh'
[3.887s] Level 1:colcon.colcon_core.environment:create_file_with_runtime_dependencies(/home/pi5/HOSPITAL_WS/install/hospital_world/share/colcon-core/packages/hospital_world)
[3.891s] Level 1:colcon.colcon_core.environment:checking '/home/pi5/HOSPITAL_WS/install/hospital_hardware' for CMake module files
[3.894s] DEBUG:colcon.colcon_core.event_handler.log_command:Invoked command in '/home/pi5/HOSPITAL_WS/src/hospital_hardware' returned '0': DEBUGINFOD_URLS=https://debuginfod.ubuntu.com PYTHONPATH=/home/pi5/HOSPITAL_WS/build/hospital_hardware/prefix_override:/usr/lib/python3/dist-packages/colcon_core/task/python/colcon_distutils_commands:/home/pi5/HOSPITAL_WS/install/hospital_hardware/lib/python3.12/site-packages:${PYTHONPATH} /usr/bin/python3 -W ignore:setup.py install is deprecated -W ignore:easy_install command is deprecated setup.py egg_info --egg-base ../../build/hospital_hardware build --build-base /home/pi5/HOSPITAL_WS/build/hospital_hardware/build install --record /home/pi5/HOSPITAL_WS/build/hospital_hardware/install.log --single-version-externally-managed install_data
[3.896s] Level 1:colcon.colcon_core.environment:checking '/home/pi5/HOSPITAL_WS/install/hospital_hardware' for CMake config files
[3.898s] Level 1:colcon.colcon_core.environment:checking '/home/pi5/HOSPITAL_WS/install/hospital_hardware/lib'
[3.898s] Level 1:colcon.colcon_core.environment:checking '/home/pi5/HOSPITAL_WS/install/hospital_hardware/bin'
[3.899s] Level 1:colcon.colcon_core.environment:checking '/home/pi5/HOSPITAL_WS/install/hospital_hardware/lib/pkgconfig/hospital_hardware.pc'
[3.900s] Level 1:colcon.colcon_core.environment:checking '/home/pi5/HOSPITAL_WS/install/hospital_hardware/lib/python3.12/site-packages'
[3.900s] Level 1:colcon.colcon_core.shell:create_environment_hook('hospital_hardware', 'pythonpath')
[3.901s] INFO:colcon.colcon_core.shell:Creating environment hook '/home/pi5/HOSPITAL_WS/install/hospital_hardware/share/hospital_hardware/hook/pythonpath.ps1'
[3.902s] INFO:colcon.colcon_core.shell:Creating environment descriptor '/home/pi5/HOSPITAL_WS/install/hospital_hardware/share/hospital_hardware/hook/pythonpath.dsv'
[3.903s] INFO:colcon.colcon_core.shell:Creating environment hook '/home/pi5/HOSPITAL_WS/install/hospital_hardware/share/hospital_hardware/hook/pythonpath.sh'
[3.905s] Level 1:colcon.colcon_core.environment:checking '/home/pi5/HOSPITAL_WS/install/hospital_hardware/bin'
[3.906s] Level 1:colcon.colcon_core.environment:create_environment_scripts_only(hospital_hardware)
[3.907s] INFO:colcon.colcon_core.shell:Creating package script '/home/pi5/HOSPITAL_WS/install/hospital_hardware/share/hospital_hardware/package.ps1'
[3.911s] INFO:colcon.colcon_core.shell:Creating package descriptor '/home/pi5/HOSPITAL_WS/install/hospital_hardware/share/hospital_hardware/package.dsv'
[3.912s] INFO:colcon.colcon_core.shell:Creating package script '/home/pi5/HOSPITAL_WS/install/hospital_hardware/share/hospital_hardware/package.sh'
[3.912s] INFO:colcon.colcon_core.shell:Creating package script '/home/pi5/HOSPITAL_WS/install/hospital_hardware/share/hospital_hardware/package.bash'
[3.913s] INFO:colcon.colcon_core.shell:Creating package script '/home/pi5/HOSPITAL_WS/install/hospital_hardware/share/hospital_hardware/package.zsh'
[3.915s] Level 1:colcon.colcon_core.environment:create_file_with_runtime_dependencies(/home/pi5/HOSPITAL_WS/install/hospital_hardware/share/colcon-core/packages/hospital_hardware)
[3.918s] Level 1:colcon.colcon_core.environment:checking '/home/pi5/HOSPITAL_WS/install/hospital_robot' for CMake module files
[3.919s] DEBUG:colcon.colcon_core.event_handler.log_command:Invoked command in '/home/pi5/HOSPITAL_WS/src/hospital_robot' returned '0': DEBUGINFOD_URLS=https://debuginfod.ubuntu.com PYTHONPATH=/home/pi5/HOSPITAL_WS/build/hospital_robot/prefix_override:/usr/lib/python3/dist-packages/colcon_core/task/python/colcon_distutils_commands:/home/pi5/HOSPITAL_WS/install/hospital_robot/lib/python3.12/site-packages:${PYTHONPATH} /usr/bin/python3 -W ignore:setup.py install is deprecated -W ignore:easy_install command is deprecated setup.py egg_info --egg-base ../../build/hospital_robot build --build-base /home/pi5/HOSPITAL_WS/build/hospital_robot/build install --record /home/pi5/HOSPITAL_WS/build/hospital_robot/install.log --single-version-externally-managed install_data
[3.919s] Level 1:colcon.colcon_core.environment:checking '/home/pi5/HOSPITAL_WS/install/hospital_robot' for CMake config files
[3.921s] Level 1:colcon.colcon_core.environment:checking '/home/pi5/HOSPITAL_WS/install/hospital_robot/lib'
[3.921s] Level 1:colcon.colcon_core.environment:checking '/home/pi5/HOSPITAL_WS/install/hospital_robot/bin'
[3.921s] Level 1:colcon.colcon_core.environment:checking '/home/pi5/HOSPITAL_WS/install/hospital_robot/lib/pkgconfig/hospital_robot.pc'
[3.922s] Level 1:colcon.colcon_core.environment:checking '/home/pi5/HOSPITAL_WS/install/hospital_robot/lib/python3.12/site-packages'
[3.922s] Level 1:colcon.colcon_core.shell:create_environment_hook('hospital_robot', 'pythonpath')
[3.923s] INFO:colcon.colcon_core.shell:Creating environment hook '/home/pi5/HOSPITAL_WS/install/hospital_robot/share/hospital_robot/hook/pythonpath.ps1'
[3.926s] INFO:colcon.colcon_core.shell:Creating environment descriptor '/home/pi5/HOSPITAL_WS/install/hospital_robot/share/hospital_robot/hook/pythonpath.dsv'
[3.927s] INFO:colcon.colcon_core.shell:Creating environment hook '/home/pi5/HOSPITAL_WS/install/hospital_robot/share/hospital_robot/hook/pythonpath.sh'
[3.928s] Level 1:colcon.colcon_core.environment:checking '/home/pi5/HOSPITAL_WS/install/hospital_robot/bin'
[3.928s] Level 1:colcon.colcon_core.environment:create_environment_scripts_only(hospital_robot)
[3.929s] INFO:colcon.colcon_core.shell:Creating package script '/home/pi5/HOSPITAL_WS/install/hospital_robot/share/hospital_robot/package.ps1'
[3.932s] INFO:colcon.colcon_core.shell:Creating package descriptor '/home/pi5/HOSPITAL_WS/install/hospital_robot/share/hospital_robot/package.dsv'
[3.934s] INFO:colcon.colcon_core.shell:Creating package script '/home/pi5/HOSPITAL_WS/install/hospital_robot/share/hospital_robot/package.sh'
[3.935s] INFO:colcon.colcon_core.shell:Creating package script '/home/pi5/HOSPITAL_WS/install/hospital_robot/share/hospital_robot/package.bash'
[3.936s] INFO:colcon.colcon_core.shell:Creating package script '/home/pi5/HOSPITAL_WS/install/hospital_robot/share/hospital_robot/package.zsh'
[3.936s] Level 1:colcon.colcon_core.environment:create_file_with_runtime_dependencies(/home/pi5/HOSPITAL_WS/install/hospital_robot/share/colcon-core/packages/hospital_robot)
[3.937s] DEBUG:colcon.colcon_parallel_executor.executor.parallel:closing loop
[3.938s] DEBUG:colcon.colcon_parallel_executor.executor.parallel:loop closed
[3.938s] DEBUG:colcon.colcon_parallel_executor.executor.parallel:run_until_complete finished with '0'
[3.939s] DEBUG:colcon.colcon_core.event_reactor:joining thread
[3.955s] INFO:colcon.colcon_core.plugin_system:Skipping extension 'colcon_notification.desktop_notification.terminal_notifier': Not used on non-Darwin systems
[3.956s] INFO:colcon.colcon_core.plugin_system:Skipping extension 'colcon_notification.desktop_notification.win32': Not used on non-Windows systems
[3.956s] INFO:colcon.colcon_notification.desktop_notification:Sending desktop notification using 'notify2'
[3.985s] DEBUG:colcon.colcon_core.event_reactor:joined thread
[3.986s] INFO:colcon.colcon_core.shell:Creating prefix script '/home/pi5/HOSPITAL_WS/install/local_setup.ps1'
[3.988s] INFO:colcon.colcon_core.shell:Creating prefix util module '/home/pi5/HOSPITAL_WS/install/_local_setup_util_ps1.py'
[3.990s] INFO:colcon.colcon_core.shell:Creating prefix chain script '/home/pi5/HOSPITAL_WS/install/setup.ps1'
[3.991s] INFO:colcon.colcon_core.shell:Creating prefix script '/home/pi5/HOSPITAL_WS/install/local_setup.sh'
[3.992s] INFO:colcon.colcon_core.shell:Creating prefix util module '/home/pi5/HOSPITAL_WS/install/_local_setup_util_sh.py'
[3.994s] INFO:colcon.colcon_core.shell:Creating prefix chain script '/home/pi5/HOSPITAL_WS/install/setup.sh'
[3.997s] INFO:colcon.colcon_core.shell:Creating prefix script '/home/pi5/HOSPITAL_WS/install/local_setup.bash'
[3.998s] INFO:colcon.colcon_core.shell:Creating prefix chain script '/home/pi5/HOSPITAL_WS/install/setup.bash'
[3.999s] INFO:colcon.colcon_core.shell:Creating prefix script '/home/pi5/HOSPITAL_WS/install/local_setup.zsh'
[4.000s] INFO:colcon.colcon_core.shell:Creating prefix chain script '/home/pi5/HOSPITAL_WS/install/setup.zsh'
