[3.427s] Invoking command in '/home/pi5/HOSPITAL_WS/src/hospital_robot': DEBUGINFOD_URLS=https://debuginfod.ubuntu.com PYTHONPATH=/home/pi5/HOSPITAL_WS/build/hospital_robot/prefix_override:/usr/lib/python3/dist-packages/colcon_core/task/python/colcon_distutils_commands:/home/pi5/HOSPITAL_WS/install/hospital_robot/lib/python3.12/site-packages:${PYTHONPATH} /usr/bin/python3 -W ignore:setup.py install is deprecated -W ignore:easy_install command is deprecated setup.py egg_info --egg-base ../../build/hospital_robot build --build-base /home/pi5/HOSPITAL_WS/build/hospital_robot/build install --record /home/pi5/HOSPITAL_WS/build/hospital_robot/install.log --single-version-externally-managed install_data
[4.381s] running egg_info
[4.421s] writing ../../build/hospital_robot/hospital_robot.egg-info/PKG-INFO
[4.429s] writing dependency_links to ../../build/hospital_robot/hospital_robot.egg-info/dependency_links.txt
[4.429s] writing entry points to ../../build/hospital_robot/hospital_robot.egg-info/entry_points.txt
[4.429s] writing requirements to ../../build/hospital_robot/hospital_robot.egg-info/requires.txt
[4.429s] writing top-level names to ../../build/hospital_robot/hospital_robot.egg-info/top_level.txt
[4.568s] reading manifest file '../../build/hospital_robot/hospital_robot.egg-info/SOURCES.txt'
[4.570s] writing manifest file '../../build/hospital_robot/hospital_robot.egg-info/SOURCES.txt'
[4.571s] running build
[4.571s] running build_py
[4.572s] running install
[4.604s] running install_lib
[4.676s] running install_data
[4.676s] running install_egg_info
[4.738s] removing '/home/pi5/HOSPITAL_WS/install/hospital_robot/lib/python3.12/site-packages/hospital_robot-0.0.0-py3.12.egg-info' (and everything under it)
[4.741s] Copying ../../build/hospital_robot/hospital_robot.egg-info to /home/pi5/HOSPITAL_WS/install/hospital_robot/lib/python3.12/site-packages/hospital_robot-0.0.0-py3.12.egg-info
[4.745s] running install_scripts
[5.144s] Installing move_robot script to /home/pi5/HOSPITAL_WS/install/hospital_robot/lib/hospital_robot
[5.152s] Installing odomm script to /home/pi5/HOSPITAL_WS/install/hospital_robot/lib/hospital_robot
[5.153s] writing list of installed files to '/home/pi5/HOSPITAL_WS/build/hospital_robot/install.log'
[5.439s] Invoked command in '/home/pi5/HOSPITAL_WS/src/hospital_robot' returned '0': DEBUGINFOD_URLS=https://debuginfod.ubuntu.com PYTHONPATH=/home/pi5/HOSPITAL_WS/build/hospital_robot/prefix_override:/usr/lib/python3/dist-packages/colcon_core/task/python/colcon_distutils_commands:/home/pi5/HOSPITAL_WS/install/hospital_robot/lib/python3.12/site-packages:${PYTHONPATH} /usr/bin/python3 -W ignore:setup.py install is deprecated -W ignore:easy_install command is deprecated setup.py egg_info --egg-base ../../build/hospital_robot build --build-base /home/pi5/HOSPITAL_WS/build/hospital_robot/build install --record /home/pi5/HOSPITAL_WS/build/hospital_robot/install.log --single-version-externally-managed install_data
