[0.740s] Invoking command in '/home/vikash/Hospital_ws/src/hospital_world': PYTHONPATH=/home/vikash/Hospital_ws/build/hospital_world/prefix_override:/usr/lib/python3/dist-packages/colcon_core/task/python/colcon_distutils_commands:/home/vikash/Hospital_ws/install/hospital_world/lib/python3.10/site-packages:${PYTHONPATH} /usr/bin/python3 -W ignore:setup.py install is deprecated -W ignore:easy_install command is deprecated setup.py egg_info --egg-base ../../build/hospital_world build --build-base /home/vikash/Hospital_ws/build/hospital_world/build install --record /home/vikash/Hospital_ws/build/hospital_world/install.log --single-version-externally-managed install_data
[0.905s] running egg_info
[0.905s] writing ../../build/hospital_world/hospital_world.egg-info/PKG-INFO
[0.906s] writing dependency_links to ../../build/hospital_world/hospital_world.egg-info/dependency_links.txt
[0.906s] writing entry points to ../../build/hospital_world/hospital_world.egg-info/entry_points.txt
[0.906s] writing requirements to ../../build/hospital_world/hospital_world.egg-info/requires.txt
[0.906s] writing top-level names to ../../build/hospital_world/hospital_world.egg-info/top_level.txt
[0.908s] reading manifest file '../../build/hospital_world/hospital_world.egg-info/SOURCES.txt'
[0.908s] writing manifest file '../../build/hospital_world/hospital_world.egg-info/SOURCES.txt'
[0.909s] running build
[0.909s] running build_py
[0.909s] running install
[0.909s] running install_lib
[0.910s] running install_data
[0.910s] running install_egg_info
[0.911s] removing '/home/vikash/Hospital_ws/install/hospital_world/lib/python3.10/site-packages/hospital_world-0.0.0-py3.10.egg-info' (and everything under it)
[0.911s] Copying ../../build/hospital_world/hospital_world.egg-info to /home/vikash/Hospital_ws/install/hospital_world/lib/python3.10/site-packages/hospital_world-0.0.0-py3.10.egg-info
[0.912s] running install_scripts
[0.926s] writing list of installed files to '/home/vikash/Hospital_ws/build/hospital_world/install.log'
[0.944s] Invoked command in '/home/vikash/Hospital_ws/src/hospital_world' returned '0': PYTHONPATH=/home/vikash/Hospital_ws/build/hospital_world/prefix_override:/usr/lib/python3/dist-packages/colcon_core/task/python/colcon_distutils_commands:/home/vikash/Hospital_ws/install/hospital_world/lib/python3.10/site-packages:${PYTHONPATH} /usr/bin/python3 -W ignore:setup.py install is deprecated -W ignore:easy_install command is deprecated setup.py egg_info --egg-base ../../build/hospital_world build --build-base /home/vikash/Hospital_ws/build/hospital_world/build install --record /home/vikash/Hospital_ws/build/hospital_world/install.log --single-version-externally-managed install_data
