running develop
Removing /home/vikash/Hospital_ws/install/hospital_world/lib/python3.10/site-packages/hospital-world.egg-link (link to .)
running egg_info
writing ../../build/hospital_world/hospital_world.egg-info/PKG-INFO
writing dependency_links to ../../build/hospital_world/hospital_world.egg-info/dependency_links.txt
writing entry points to ../../build/hospital_world/hospital_world.egg-info/entry_points.txt
writing requirements to ../../build/hospital_world/hospital_world.egg-info/requires.txt
writing top-level names to ../../build/hospital_world/hospital_world.egg-info/top_level.txt
reading manifest file '../../build/hospital_world/hospital_world.egg-info/SOURCES.txt'
writing manifest file '../../build/hospital_world/hospital_world.egg-info/SOURCES.txt'
running build
running build_py
running install
running install_lib
creating /home/vikash/Hospital_ws/install/hospital_world/lib/python3.10/site-packages/hospital_world
copying /home/vikash/Hospital_ws/build/hospital_world/build/lib/hospital_world/__init__.py -> /home/vikash/Hospital_ws/install/hospital_world/lib/python3.10/site-packages/hospital_world
byte-compiling /home/vikash/Hospital_ws/install/hospital_world/lib/python3.10/site-packages/hospital_world/__init__.py to __init__.cpython-310.pyc
running install_data
copying resource/hospital_world -> /home/vikash/Hospital_ws/install/hospital_world/share/ament_index/resource_index/packages
copying package.xml -> /home/vikash/Hospital_ws/install/hospital_world/share/hospital_world
copying launch/hospital_world.launch.py -> /home/vikash/Hospital_ws/install/hospital_world/share/hospital_world/launch
copying worlds/hospital_world.sdf -> /home/vikash/Hospital_ws/install/hospital_world/share/hospital_world/worlds
running install_egg_info
Copying ../../build/hospital_world/hospital_world.egg-info to /home/vikash/Hospital_ws/install/hospital_world/lib/python3.10/site-packages/hospital_world-0.0.0-py3.10.egg-info
running install_scripts
writing list of installed files to '/home/vikash/Hospital_ws/build/hospital_world/install.log'
