[1.139s] Invoking command in '/home/vikash/Hospital_ws/src/hospital_robot': PYTHONPATH=/home/vikash/Hospital_ws/build/hospital_robot/prefix_override:/usr/lib/python3/dist-packages/colcon_core/task/python/colcon_distutils_commands:/home/vikash/Hospital_ws/install/hospital_robot/lib/python3.10/site-packages:${PYTHONPATH} /usr/bin/python3 -W ignore:setup.py install is deprecated -W ignore:easy_install command is deprecated setup.py egg_info --egg-base ../../build/hospital_robot build --build-base /home/vikash/Hospital_ws/build/hospital_robot/build install --record /home/vikash/Hospital_ws/build/hospital_robot/install.log --single-version-externally-managed install_data
[1.414s] running egg_info
[1.418s] writing ../../build/hospital_robot/hospital_robot.egg-info/PKG-INFO
[1.418s] writing dependency_links to ../../build/hospital_robot/hospital_robot.egg-info/dependency_links.txt
[1.418s] writing entry points to ../../build/hospital_robot/hospital_robot.egg-info/entry_points.txt
[1.418s] writing requirements to ../../build/hospital_robot/hospital_robot.egg-info/requires.txt
[1.419s] writing top-level names to ../../build/hospital_robot/hospital_robot.egg-info/top_level.txt
[1.421s] reading manifest file '../../build/hospital_robot/hospital_robot.egg-info/SOURCES.txt'
[1.425s] writing manifest file '../../build/hospital_robot/hospital_robot.egg-info/SOURCES.txt'
[1.425s] running build
[1.425s] running build_py
[1.425s] running install
[1.425s] running install_lib
[1.425s] running install_data
[1.425s] copying urdf/robot.urdf -> /home/vikash/Hospital_ws/install/hospital_robot/share/hospital_robot/urdf
[1.426s] running install_egg_info
[1.427s] removing '/home/vikash/Hospital_ws/install/hospital_robot/lib/python3.10/site-packages/hospital_robot-0.0.0-py3.10.egg-info' (and everything under it)
[1.427s] Copying ../../build/hospital_robot/hospital_robot.egg-info to /home/vikash/Hospital_ws/install/hospital_robot/lib/python3.10/site-packages/hospital_robot-0.0.0-py3.10.egg-info
[1.428s] running install_scripts
[1.461s] Installing move_robot script to /home/vikash/Hospital_ws/install/hospital_robot/lib/hospital_robot
[1.461s] writing list of installed files to '/home/vikash/Hospital_ws/build/hospital_robot/install.log'
[1.527s] Invoked command in '/home/vikash/Hospital_ws/src/hospital_robot' returned '0': PYTHONPATH=/home/vikash/Hospital_ws/build/hospital_robot/prefix_override:/usr/lib/python3/dist-packages/colcon_core/task/python/colcon_distutils_commands:/home/vikash/Hospital_ws/install/hospital_robot/lib/python3.10/site-packages:${PYTHONPATH} /usr/bin/python3 -W ignore:setup.py install is deprecated -W ignore:easy_install command is deprecated setup.py egg_info --egg-base ../../build/hospital_robot build --build-base /home/vikash/Hospital_ws/build/hospital_robot/build install --record /home/vikash/Hospital_ws/build/hospital_robot/install.log --single-version-externally-managed install_data
