[0.755s] Invoking command in '/home/vikash/Hospital_ws/build/hospital_hardware': PYTHONPATH=/home/vikash/Hospital_ws/build/hospital_hardware/prefix_override:/usr/lib/python3/dist-packages/colcon_core/task/python/colcon_distutils_commands:/home/vikash/Hospital_ws/install/hospital_hardware/lib/python3.10/site-packages:${PYTHONPATH} /usr/bin/python3 -W ignore:setup.py install is deprecated -W ignore:easy_install command is deprecated setup.py develop --editable --build-directory /home/vikash/Hospital_ws/build/hospital_hardware/build --no-deps symlink_data --force
[0.960s] running develop
[1.084s] running egg_info
[1.084s] writing hospital_hardware.egg-info/PKG-INFO
[1.084s] writing dependency_links to hospital_hardware.egg-info/dependency_links.txt
[1.085s] writing entry points to hospital_hardware.egg-info/entry_points.txt
[1.085s] writing requirements to hospital_hardware.egg-info/requires.txt
[1.085s] writing top-level names to hospital_hardware.egg-info/top_level.txt
[1.087s] reading manifest file 'hospital_hardware.egg-info/SOURCES.txt'
[1.087s] writing manifest file 'hospital_hardware.egg-info/SOURCES.txt'
[1.089s] running build_ext
[1.089s] Creating /home/vikash/Hospital_ws/install/hospital_hardware/lib/python3.10/site-packages/hospital-hardware.egg-link (link to .)
[1.089s] Installing encoder script to /home/vikash/Hospital_ws/install/hospital_hardware/lib/hospital_hardware
[1.089s] Installing serial_node script to /home/vikash/Hospital_ws/install/hospital_hardware/lib/hospital_hardware
[1.089s] 
[1.089s] Installed /home/vikash/Hospital_ws/build/hospital_hardware
[1.089s] running symlink_data
[1.089s] symbolically linking /home/vikash/Hospital_ws/build/hospital_hardware/resource/hospital_hardware -> /home/vikash/Hospital_ws/install/hospital_hardware/share/ament_index/resource_index/packages
[1.089s] symbolically linking /home/vikash/Hospital_ws/build/hospital_hardware/package.xml -> /home/vikash/Hospital_ws/install/hospital_hardware/share/hospital_hardware
[1.090s] symbolically linking /home/vikash/Hospital_ws/build/hospital_hardware/launch/hardware.launch.py -> /home/vikash/Hospital_ws/install/hospital_hardware/share/hospital_hardware/launch
[1.108s] Invoked command in '/home/vikash/Hospital_ws/build/hospital_hardware' returned '0': PYTHONPATH=/home/vikash/Hospital_ws/build/hospital_hardware/prefix_override:/usr/lib/python3/dist-packages/colcon_core/task/python/colcon_distutils_commands:/home/vikash/Hospital_ws/install/hospital_hardware/lib/python3.10/site-packages:${PYTHONPATH} /usr/bin/python3 -W ignore:setup.py install is deprecated -W ignore:easy_install command is deprecated setup.py develop --editable --build-directory /home/vikash/Hospital_ws/build/hospital_hardware/build --no-deps symlink_data --force
