[0.613s] Invoking command in '/home/vikash/Hospital_ws/build/hospital_robot': PYTHONPATH=/home/vikash/Hospital_ws/build/hospital_robot/prefix_override:/usr/lib/python3/dist-packages/colcon_core/task/python/colcon_distutils_commands:/home/vikash/Hospital_ws/install/hospital_robot/lib/python3.10/site-packages:${PYTHONPATH} /usr/bin/python3 -W ignore:setup.py install is deprecated -W ignore:easy_install command is deprecated setup.py develop --editable --build-directory /home/vikash/Hospital_ws/build/hospital_robot/build --no-deps symlink_data --force
[0.796s] running develop
[0.900s] running egg_info
[0.900s] writing hospital_robot.egg-info/PKG-INFO
[0.900s] writing dependency_links to hospital_robot.egg-info/dependency_links.txt
[0.900s] writing entry points to hospital_robot.egg-info/entry_points.txt
[0.900s] writing requirements to hospital_robot.egg-info/requires.txt
[0.901s] writing top-level names to hospital_robot.egg-info/top_level.txt
[0.902s] reading manifest file 'hospital_robot.egg-info/SOURCES.txt'
[0.903s] writing manifest file 'hospital_robot.egg-info/SOURCES.txt'
[0.903s] running build_ext
[0.903s] Creating /home/vikash/Hospital_ws/install/hospital_robot/lib/python3.10/site-packages/hospital-robot.egg-link (link to .)
[0.905s] Installing move_robot script to /home/vikash/Hospital_ws/install/hospital_robot/lib/hospital_robot
[0.905s] 
[0.905s] Installed /home/vikash/Hospital_ws/build/hospital_robot
[0.905s] running symlink_data
[0.905s] symbolically linking /home/vikash/Hospital_ws/build/hospital_robot/resource/hospital_robot -> /home/vikash/Hospital_ws/install/hospital_robot/share/ament_index/resource_index/packages
[0.905s] symbolically linking /home/vikash/Hospital_ws/build/hospital_robot/package.xml -> /home/vikash/Hospital_ws/install/hospital_robot/share/hospital_robot
[0.905s] symbolically linking /home/vikash/Hospital_ws/build/hospital_robot/urdf/robot.urdf -> /home/vikash/Hospital_ws/install/hospital_robot/share/hospital_robot/urdf
[0.925s] Invoked command in '/home/vikash/Hospital_ws/build/hospital_robot' returned '0': PYTHONPATH=/home/vikash/Hospital_ws/build/hospital_robot/prefix_override:/usr/lib/python3/dist-packages/colcon_core/task/python/colcon_distutils_commands:/home/vikash/Hospital_ws/install/hospital_robot/lib/python3.10/site-packages:${PYTHONPATH} /usr/bin/python3 -W ignore:setup.py install is deprecated -W ignore:easy_install command is deprecated setup.py develop --editable --build-directory /home/vikash/Hospital_ws/build/hospital_robot/build --no-deps symlink_data --force
