[1.102s] Invoking command in '/home/vikash/Hospital_ws/src/hospital_hardware': PYTHONPATH=/home/vikash/Hospital_ws/build/hospital_hardware/prefix_override:/usr/lib/python3/dist-packages/colcon_core/task/python/colcon_distutils_commands:/home/vikash/Hospital_ws/install/hospital_hardware/lib/python3.10/site-packages:${PYTHONPATH} /usr/bin/python3 -W ignore:setup.py install is deprecated -W ignore:easy_install command is deprecated setup.py egg_info --egg-base ../../build/hospital_hardware build --build-base /home/vikash/Hospital_ws/build/hospital_hardware/build install --record /home/vikash/Hospital_ws/build/hospital_hardware/install.log --single-version-externally-managed install_data
[1.323s] running egg_info
[1.323s] writing ../../build/hospital_hardware/hospital_hardware.egg-info/PKG-INFO
[1.323s] writing dependency_links to ../../build/hospital_hardware/hospital_hardware.egg-info/dependency_links.txt
[1.323s] writing entry points to ../../build/hospital_hardware/hospital_hardware.egg-info/entry_points.txt
[1.325s] writing requirements to ../../build/hospital_hardware/hospital_hardware.egg-info/requires.txt
[1.325s] writing top-level names to ../../build/hospital_hardware/hospital_hardware.egg-info/top_level.txt
[1.327s] reading manifest file '../../build/hospital_hardware/hospital_hardware.egg-info/SOURCES.txt'
[1.327s] writing manifest file '../../build/hospital_hardware/hospital_hardware.egg-info/SOURCES.txt'
[1.327s] running build
[1.327s] running build_py
[1.327s] running install
[1.328s] running install_lib
[1.330s] running install_data
[1.330s] running install_egg_info
[1.333s] removing '/home/vikash/Hospital_ws/install/hospital_hardware/lib/python3.10/site-packages/hospital_hardware-0.0.0-py3.10.egg-info' (and everything under it)
[1.333s] Copying ../../build/hospital_hardware/hospital_hardware.egg-info to /home/vikash/Hospital_ws/install/hospital_hardware/lib/python3.10/site-packages/hospital_hardware-0.0.0-py3.10.egg-info
[1.334s] running install_scripts
[1.355s] Installing serial_node = hospital_hardware.serial_node:mainencoder script to /home/vikash/Hospital_ws/install/hospital_hardware/lib/hospital_hardware
[1.355s] writing list of installed files to '/home/vikash/Hospital_ws/build/hospital_hardware/install.log'
[1.377s] Invoked command in '/home/vikash/Hospital_ws/src/hospital_hardware' returned '0': PYTHONPATH=/home/vikash/Hospital_ws/build/hospital_hardware/prefix_override:/usr/lib/python3/dist-packages/colcon_core/task/python/colcon_distutils_commands:/home/vikash/Hospital_ws/install/hospital_hardware/lib/python3.10/site-packages:${PYTHONPATH} /usr/bin/python3 -W ignore:setup.py install is deprecated -W ignore:easy_install command is deprecated setup.py egg_info --egg-base ../../build/hospital_hardware build --build-base /home/vikash/Hospital_ws/build/hospital_hardware/build install --record /home/vikash/Hospital_ws/build/hospital_hardware/install.log --single-version-externally-managed install_data
