[1.059s] Invoking command in '/home/pi5/HOSPITAL_WS/build/sllidar_ros2': CMAKE_PREFIX_PATH=${CMAKE_PREFIX_PATH}:/opt/ros/jazzy DEBUGINFOD_URLS=https://debuginfod.ubuntu.com /usr/bin/cmake --build /home/pi5/HOSPITAL_WS/build/sllidar_ros2 -- -j4 -l4
[1.546s] [ 10%] Built target sllidar_client
[1.560s] [100%] Built target sllidar_node
[1.584s] Invoked command in '/home/pi5/HOSPITAL_WS/build/sllidar_ros2' returned '0': CMAKE_PREFIX_PATH=${CMAKE_PREFIX_PATH}:/opt/ros/jazzy DEBUGINFOD_URLS=https://debuginfod.ubuntu.com /usr/bin/cmake --build /home/pi5/HOSPITAL_WS/build/sllidar_ros2 -- -j4 -l4
[1.608s] Invoking command in '/home/pi5/HOSPITAL_WS/build/sllidar_ros2': CMAKE_PREFIX_PATH=${CMAKE_PREFIX_PATH}:/opt/ros/jazzy DEBUGINFOD_URLS=https://debuginfod.ubuntu.com /usr/bin/cmake --install /home/pi5/HOSPITAL_WS/build/sllidar_ros2
[1.624s] -- Install configuration: ""
[1.626s] -- Up-to-date: /home/pi5/HOSPITAL_WS/install/sllidar_ros2/share/sllidar_ros2/launch
[1.627s] -- Up-to-date: /home/pi5/HOSPITAL_WS/install/sllidar_ros2/share/sllidar_ros2/launch/sllidar_s3_launch.py
[1.627s] -- Up-to-date: /home/pi5/HOSPITAL_WS/install/sllidar_ros2/share/sllidar_ros2/launch/view_sllidar_t1_launch.py
[1.627s] -- Up-to-date: /home/pi5/HOSPITAL_WS/install/sllidar_ros2/share/sllidar_ros2/launch/view_sllidar_s2e_launch.py
[1.627s] -- Up-to-date: /home/pi5/HOSPITAL_WS/install/sllidar_ros2/share/sllidar_ros2/launch/sllidar_a2m8_launch.py
[1.627s] -- Up-to-date: /home/pi5/HOSPITAL_WS/install/sllidar_ros2/share/sllidar_ros2/launch/view_sllidar_c1_launch.py
[1.627s] -- Up-to-date: /home/pi5/HOSPITAL_WS/install/sllidar_ros2/share/sllidar_ros2/launch/view_sllidar_a2m12_launch.py
[1.627s] -- Up-to-date: /home/pi5/HOSPITAL_WS/install/sllidar_ros2/share/sllidar_ros2/launch/view_sllidar_a2m7_launch.py
[1.627s] -- Up-to-date: /home/pi5/HOSPITAL_WS/install/sllidar_ros2/share/sllidar_ros2/launch/sllidar_a2m7_launch.py
[1.627s] -- Up-to-date: /home/pi5/HOSPITAL_WS/install/sllidar_ros2/share/sllidar_ros2/launch/view_sllidar_s1_launch.py
[1.627s] -- Up-to-date: /home/pi5/HOSPITAL_WS/install/sllidar_ros2/share/sllidar_ros2/launch/sllidar_a3_launch.py
[1.628s] -- Up-to-date: /home/pi5/HOSPITAL_WS/install/sllidar_ros2/share/sllidar_ros2/launch/sllidar_c1_launch.py
[1.628s] -- Up-to-date: /home/pi5/HOSPITAL_WS/install/sllidar_ros2/share/sllidar_ros2/launch/sllidar_t1_launch.py
[1.628s] -- Up-to-date: /home/pi5/HOSPITAL_WS/install/sllidar_ros2/share/sllidar_ros2/launch/view_sllidar_a1_launch.py
[1.628s] -- Up-to-date: /home/pi5/HOSPITAL_WS/install/sllidar_ros2/share/sllidar_ros2/launch/view_sllidar_a3_launch.py
[1.628s] -- Up-to-date: /home/pi5/HOSPITAL_WS/install/sllidar_ros2/share/sllidar_ros2/launch/view_sllidar_a2m8_launch.py
[1.628s] -- Up-to-date: /home/pi5/HOSPITAL_WS/install/sllidar_ros2/share/sllidar_ros2/launch/sllidar_a2m12_launch .py
[1.628s] -- Up-to-date: /home/pi5/HOSPITAL_WS/install/sllidar_ros2/share/sllidar_ros2/launch/view_sllidar_s1_tcp_launch.py
[1.628s] -- Up-to-date: /home/pi5/HOSPITAL_WS/install/sllidar_ros2/share/sllidar_ros2/launch/sllidar_s2e_launch.py
[1.628s] -- Up-to-date: /home/pi5/HOSPITAL_WS/install/sllidar_ros2/share/sllidar_ros2/launch/sllidar_a1_launch.py
[1.628s] -- Up-to-date: /home/pi5/HOSPITAL_WS/install/sllidar_ros2/share/sllidar_ros2/launch/view_sllidar_s3_launch.py
[1.628s] -- Up-to-date: /home/pi5/HOSPITAL_WS/install/sllidar_ros2/share/sllidar_ros2/launch/sllidar_s1_launch.py
[1.628s] -- Up-to-date: /home/pi5/HOSPITAL_WS/install/sllidar_ros2/share/sllidar_ros2/launch/view_sllidar_s2_launch.py
[1.629s] -- Up-to-date: /home/pi5/HOSPITAL_WS/install/sllidar_ros2/share/sllidar_ros2/launch/sllidar_s1_tcp_launch.py
[1.629s] -- Up-to-date: /home/pi5/HOSPITAL_WS/install/sllidar_ros2/share/sllidar_ros2/launch/sllidar_s2_launch.py
[1.629s] -- Up-to-date: /home/pi5/HOSPITAL_WS/install/sllidar_ros2/share/sllidar_ros2/rviz
[1.629s] -- Up-to-date: /home/pi5/HOSPITAL_WS/install/sllidar_ros2/share/sllidar_ros2/rviz/sllidar_ros2.rviz
[1.632s] -- Up-to-date: /home/pi5/HOSPITAL_WS/install/sllidar_ros2/lib/sllidar_ros2/sllidar_node
[1.634s] -- Up-to-date: /home/pi5/HOSPITAL_WS/install/sllidar_ros2/lib/sllidar_ros2/sllidar_client
[1.636s] -- Up-to-date: /home/pi5/HOSPITAL_WS/install/sllidar_ros2/share/ament_index/resource_index/package_run_dependencies/sllidar_ros2
[1.636s] -- Up-to-date: /home/pi5/HOSPITAL_WS/install/sllidar_ros2/share/ament_index/resource_index/parent_prefix_path/sllidar_ros2
[1.636s] -- Up-to-date: /home/pi5/HOSPITAL_WS/install/sllidar_ros2/share/sllidar_ros2/environment/ament_prefix_path.sh
[1.637s] -- Up-to-date: /home/pi5/HOSPITAL_WS/install/sllidar_ros2/share/sllidar_ros2/environment/ament_prefix_path.dsv
[1.637s] -- Up-to-date: /home/pi5/HOSPITAL_WS/install/sllidar_ros2/share/sllidar_ros2/environment/path.sh
[1.637s] -- Up-to-date: /home/pi5/HOSPITAL_WS/install/sllidar_ros2/share/sllidar_ros2/environment/path.dsv
[1.637s] -- Up-to-date: /home/pi5/HOSPITAL_WS/install/sllidar_ros2/share/sllidar_ros2/local_setup.bash
[1.637s] -- Up-to-date: /home/pi5/HOSPITAL_WS/install/sllidar_ros2/share/sllidar_ros2/local_setup.sh
[1.637s] -- Up-to-date: /home/pi5/HOSPITAL_WS/install/sllidar_ros2/share/sllidar_ros2/local_setup.zsh
[1.637s] -- Up-to-date: /home/pi5/HOSPITAL_WS/install/sllidar_ros2/share/sllidar_ros2/local_setup.dsv
[1.638s] -- Installing: /home/pi5/HOSPITAL_WS/install/sllidar_ros2/share/sllidar_ros2/package.dsv
[1.638s] -- Up-to-date: /home/pi5/HOSPITAL_WS/install/sllidar_ros2/share/ament_index/resource_index/packages/sllidar_ros2
[1.638s] -- Up-to-date: /home/pi5/HOSPITAL_WS/install/sllidar_ros2/share/sllidar_ros2/cmake/ament_cmake_export_dependencies-extras.cmake
[1.639s] -- Up-to-date: /home/pi5/HOSPITAL_WS/install/sllidar_ros2/share/sllidar_ros2/cmake/ament_cmake_export_include_directories-extras.cmake
[1.639s] -- Up-to-date: /home/pi5/HOSPITAL_WS/install/sllidar_ros2/share/sllidar_ros2/cmake/sllidar_ros2Config.cmake
[1.639s] -- Up-to-date: /home/pi5/HOSPITAL_WS/install/sllidar_ros2/share/sllidar_ros2/cmake/sllidar_ros2Config-version.cmake
[1.639s] -- Up-to-date: /home/pi5/HOSPITAL_WS/install/sllidar_ros2/share/sllidar_ros2/package.xml
[1.642s] Invoked command in '/home/pi5/HOSPITAL_WS/build/sllidar_ros2' returned '0': CMAKE_PREFIX_PATH=${CMAKE_PREFIX_PATH}:/opt/ros/jazzy DEBUGINFOD_URLS=https://debuginfod.ubuntu.com /usr/bin/cmake --install /home/pi5/HOSPITAL_WS/build/sllidar_ros2
