[2.372s] Invoking command in '/home/pi5/HOSPITAL_WS/src/hospital_robot': DEBUGINFOD_URLS=https://debuginfod.ubuntu.com PYTHONPATH=/home/pi5/HOSPITAL_WS/build/hospital_robot/prefix_override:/usr/lib/python3/dist-packages/colcon_core/task/python/colcon_distutils_commands:/home/pi5/HOSPITAL_WS/install/hospital_robot/lib/python3.12/site-packages:${PYTHONPATH} /usr/bin/python3 -W ignore:setup.py install is deprecated -W ignore:easy_install command is deprecated setup.py egg_info --egg-base ../../build/hospital_robot build --build-base /home/pi5/HOSPITAL_WS/build/hospital_robot/build install --record /home/pi5/HOSPITAL_WS/build/hospital_robot/install.log --single-version-externally-managed install_data
[2.874s] running egg_info
[2.908s] writing ../../build/hospital_robot/hospital_robot.egg-info/PKG-INFO
[2.909s] writing dependency_links to ../../build/hospital_robot/hospital_robot.egg-info/dependency_links.txt
[2.909s] writing entry points to ../../build/hospital_robot/hospital_robot.egg-info/entry_points.txt
[2.909s] writing requirements to ../../build/hospital_robot/hospital_robot.egg-info/requires.txt
[2.909s] writing top-level names to ../../build/hospital_robot/hospital_robot.egg-info/top_level.txt
[2.973s] reading manifest file '../../build/hospital_robot/hospital_robot.egg-info/SOURCES.txt'
[2.974s] writing manifest file '../../build/hospital_robot/hospital_robot.egg-info/SOURCES.txt'
[2.975s] running build
[2.975s] running build_py
[2.975s] running install
[2.985s] running install_lib
[3.020s] running install_data
[3.020s] running install_egg_info
[3.057s] removing '/home/pi5/HOSPITAL_WS/install/hospital_robot/lib/python3.12/site-packages/hospital_robot-0.0.0-py3.12.egg-info' (and everything under it)
[3.058s] Copying ../../build/hospital_robot/hospital_robot.egg-info to /home/pi5/HOSPITAL_WS/install/hospital_robot/lib/python3.12/site-packages/hospital_robot-0.0.0-py3.12.egg-info
[3.059s] running install_scripts
[3.292s] Installing move_robot script to /home/pi5/HOSPITAL_WS/install/hospital_robot/lib/hospital_robot
[3.293s] Installing odomm script to /home/pi5/HOSPITAL_WS/install/hospital_robot/lib/hospital_robot
[3.297s] writing list of installed files to '/home/pi5/HOSPITAL_WS/build/hospital_robot/install.log'
[3.488s] Invoked command in '/home/pi5/HOSPITAL_WS/src/hospital_robot' returned '0': DEBUGINFOD_URLS=https://debuginfod.ubuntu.com PYTHONPATH=/home/pi5/HOSPITAL_WS/build/hospital_robot/prefix_override:/usr/lib/python3/dist-packages/colcon_core/task/python/colcon_distutils_commands:/home/pi5/HOSPITAL_WS/install/hospital_robot/lib/python3.12/site-packages:${PYTHONPATH} /usr/bin/python3 -W ignore:setup.py install is deprecated -W ignore:easy_install command is deprecated setup.py egg_info --egg-base ../../build/hospital_robot build --build-base /home/pi5/HOSPITAL_WS/build/hospital_robot/build install --record /home/pi5/HOSPITAL_WS/build/hospital_robot/install.log --single-version-externally-managed install_data
