[0.200s] DEBUG:colcon:Command line arguments: ['/usr/bin/colcon', 'build']
[0.201s] DEBUG:colcon:Parsed command line arguments: Namespace(log_base=None, log_level=None, verb_name='build', build_base='build', install_base='install', merge_install=False, symlink_install=False, test_result_base=None, continue_on_error=False, executor='parallel', parallel_workers=4, event_handlers=None, ignore_user_meta=False, metas=['./colcon.meta'], base_paths=['.'], packages_ignore=None, packages_ignore_regex=None, paths=None, packages_up_to=None, packages_up_to_regex=None, packages_above=None, packages_above_and_dependencies=None, packages_above_depth=None, packages_select_by_dep=None, packages_skip_by_dep=None, packages_skip_up_to=None, packages_select_build_failed=False, packages_skip_build_finished=False, packages_select_test_failures=False, packages_skip_test_passed=False, packages_select=None, packages_skip=None, packages_select_regex=None, packages_skip_regex=None, packages_start=None, packages_end=None, allow_overriding=[], cmake_args=None, cmake_target=None, cmake_target_skip_unavailable=False, cmake_clean_cache=False, cmake_clean_first=False, cmake_force_configure=False, ament_cmake_args=None, catkin_cmake_args=None, catkin_skip_building_tests=False, mixin_files=None, mixin=None, verb_parser=<colcon_mixin.mixin.mixin_argument.MixinArgumentDecorator object at 0xffff7f17fe90>, verb_extension=<colcon_core.verb.build.BuildVerb object at 0xffff7f364350>, main=<bound method BuildVerb.main of <colcon_core.verb.build.BuildVerb object at 0xffff7f364350>>, mixin_verb=('build',))
[0.277s] Level 1:colcon.colcon_core.package_discovery:discover_packages(colcon_meta) check parameters
[0.278s] Level 1:colcon.colcon_core.package_discovery:discover_packages(recursive) check parameters
[0.278s] Level 1:colcon.colcon_core.package_discovery:discover_packages(ignore) check parameters
[0.278s] Level 1:colcon.colcon_core.package_discovery:discover_packages(path) check parameters
[0.278s] Level 1:colcon.colcon_core.package_discovery:discover_packages(colcon_meta) discover
[0.278s] Level 1:colcon.colcon_core.package_discovery:discover_packages(recursive) discover
[0.278s] INFO:colcon.colcon_core.package_discovery:Crawling recursively for packages in '/home/pi5/HOSPITAL_WS'
[0.278s] Level 1:colcon.colcon_core.package_identification:_identify(.) by extensions ['ignore', 'ignore_ament_install']
[0.278s] Level 1:colcon.colcon_core.package_identification:_identify(.) by extension 'ignore'
[0.278s] Level 1:colcon.colcon_core.package_identification:_identify(.) by extension 'ignore_ament_install'
[0.278s] Level 1:colcon.colcon_core.package_identification:_identify(.) by extensions ['colcon_pkg']
[0.278s] Level 1:colcon.colcon_core.package_identification:_identify(.) by extension 'colcon_pkg'
[0.278s] Level 1:colcon.colcon_core.package_identification:_identify(.) by extensions ['colcon_meta']
[0.278s] Level 1:colcon.colcon_core.package_identification:_identify(.) by extension 'colcon_meta'
[0.278s] Level 1:colcon.colcon_core.package_identification:_identify(.) by extensions ['ros']
[0.278s] Level 1:colcon.colcon_core.package_identification:_identify(.) by extension 'ros'
[0.331s] Level 1:colcon.colcon_core.package_identification:_identify(.) by extensions ['cmake', 'python']
[0.331s] Level 1:colcon.colcon_core.package_identification:_identify(.) by extension 'cmake'
[0.331s] Level 1:colcon.colcon_core.package_identification:_identify(.) by extension 'python'
[0.331s] Level 1:colcon.colcon_core.package_identification:_identify(.) by extensions ['python_setup_py']
[0.331s] Level 1:colcon.colcon_core.package_identification:_identify(.) by extension 'python_setup_py'
[0.332s] Level 1:colcon.colcon_core.package_identification:_identify(build) by extensions ['ignore', 'ignore_ament_install']
[0.332s] Level 1:colcon.colcon_core.package_identification:_identify(build) by extension 'ignore'
[0.332s] Level 1:colcon.colcon_core.package_identification:_identify(build) ignored
[0.332s] Level 1:colcon.colcon_core.package_identification:_identify(install) by extensions ['ignore', 'ignore_ament_install']
[0.332s] Level 1:colcon.colcon_core.package_identification:_identify(install) by extension 'ignore'
[0.332s] Level 1:colcon.colcon_core.package_identification:_identify(install) ignored
[0.333s] Level 1:colcon.colcon_core.package_identification:_identify(log) by extensions ['ignore', 'ignore_ament_install']
[0.333s] Level 1:colcon.colcon_core.package_identification:_identify(log) by extension 'ignore'
[0.333s] Level 1:colcon.colcon_core.package_identification:_identify(log) ignored
[0.333s] Level 1:colcon.colcon_core.package_identification:_identify(src) by extensions ['ignore', 'ignore_ament_install']
[0.333s] Level 1:colcon.colcon_core.package_identification:_identify(src) by extension 'ignore'
[0.333s] Level 1:colcon.colcon_core.package_identification:_identify(src) by extension 'ignore_ament_install'
[0.333s] Level 1:colcon.colcon_core.package_identification:_identify(src) by extensions ['colcon_pkg']
[0.334s] Level 1:colcon.colcon_core.package_identification:_identify(src) by extension 'colcon_pkg'
[0.334s] Level 1:colcon.colcon_core.package_identification:_identify(src) by extensions ['colcon_meta']
[0.334s] Level 1:colcon.colcon_core.package_identification:_identify(src) by extension 'colcon_meta'
[0.334s] Level 1:colcon.colcon_core.package_identification:_identify(src) by extensions ['ros']
[0.334s] Level 1:colcon.colcon_core.package_identification:_identify(src) by extension 'ros'
[0.334s] Level 1:colcon.colcon_core.package_identification:_identify(src) by extensions ['cmake', 'python']
[0.334s] Level 1:colcon.colcon_core.package_identification:_identify(src) by extension 'cmake'
[0.334s] Level 1:colcon.colcon_core.package_identification:_identify(src) by extension 'python'
[0.334s] Level 1:colcon.colcon_core.package_identification:_identify(src) by extensions ['python_setup_py']
[0.334s] Level 1:colcon.colcon_core.package_identification:_identify(src) by extension 'python_setup_py'
[0.334s] Level 1:colcon.colcon_core.package_identification:_identify(src/hospital_hardware) by extensions ['ignore', 'ignore_ament_install']
[0.334s] Level 1:colcon.colcon_core.package_identification:_identify(src/hospital_hardware) by extension 'ignore'
[0.334s] Level 1:colcon.colcon_core.package_identification:_identify(src/hospital_hardware) by extension 'ignore_ament_install'
[0.334s] Level 1:colcon.colcon_core.package_identification:_identify(src/hospital_hardware) by extensions ['colcon_pkg']
[0.334s] Level 1:colcon.colcon_core.package_identification:_identify(src/hospital_hardware) by extension 'colcon_pkg'
[0.334s] Level 1:colcon.colcon_core.package_identification:_identify(src/hospital_hardware) by extensions ['colcon_meta']
[0.334s] Level 1:colcon.colcon_core.package_identification:_identify(src/hospital_hardware) by extension 'colcon_meta'
[0.334s] Level 1:colcon.colcon_core.package_identification:_identify(src/hospital_hardware) by extensions ['ros']
[0.334s] Level 1:colcon.colcon_core.package_identification:_identify(src/hospital_hardware) by extension 'ros'
[0.339s] DEBUG:colcon.colcon_core.package_identification:Package 'src/hospital_hardware' with type 'ros.ament_python' and name 'hospital_hardware'
[0.339s] Level 1:colcon.colcon_core.package_identification:_identify(src/hospital_robot) by extensions ['ignore', 'ignore_ament_install']
[0.339s] Level 1:colcon.colcon_core.package_identification:_identify(src/hospital_robot) by extension 'ignore'
[0.339s] Level 1:colcon.colcon_core.package_identification:_identify(src/hospital_robot) by extension 'ignore_ament_install'
[0.340s] Level 1:colcon.colcon_core.package_identification:_identify(src/hospital_robot) by extensions ['colcon_pkg']
[0.340s] Level 1:colcon.colcon_core.package_identification:_identify(src/hospital_robot) by extension 'colcon_pkg'
[0.340s] Level 1:colcon.colcon_core.package_identification:_identify(src/hospital_robot) by extensions ['colcon_meta']
[0.340s] Level 1:colcon.colcon_core.package_identification:_identify(src/hospital_robot) by extension 'colcon_meta'
[0.340s] Level 1:colcon.colcon_core.package_identification:_identify(src/hospital_robot) by extensions ['ros']
[0.340s] Level 1:colcon.colcon_core.package_identification:_identify(src/hospital_robot) by extension 'ros'
[0.341s] DEBUG:colcon.colcon_core.package_identification:Package 'src/hospital_robot' with type 'ros.ament_python' and name 'hospital_robot'
[0.341s] Level 1:colcon.colcon_core.package_identification:_identify(src/hospital_world) by extensions ['ignore', 'ignore_ament_install']
[0.341s] Level 1:colcon.colcon_core.package_identification:_identify(src/hospital_world) by extension 'ignore'
[0.341s] Level 1:colcon.colcon_core.package_identification:_identify(src/hospital_world) by extension 'ignore_ament_install'
[0.341s] Level 1:colcon.colcon_core.package_identification:_identify(src/hospital_world) by extensions ['colcon_pkg']
[0.341s] Level 1:colcon.colcon_core.package_identification:_identify(src/hospital_world) by extension 'colcon_pkg'
[0.341s] Level 1:colcon.colcon_core.package_identification:_identify(src/hospital_world) by extensions ['colcon_meta']
[0.341s] Level 1:colcon.colcon_core.package_identification:_identify(src/hospital_world) by extension 'colcon_meta'
[0.341s] Level 1:colcon.colcon_core.package_identification:_identify(src/hospital_world) by extensions ['ros']
[0.341s] Level 1:colcon.colcon_core.package_identification:_identify(src/hospital_world) by extension 'ros'
[0.342s] DEBUG:colcon.colcon_core.package_identification:Package 'src/hospital_world' with type 'ros.ament_python' and name 'hospital_world'
[0.342s] Level 1:colcon.colcon_core.package_discovery:discover_packages(recursive) using defaults
[0.342s] Level 1:colcon.colcon_core.package_discovery:discover_packages(ignore) discover
[0.343s] Level 1:colcon.colcon_core.package_discovery:discover_packages(ignore) using defaults
[0.343s] Level 1:colcon.colcon_core.package_discovery:discover_packages(path) discover
[0.343s] Level 1:colcon.colcon_core.package_discovery:discover_packages(path) using defaults
[0.376s] Level 1:colcon.colcon_core.package_discovery:discover_packages(prefix_path) check parameters
[0.376s] Level 1:colcon.colcon_core.package_discovery:discover_packages(prefix_path) discover
[0.379s] DEBUG:colcon.colcon_installed_package_information.package_discovery:Found 3 installed packages in /home/pi5/HOSPITAL_WS/install
[0.382s] DEBUG:colcon.colcon_installed_package_information.package_discovery:Found 362 installed packages in /opt/ros/jazzy
[0.385s] Level 1:colcon.colcon_core.package_discovery:discover_packages(prefix_path) using defaults
[0.471s] Level 5:colcon.colcon_core.verb:set package 'hospital_hardware' build argument 'cmake_args' from command line to 'None'
[0.471s] Level 5:colcon.colcon_core.verb:set package 'hospital_hardware' build argument 'cmake_target' from command line to 'None'
[0.471s] Level 5:colcon.colcon_core.verb:set package 'hospital_hardware' build argument 'cmake_target_skip_unavailable' from command line to 'False'
[0.471s] Level 5:colcon.colcon_core.verb:set package 'hospital_hardware' build argument 'cmake_clean_cache' from command line to 'False'
[0.471s] Level 5:colcon.colcon_core.verb:set package 'hospital_hardware' build argument 'cmake_clean_first' from command line to 'False'
[0.471s] Level 5:colcon.colcon_core.verb:set package 'hospital_hardware' build argument 'cmake_force_configure' from command line to 'False'
[0.471s] Level 5:colcon.colcon_core.verb:set package 'hospital_hardware' build argument 'ament_cmake_args' from command line to 'None'
[0.471s] Level 5:colcon.colcon_core.verb:set package 'hospital_hardware' build argument 'catkin_cmake_args' from command line to 'None'
[0.471s] Level 5:colcon.colcon_core.verb:set package 'hospital_hardware' build argument 'catkin_skip_building_tests' from command line to 'False'
[0.471s] DEBUG:colcon.colcon_core.verb:Building package 'hospital_hardware' with the following arguments: {'ament_cmake_args': None, 'build_base': '/home/pi5/HOSPITAL_WS/build/hospital_hardware', 'catkin_cmake_args': None, 'catkin_skip_building_tests': False, 'cmake_args': None, 'cmake_clean_cache': False, 'cmake_clean_first': False, 'cmake_force_configure': False, 'cmake_target': None, 'cmake_target_skip_unavailable': False, 'install_base': '/home/pi5/HOSPITAL_WS/install/hospital_hardware', 'merge_install': False, 'path': '/home/pi5/HOSPITAL_WS/src/hospital_hardware', 'symlink_install': False, 'test_result_base': None}
[0.472s] Level 5:colcon.colcon_core.verb:set package 'hospital_robot' build argument 'cmake_args' from command line to 'None'
[0.472s] Level 5:colcon.colcon_core.verb:set package 'hospital_robot' build argument 'cmake_target' from command line to 'None'
[0.472s] Level 5:colcon.colcon_core.verb:set package 'hospital_robot' build argument 'cmake_target_skip_unavailable' from command line to 'False'
[0.472s] Level 5:colcon.colcon_core.verb:set package 'hospital_robot' build argument 'cmake_clean_cache' from command line to 'False'
[0.472s] Level 5:colcon.colcon_core.verb:set package 'hospital_robot' build argument 'cmake_clean_first' from command line to 'False'
[0.472s] Level 5:colcon.colcon_core.verb:set package 'hospital_robot' build argument 'cmake_force_configure' from command line to 'False'
[0.472s] Level 5:colcon.colcon_core.verb:set package 'hospital_robot' build argument 'ament_cmake_args' from command line to 'None'
[0.472s] Level 5:colcon.colcon_core.verb:set package 'hospital_robot' build argument 'catkin_cmake_args' from command line to 'None'
[0.472s] Level 5:colcon.colcon_core.verb:set package 'hospital_robot' build argument 'catkin_skip_building_tests' from command line to 'False'
[0.472s] DEBUG:colcon.colcon_core.verb:Building package 'hospital_robot' with the following arguments: {'ament_cmake_args': None, 'build_base': '/home/pi5/HOSPITAL_WS/build/hospital_robot', 'catkin_cmake_args': None, 'catkin_skip_building_tests': False, 'cmake_args': None, 'cmake_clean_cache': False, 'cmake_clean_first': False, 'cmake_force_configure': False, 'cmake_target': None, 'cmake_target_skip_unavailable': False, 'install_base': '/home/pi5/HOSPITAL_WS/install/hospital_robot', 'merge_install': False, 'path': '/home/pi5/HOSPITAL_WS/src/hospital_robot', 'symlink_install': False, 'test_result_base': None}
[0.472s] Level 5:colcon.colcon_core.verb:set package 'hospital_world' build argument 'cmake_args' from command line to 'None'
[0.472s] Level 5:colcon.colcon_core.verb:set package 'hospital_world' build argument 'cmake_target' from command line to 'None'
[0.472s] Level 5:colcon.colcon_core.verb:set package 'hospital_world' build argument 'cmake_target_skip_unavailable' from command line to 'False'
[0.472s] Level 5:colcon.colcon_core.verb:set package 'hospital_world' build argument 'cmake_clean_cache' from command line to 'False'
[0.472s] Level 5:colcon.colcon_core.verb:set package 'hospital_world' build argument 'cmake_clean_first' from command line to 'False'
[0.473s] Level 5:colcon.colcon_core.verb:set package 'hospital_world' build argument 'cmake_force_configure' from command line to 'False'
[0.473s] Level 5:colcon.colcon_core.verb:set package 'hospital_world' build argument 'ament_cmake_args' from command line to 'None'
[0.473s] Level 5:colcon.colcon_core.verb:set package 'hospital_world' build argument 'catkin_cmake_args' from command line to 'None'
[0.473s] Level 5:colcon.colcon_core.verb:set package 'hospital_world' build argument 'catkin_skip_building_tests' from command line to 'False'
[0.473s] DEBUG:colcon.colcon_core.verb:Building package 'hospital_world' with the following arguments: {'ament_cmake_args': None, 'build_base': '/home/pi5/HOSPITAL_WS/build/hospital_world', 'catkin_cmake_args': None, 'catkin_skip_building_tests': False, 'cmake_args': None, 'cmake_clean_cache': False, 'cmake_clean_first': False, 'cmake_force_configure': False, 'cmake_target': None, 'cmake_target_skip_unavailable': False, 'install_base': '/home/pi5/HOSPITAL_WS/install/hospital_world', 'merge_install': False, 'path': '/home/pi5/HOSPITAL_WS/src/hospital_world', 'symlink_install': False, 'test_result_base': None}
[0.473s] INFO:colcon.colcon_core.executor:Executing jobs using 'parallel' executor
[0.475s] DEBUG:colcon.colcon_parallel_executor.executor.parallel:run_until_complete
[0.475s] INFO:colcon.colcon_ros.task.ament_python.build:Building ROS package in '/home/pi5/HOSPITAL_WS/src/hospital_hardware' with build type 'ament_python'
[0.476s] Level 1:colcon.colcon_core.shell:create_environment_hook('hospital_hardware', 'ament_prefix_path')
[0.486s] INFO:colcon.colcon_core.plugin_system:Skipping extension 'colcon_core.shell.bat': Not used on non-Windows systems
[0.487s] INFO:colcon.colcon_core.shell:Creating environment hook '/home/pi5/HOSPITAL_WS/install/hospital_hardware/share/hospital_hardware/hook/ament_prefix_path.ps1'
[0.489s] INFO:colcon.colcon_core.shell:Creating environment descriptor '/home/pi5/HOSPITAL_WS/install/hospital_hardware/share/hospital_hardware/hook/ament_prefix_path.dsv'
[0.493s] INFO:colcon.colcon_core.shell:Creating environment hook '/home/pi5/HOSPITAL_WS/install/hospital_hardware/share/hospital_hardware/hook/ament_prefix_path.sh'
[0.494s] INFO:colcon.colcon_core.shell:Skip shell extension 'powershell' for command environment: Not usable outside of PowerShell
[0.494s] DEBUG:colcon.colcon_core.shell:Skip shell extension 'dsv' for command environment
[0.506s] INFO:colcon.colcon_ros.task.ament_python.build:Building ROS package in '/home/pi5/HOSPITAL_WS/src/hospital_robot' with build type 'ament_python'
[0.507s] Level 1:colcon.colcon_core.shell:create_environment_hook('hospital_robot', 'ament_prefix_path')
[0.508s] INFO:colcon.colcon_core.shell:Creating environment hook '/home/pi5/HOSPITAL_WS/install/hospital_robot/share/hospital_robot/hook/ament_prefix_path.ps1'
[0.510s] INFO:colcon.colcon_core.shell:Creating environment descriptor '/home/pi5/HOSPITAL_WS/install/hospital_robot/share/hospital_robot/hook/ament_prefix_path.dsv'
[0.513s] INFO:colcon.colcon_core.shell:Creating environment hook '/home/pi5/HOSPITAL_WS/install/hospital_robot/share/hospital_robot/hook/ament_prefix_path.sh'
[0.518s] INFO:colcon.colcon_core.shell:Skip shell extension 'powershell' for command environment: Not usable outside of PowerShell
[0.518s] DEBUG:colcon.colcon_core.shell:Skip shell extension 'dsv' for command environment
[0.524s] INFO:colcon.colcon_ros.task.ament_python.build:Building ROS package in '/home/pi5/HOSPITAL_WS/src/hospital_world' with build type 'ament_python'
[0.524s] Level 1:colcon.colcon_core.shell:create_environment_hook('hospital_world', 'ament_prefix_path')
[0.525s] INFO:colcon.colcon_core.shell:Creating environment hook '/home/pi5/HOSPITAL_WS/install/hospital_world/share/hospital_world/hook/ament_prefix_path.ps1'
[0.526s] INFO:colcon.colcon_core.shell:Creating environment descriptor '/home/pi5/HOSPITAL_WS/install/hospital_world/share/hospital_world/hook/ament_prefix_path.dsv'
[0.527s] INFO:colcon.colcon_core.shell:Creating environment hook '/home/pi5/HOSPITAL_WS/install/hospital_world/share/hospital_world/hook/ament_prefix_path.sh'
[0.528s] INFO:colcon.colcon_core.shell:Skip shell extension 'powershell' for command environment: Not usable outside of PowerShell
[0.528s] DEBUG:colcon.colcon_core.shell:Skip shell extension 'dsv' for command environment
[1.062s] INFO:colcon.colcon_core.task.python.build:Building Python package in '/home/pi5/HOSPITAL_WS/src/hospital_hardware'
[1.063s] INFO:colcon.colcon_core.shell:Skip shell extension 'powershell' for command environment: Not usable outside of PowerShell
[1.063s] DEBUG:colcon.colcon_core.shell:Skip shell extension 'dsv' for command environment
[1.622s] INFO:colcon.colcon_core.task.python.build:Building Python package in '/home/pi5/HOSPITAL_WS/src/hospital_robot'
[1.623s] INFO:colcon.colcon_core.shell:Skip shell extension 'powershell' for command environment: Not usable outside of PowerShell
[1.623s] DEBUG:colcon.colcon_core.shell:Skip shell extension 'dsv' for command environment
[2.132s] INFO:colcon.colcon_core.task.python.build:Building Python package in '/home/pi5/HOSPITAL_WS/src/hospital_world'
[2.133s] INFO:colcon.colcon_core.shell:Skip shell extension 'powershell' for command environment: Not usable outside of PowerShell
[2.133s] DEBUG:colcon.colcon_core.shell:Skip shell extension 'dsv' for command environment
[3.665s] DEBUG:colcon.colcon_core.event_handler.log_command:Invoking command in '/home/pi5/HOSPITAL_WS/src/hospital_world': DEBUGINFOD_URLS=https://debuginfod.ubuntu.com PYTHONPATH=/home/pi5/HOSPITAL_WS/build/hospital_world/prefix_override:/usr/lib/python3/dist-packages/colcon_core/task/python/colcon_distutils_commands:/home/pi5/HOSPITAL_WS/install/hospital_world/lib/python3.12/site-packages:${PYTHONPATH} /usr/bin/python3 -W ignore:setup.py install is deprecated -W ignore:easy_install command is deprecated setup.py egg_info --egg-base ../../build/hospital_world build --build-base /home/pi5/HOSPITAL_WS/build/hospital_world/build install --record /home/pi5/HOSPITAL_WS/build/hospital_world/install.log --single-version-externally-managed install_data
[3.720s] DEBUG:colcon.colcon_core.event_handler.log_command:Invoking command in '/home/pi5/HOSPITAL_WS/src/hospital_robot': DEBUGINFOD_URLS=https://debuginfod.ubuntu.com PYTHONPATH=/home/pi5/HOSPITAL_WS/build/hospital_robot/prefix_override:/usr/lib/python3/dist-packages/colcon_core/task/python/colcon_distutils_commands:/home/pi5/HOSPITAL_WS/install/hospital_robot/lib/python3.12/site-packages:${PYTHONPATH} /usr/bin/python3 -W ignore:setup.py install is deprecated -W ignore:easy_install command is deprecated setup.py egg_info --egg-base ../../build/hospital_robot build --build-base /home/pi5/HOSPITAL_WS/build/hospital_robot/build install --record /home/pi5/HOSPITAL_WS/build/hospital_robot/install.log --single-version-externally-managed install_data
[3.735s] DEBUG:colcon.colcon_core.event_handler.log_command:Invoking command in '/home/pi5/HOSPITAL_WS/src/hospital_hardware': DEBUGINFOD_URLS=https://debuginfod.ubuntu.com PYTHONPATH=/home/pi5/HOSPITAL_WS/build/hospital_hardware/prefix_override:/usr/lib/python3/dist-packages/colcon_core/task/python/colcon_distutils_commands:/home/pi5/HOSPITAL_WS/install/hospital_hardware/lib/python3.12/site-packages:${PYTHONPATH} /usr/bin/python3 -W ignore:setup.py install is deprecated -W ignore:easy_install command is deprecated setup.py egg_info --egg-base ../../build/hospital_hardware build --build-base /home/pi5/HOSPITAL_WS/build/hospital_hardware/build install --record /home/pi5/HOSPITAL_WS/build/hospital_hardware/install.log --single-version-externally-managed install_data
[5.142s] DEBUG:colcon.colcon_core.event_handler.log_command:Invoked command in '/home/pi5/HOSPITAL_WS/src/hospital_world' returned '0': DEBUGINFOD_URLS=https://debuginfod.ubuntu.com PYTHONPATH=/home/pi5/HOSPITAL_WS/build/hospital_world/prefix_override:/usr/lib/python3/dist-packages/colcon_core/task/python/colcon_distutils_commands:/home/pi5/HOSPITAL_WS/install/hospital_world/lib/python3.12/site-packages:${PYTHONPATH} /usr/bin/python3 -W ignore:setup.py install is deprecated -W ignore:easy_install command is deprecated setup.py egg_info --egg-base ../../build/hospital_world build --build-base /home/pi5/HOSPITAL_WS/build/hospital_world/build install --record /home/pi5/HOSPITAL_WS/build/hospital_world/install.log --single-version-externally-managed install_data
[5.150s] Level 1:colcon.colcon_core.environment:checking '/home/pi5/HOSPITAL_WS/install/hospital_world' for CMake module files
[5.152s] Level 1:colcon.colcon_core.environment:checking '/home/pi5/HOSPITAL_WS/install/hospital_world' for CMake config files
[5.156s] Level 1:colcon.colcon_core.environment:checking '/home/pi5/HOSPITAL_WS/install/hospital_world/lib'
[5.156s] Level 1:colcon.colcon_core.environment:checking '/home/pi5/HOSPITAL_WS/install/hospital_world/bin'
[5.157s] Level 1:colcon.colcon_core.environment:checking '/home/pi5/HOSPITAL_WS/install/hospital_world/lib/pkgconfig/hospital_world.pc'
[5.157s] Level 1:colcon.colcon_core.environment:checking '/home/pi5/HOSPITAL_WS/install/hospital_world/lib/python3.12/site-packages'
[5.158s] Level 1:colcon.colcon_core.shell:create_environment_hook('hospital_world', 'pythonpath')
[5.159s] INFO:colcon.colcon_core.shell:Creating environment hook '/home/pi5/HOSPITAL_WS/install/hospital_world/share/hospital_world/hook/pythonpath.ps1'
[5.161s] INFO:colcon.colcon_core.shell:Creating environment descriptor '/home/pi5/HOSPITAL_WS/install/hospital_world/share/hospital_world/hook/pythonpath.dsv'
[5.166s] INFO:colcon.colcon_core.shell:Creating environment hook '/home/pi5/HOSPITAL_WS/install/hospital_world/share/hospital_world/hook/pythonpath.sh'
[5.171s] Level 1:colcon.colcon_core.environment:checking '/home/pi5/HOSPITAL_WS/install/hospital_world/bin'
[5.176s] Level 1:colcon.colcon_core.environment:create_environment_scripts_only(hospital_world)
[5.177s] INFO:colcon.colcon_core.shell:Creating package script '/home/pi5/HOSPITAL_WS/install/hospital_world/share/hospital_world/package.ps1'
[5.180s] INFO:colcon.colcon_core.shell:Creating package descriptor '/home/pi5/HOSPITAL_WS/install/hospital_world/share/hospital_world/package.dsv'
[5.182s] INFO:colcon.colcon_core.shell:Creating package script '/home/pi5/HOSPITAL_WS/install/hospital_world/share/hospital_world/package.sh'
[5.185s] INFO:colcon.colcon_core.shell:Creating package script '/home/pi5/HOSPITAL_WS/install/hospital_world/share/hospital_world/package.bash'
[5.187s] INFO:colcon.colcon_core.shell:Creating package script '/home/pi5/HOSPITAL_WS/install/hospital_world/share/hospital_world/package.zsh'
[5.190s] Level 1:colcon.colcon_core.environment:create_file_with_runtime_dependencies(/home/pi5/HOSPITAL_WS/install/hospital_world/share/colcon-core/packages/hospital_world)
[5.197s] Level 1:colcon.colcon_core.environment:checking '/home/pi5/HOSPITAL_WS/install/hospital_robot' for CMake module files
[5.197s] DEBUG:colcon.colcon_core.event_handler.log_command:Invoked command in '/home/pi5/HOSPITAL_WS/src/hospital_robot' returned '0': DEBUGINFOD_URLS=https://debuginfod.ubuntu.com PYTHONPATH=/home/pi5/HOSPITAL_WS/build/hospital_robot/prefix_override:/usr/lib/python3/dist-packages/colcon_core/task/python/colcon_distutils_commands:/home/pi5/HOSPITAL_WS/install/hospital_robot/lib/python3.12/site-packages:${PYTHONPATH} /usr/bin/python3 -W ignore:setup.py install is deprecated -W ignore:easy_install command is deprecated setup.py egg_info --egg-base ../../build/hospital_robot build --build-base /home/pi5/HOSPITAL_WS/build/hospital_robot/build install --record /home/pi5/HOSPITAL_WS/build/hospital_robot/install.log --single-version-externally-managed install_data
[5.203s] Level 1:colcon.colcon_core.environment:checking '/home/pi5/HOSPITAL_WS/install/hospital_robot' for CMake config files
[5.208s] Level 1:colcon.colcon_core.environment:checking '/home/pi5/HOSPITAL_WS/install/hospital_robot/lib'
[5.209s] Level 1:colcon.colcon_core.environment:checking '/home/pi5/HOSPITAL_WS/install/hospital_robot/bin'
[5.209s] Level 1:colcon.colcon_core.environment:checking '/home/pi5/HOSPITAL_WS/install/hospital_robot/lib/pkgconfig/hospital_robot.pc'
[5.210s] Level 1:colcon.colcon_core.environment:checking '/home/pi5/HOSPITAL_WS/install/hospital_robot/lib/python3.12/site-packages'
[5.210s] Level 1:colcon.colcon_core.shell:create_environment_hook('hospital_robot', 'pythonpath')
[5.211s] INFO:colcon.colcon_core.shell:Creating environment hook '/home/pi5/HOSPITAL_WS/install/hospital_robot/share/hospital_robot/hook/pythonpath.ps1'
[5.213s] INFO:colcon.colcon_core.shell:Creating environment descriptor '/home/pi5/HOSPITAL_WS/install/hospital_robot/share/hospital_robot/hook/pythonpath.dsv'
[5.216s] INFO:colcon.colcon_core.shell:Creating environment hook '/home/pi5/HOSPITAL_WS/install/hospital_robot/share/hospital_robot/hook/pythonpath.sh'
[5.219s] Level 1:colcon.colcon_core.environment:checking '/home/pi5/HOSPITAL_WS/install/hospital_robot/bin'
[5.219s] Level 1:colcon.colcon_core.environment:create_environment_scripts_only(hospital_robot)
[5.220s] INFO:colcon.colcon_core.shell:Creating package script '/home/pi5/HOSPITAL_WS/install/hospital_robot/share/hospital_robot/package.ps1'
[5.222s] INFO:colcon.colcon_core.shell:Creating package descriptor '/home/pi5/HOSPITAL_WS/install/hospital_robot/share/hospital_robot/package.dsv'
[5.223s] INFO:colcon.colcon_core.shell:Creating package script '/home/pi5/HOSPITAL_WS/install/hospital_robot/share/hospital_robot/package.sh'
[5.224s] INFO:colcon.colcon_core.shell:Creating package script '/home/pi5/HOSPITAL_WS/install/hospital_robot/share/hospital_robot/package.bash'
[5.225s] INFO:colcon.colcon_core.shell:Creating package script '/home/pi5/HOSPITAL_WS/install/hospital_robot/share/hospital_robot/package.zsh'
[5.226s] Level 1:colcon.colcon_core.environment:create_file_with_runtime_dependencies(/home/pi5/HOSPITAL_WS/install/hospital_robot/share/colcon-core/packages/hospital_robot)
[5.230s] Level 1:colcon.colcon_core.environment:checking '/home/pi5/HOSPITAL_WS/install/hospital_hardware' for CMake module files
[5.231s] DEBUG:colcon.colcon_core.event_handler.log_command:Invoked command in '/home/pi5/HOSPITAL_WS/src/hospital_hardware' returned '0': DEBUGINFOD_URLS=https://debuginfod.ubuntu.com PYTHONPATH=/home/pi5/HOSPITAL_WS/build/hospital_hardware/prefix_override:/usr/lib/python3/dist-packages/colcon_core/task/python/colcon_distutils_commands:/home/pi5/HOSPITAL_WS/install/hospital_hardware/lib/python3.12/site-packages:${PYTHONPATH} /usr/bin/python3 -W ignore:setup.py install is deprecated -W ignore:easy_install command is deprecated setup.py egg_info --egg-base ../../build/hospital_hardware build --build-base /home/pi5/HOSPITAL_WS/build/hospital_hardware/build install --record /home/pi5/HOSPITAL_WS/build/hospital_hardware/install.log --single-version-externally-managed install_data
[5.232s] Level 1:colcon.colcon_core.environment:checking '/home/pi5/HOSPITAL_WS/install/hospital_hardware' for CMake config files
[5.234s] Level 1:colcon.colcon_core.environment:checking '/home/pi5/HOSPITAL_WS/install/hospital_hardware/lib'
[5.235s] Level 1:colcon.colcon_core.environment:checking '/home/pi5/HOSPITAL_WS/install/hospital_hardware/bin'
[5.235s] Level 1:colcon.colcon_core.environment:checking '/home/pi5/HOSPITAL_WS/install/hospital_hardware/lib/pkgconfig/hospital_hardware.pc'
[5.236s] Level 1:colcon.colcon_core.environment:checking '/home/pi5/HOSPITAL_WS/install/hospital_hardware/lib/python3.12/site-packages'
[5.237s] Level 1:colcon.colcon_core.shell:create_environment_hook('hospital_hardware', 'pythonpath')
[5.239s] INFO:colcon.colcon_core.shell:Creating environment hook '/home/pi5/HOSPITAL_WS/install/hospital_hardware/share/hospital_hardware/hook/pythonpath.ps1'
[5.240s] INFO:colcon.colcon_core.shell:Creating environment descriptor '/home/pi5/HOSPITAL_WS/install/hospital_hardware/share/hospital_hardware/hook/pythonpath.dsv'
[5.241s] INFO:colcon.colcon_core.shell:Creating environment hook '/home/pi5/HOSPITAL_WS/install/hospital_hardware/share/hospital_hardware/hook/pythonpath.sh'
[5.243s] Level 1:colcon.colcon_core.environment:checking '/home/pi5/HOSPITAL_WS/install/hospital_hardware/bin'
[5.243s] Level 1:colcon.colcon_core.environment:create_environment_scripts_only(hospital_hardware)
[5.244s] INFO:colcon.colcon_core.shell:Creating package script '/home/pi5/HOSPITAL_WS/install/hospital_hardware/share/hospital_hardware/package.ps1'
[5.247s] INFO:colcon.colcon_core.shell:Creating package descriptor '/home/pi5/HOSPITAL_WS/install/hospital_hardware/share/hospital_hardware/package.dsv'
[5.250s] INFO:colcon.colcon_core.shell:Creating package script '/home/pi5/HOSPITAL_WS/install/hospital_hardware/share/hospital_hardware/package.sh'
[5.253s] INFO:colcon.colcon_core.shell:Creating package script '/home/pi5/HOSPITAL_WS/install/hospital_hardware/share/hospital_hardware/package.bash'
[5.254s] INFO:colcon.colcon_core.shell:Creating package script '/home/pi5/HOSPITAL_WS/install/hospital_hardware/share/hospital_hardware/package.zsh'
[5.255s] Level 1:colcon.colcon_core.environment:create_file_with_runtime_dependencies(/home/pi5/HOSPITAL_WS/install/hospital_hardware/share/colcon-core/packages/hospital_hardware)
[5.255s] DEBUG:colcon.colcon_parallel_executor.executor.parallel:closing loop
[5.256s] DEBUG:colcon.colcon_parallel_executor.executor.parallel:loop closed
[5.257s] DEBUG:colcon.colcon_parallel_executor.executor.parallel:run_until_complete finished with '0'
[5.257s] DEBUG:colcon.colcon_core.event_reactor:joining thread
[5.277s] INFO:colcon.colcon_core.plugin_system:Skipping extension 'colcon_notification.desktop_notification.terminal_notifier': Not used on non-Darwin systems
[5.277s] INFO:colcon.colcon_core.plugin_system:Skipping extension 'colcon_notification.desktop_notification.win32': Not used on non-Windows systems
[5.278s] INFO:colcon.colcon_notification.desktop_notification:Sending desktop notification using 'notify2'
[5.316s] DEBUG:colcon.colcon_core.event_reactor:joined thread
[5.318s] INFO:colcon.colcon_core.shell:Creating prefix script '/home/pi5/HOSPITAL_WS/install/local_setup.ps1'
[5.320s] INFO:colcon.colcon_core.shell:Creating prefix util module '/home/pi5/HOSPITAL_WS/install/_local_setup_util_ps1.py'
[5.324s] INFO:colcon.colcon_core.shell:Creating prefix chain script '/home/pi5/HOSPITAL_WS/install/setup.ps1'
[5.328s] INFO:colcon.colcon_core.shell:Creating prefix script '/home/pi5/HOSPITAL_WS/install/local_setup.sh'
[5.332s] INFO:colcon.colcon_core.shell:Creating prefix util module '/home/pi5/HOSPITAL_WS/install/_local_setup_util_sh.py'
[5.335s] INFO:colcon.colcon_core.shell:Creating prefix chain script '/home/pi5/HOSPITAL_WS/install/setup.sh'
[5.340s] INFO:colcon.colcon_core.shell:Creating prefix script '/home/pi5/HOSPITAL_WS/install/local_setup.bash'
[5.341s] INFO:colcon.colcon_core.shell:Creating prefix chain script '/home/pi5/HOSPITAL_WS/install/setup.bash'
[5.342s] INFO:colcon.colcon_core.shell:Creating prefix script '/home/pi5/HOSPITAL_WS/install/local_setup.zsh'
[5.343s] INFO:colcon.colcon_core.shell:Creating prefix chain script '/home/pi5/HOSPITAL_WS/install/setup.zsh'
