[0.803s] Invoking command in '/home/vikash/Hospital_ws/src/hospital_world': PYTHONPATH=/home/vikash/Hospital_ws/build/hospital_world/prefix_override:/usr/lib/python3/dist-packages/colcon_core/task/python/colcon_distutils_commands:/home/vikash/Hospital_ws/install/hospital_world/lib/python3.10/site-packages:${PYTHONPATH} /usr/bin/python3 -W ignore:setup.py install is deprecated -W ignore:easy_install command is deprecated setup.py egg_info --egg-base ../../build/hospital_world build --build-base /home/vikash/Hospital_ws/build/hospital_world/build install --record /home/vikash/Hospital_ws/build/hospital_world/install.log --single-version-externally-managed install_data
[1.012s] running egg_info
[1.012s] writing ../../build/hospital_world/hospital_world.egg-info/PKG-INFO
[1.013s] writing dependency_links to ../../build/hospital_world/hospital_world.egg-info/dependency_links.txt
[1.013s] writing entry points to ../../build/hospital_world/hospital_world.egg-info/entry_points.txt
[1.013s] writing requirements to ../../build/hospital_world/hospital_world.egg-info/requires.txt
[1.014s] writing top-level names to ../../build/hospital_world/hospital_world.egg-info/top_level.txt
[1.017s] reading manifest file '../../build/hospital_world/hospital_world.egg-info/SOURCES.txt'
[1.017s] writing manifest file '../../build/hospital_world/hospital_world.egg-info/SOURCES.txt'
[1.017s] running build
[1.017s] running build_py
[1.017s] running install
[1.017s] running install_lib
[1.019s] running install_data
[1.020s] copying worlds/hospital_world.sdf -> /home/vikash/Hospital_ws/install/hospital_world/share/hospital_world/worlds
[1.020s] running install_egg_info
[1.021s] removing '/home/vikash/Hospital_ws/install/hospital_world/lib/python3.10/site-packages/hospital_world-0.0.0-py3.10.egg-info' (and everything under it)
[1.021s] Copying ../../build/hospital_world/hospital_world.egg-info to /home/vikash/Hospital_ws/install/hospital_world/lib/python3.10/site-packages/hospital_world-0.0.0-py3.10.egg-info
[1.022s] running install_scripts
[1.041s] writing list of installed files to '/home/vikash/Hospital_ws/build/hospital_world/install.log'
[1.060s] Invoked command in '/home/vikash/Hospital_ws/src/hospital_world' returned '0': PYTHONPATH=/home/vikash/Hospital_ws/build/hospital_world/prefix_override:/usr/lib/python3/dist-packages/colcon_core/task/python/colcon_distutils_commands:/home/vikash/Hospital_ws/install/hospital_world/lib/python3.10/site-packages:${PYTHONPATH} /usr/bin/python3 -W ignore:setup.py install is deprecated -W ignore:easy_install command is deprecated setup.py egg_info --egg-base ../../build/hospital_world build --build-base /home/vikash/Hospital_ws/build/hospital_world/build install --record /home/vikash/Hospital_ws/build/hospital_world/install.log --single-version-externally-managed install_data
