[0.633s] Invoking command in '/home/vikash/Hospital_ws/build/hospital_world': PYTHONPATH=/home/vikash/Hospital_ws/build/hospital_world/prefix_override:/usr/lib/python3/dist-packages/colcon_core/task/python/colcon_distutils_commands:/home/vikash/Hospital_ws/install/hospital_world/lib/python3.10/site-packages:${PYTHONPATH} /usr/bin/python3 -W ignore:setup.py install is deprecated -W ignore:easy_install command is deprecated setup.py develop --editable --build-directory /home/vikash/Hospital_ws/build/hospital_world/build --no-deps symlink_data --force
[0.813s] running develop
[0.916s] running egg_info
[0.917s] writing hospital_world.egg-info/PKG-INFO
[0.917s] writing dependency_links to hospital_world.egg-info/dependency_links.txt
[0.917s] writing entry points to hospital_world.egg-info/entry_points.txt
[0.918s] writing requirements to hospital_world.egg-info/requires.txt
[0.918s] writing top-level names to hospital_world.egg-info/top_level.txt
[0.918s] reading manifest file 'hospital_world.egg-info/SOURCES.txt'
[0.920s] writing manifest file 'hospital_world.egg-info/SOURCES.txt'
[0.920s] running build_ext
[0.920s] Creating /home/vikash/Hospital_ws/install/hospital_world/lib/python3.10/site-packages/hospital-world.egg-link (link to .)
[0.921s] 
[0.921s] Installed /home/vikash/Hospital_ws/build/hospital_world
[0.921s] running symlink_data
[0.921s] symbolically linking /home/vikash/Hospital_ws/build/hospital_world/resource/hospital_world -> /home/vikash/Hospital_ws/install/hospital_world/share/ament_index/resource_index/packages
[0.922s] symbolically linking /home/vikash/Hospital_ws/build/hospital_world/package.xml -> /home/vikash/Hospital_ws/install/hospital_world/share/hospital_world
[0.922s] symbolically linking /home/vikash/Hospital_ws/build/hospital_world/launch/hospital_world.launch.py -> /home/vikash/Hospital_ws/install/hospital_world/share/hospital_world/launch
[0.922s] symbolically linking /home/vikash/Hospital_ws/build/hospital_world/worlds/hospital_world.sdf -> /home/vikash/Hospital_ws/install/hospital_world/share/hospital_world/worlds
[0.954s] Invoked command in '/home/vikash/Hospital_ws/build/hospital_world' returned '0': PYTHONPATH=/home/vikash/Hospital_ws/build/hospital_world/prefix_override:/usr/lib/python3/dist-packages/colcon_core/task/python/colcon_distutils_commands:/home/vikash/Hospital_ws/install/hospital_world/lib/python3.10/site-packages:${PYTHONPATH} /usr/bin/python3 -W ignore:setup.py install is deprecated -W ignore:easy_install command is deprecated setup.py develop --editable --build-directory /home/vikash/Hospital_ws/build/hospital_world/build --no-deps symlink_data --force
