[0.320s] DEBUG:colcon:Command line arguments: ['/usr/bin/colcon', 'build']
[0.320s] DEBUG:colcon:Parsed command line arguments: Namespace(log_base=None, log_level=None, verb_name='build', build_base='build', install_base='install', merge_install=False, symlink_install=False, test_result_base=None, continue_on_error=False, executor='parallel', parallel_workers=16, event_handlers=None, ignore_user_meta=False, metas=['./colcon.meta'], base_paths=['.'], packages_ignore=None, packages_ignore_regex=None, paths=None, packages_up_to=None, packages_up_to_regex=None, packages_above=None, packages_above_and_dependencies=None, packages_above_depth=None, packages_select_by_dep=None, packages_skip_by_dep=None, packages_skip_up_to=None, packages_select_build_failed=False, packages_skip_build_finished=False, packages_select_test_failures=False, packages_skip_test_passed=False, packages_select=None, packages_skip=None, packages_select_regex=None, packages_skip_regex=None, packages_start=None, packages_end=None, allow_overriding=[], cmake_args=None, cmake_target=None, cmake_target_skip_unavailable=False, cmake_clean_cache=False, cmake_clean_first=False, cmake_force_configure=False, ament_cmake_args=None, catkin_cmake_args=None, catkin_skip_building_tests=False, verb_parser=<colcon_defaults.argument_parser.defaults.DefaultArgumentsDecorator object at 0x7a3ff465ce20>, verb_extension=<colcon_core.verb.build.BuildVerb object at 0x7a3ff465c8e0>, main=<bound method BuildVerb.main of <colcon_core.verb.build.BuildVerb object at 0x7a3ff465c8e0>>)
[0.574s] Level 1:colcon.colcon_core.package_discovery:discover_packages(colcon_meta) check parameters
[0.575s] Level 1:colcon.colcon_core.package_discovery:discover_packages(recursive) check parameters
[0.575s] Level 1:colcon.colcon_core.package_discovery:discover_packages(ignore) check parameters
[0.575s] Level 1:colcon.colcon_core.package_discovery:discover_packages(path) check parameters
[0.575s] Level 1:colcon.colcon_core.package_discovery:discover_packages(colcon_meta) discover
[0.575s] Level 1:colcon.colcon_core.package_discovery:discover_packages(recursive) discover
[0.575s] INFO:colcon.colcon_core.package_discovery:Crawling recursively for packages in '/home/vikash/Hospital_ws'
[0.575s] Level 1:colcon.colcon_core.package_identification:_identify(.) by extensions ['ignore', 'ignore_ament_install']
[0.575s] Level 1:colcon.colcon_core.package_identification:_identify(.) by extension 'ignore'
[0.575s] Level 1:colcon.colcon_core.package_identification:_identify(.) by extension 'ignore_ament_install'
[0.575s] Level 1:colcon.colcon_core.package_identification:_identify(.) by extensions ['colcon_pkg']
[0.575s] Level 1:colcon.colcon_core.package_identification:_identify(.) by extension 'colcon_pkg'
[0.575s] Level 1:colcon.colcon_core.package_identification:_identify(.) by extensions ['colcon_meta']
[0.575s] Level 1:colcon.colcon_core.package_identification:_identify(.) by extension 'colcon_meta'
[0.575s] Level 1:colcon.colcon_core.package_identification:_identify(.) by extensions ['ros']
[0.575s] Level 1:colcon.colcon_core.package_identification:_identify(.) by extension 'ros'
[0.588s] Level 1:colcon.colcon_core.package_identification:_identify(.) by extensions ['cmake', 'python']
[0.588s] Level 1:colcon.colcon_core.package_identification:_identify(.) by extension 'cmake'
[0.588s] Level 1:colcon.colcon_core.package_identification:_identify(.) by extension 'python'
[0.588s] Level 1:colcon.colcon_core.package_identification:_identify(.) by extensions ['python_setup_py']
[0.589s] Level 1:colcon.colcon_core.package_identification:_identify(.) by extension 'python_setup_py'
[0.589s] Level 1:colcon.colcon_core.package_identification:_identify(build) by extensions ['ignore', 'ignore_ament_install']
[0.589s] Level 1:colcon.colcon_core.package_identification:_identify(build) by extension 'ignore'
[0.589s] Level 1:colcon.colcon_core.package_identification:_identify(build) ignored
[0.589s] Level 1:colcon.colcon_core.package_identification:_identify(install) by extensions ['ignore', 'ignore_ament_install']
[0.589s] Level 1:colcon.colcon_core.package_identification:_identify(install) by extension 'ignore'
[0.589s] Level 1:colcon.colcon_core.package_identification:_identify(install) ignored
[0.589s] Level 1:colcon.colcon_core.package_identification:_identify(log) by extensions ['ignore', 'ignore_ament_install']
[0.589s] Level 1:colcon.colcon_core.package_identification:_identify(log) by extension 'ignore'
[0.589s] Level 1:colcon.colcon_core.package_identification:_identify(log) ignored
[0.589s] Level 1:colcon.colcon_core.package_identification:_identify(src) by extensions ['ignore', 'ignore_ament_install']
[0.589s] Level 1:colcon.colcon_core.package_identification:_identify(src) by extension 'ignore'
[0.589s] Level 1:colcon.colcon_core.package_identification:_identify(src) by extension 'ignore_ament_install'
[0.589s] Level 1:colcon.colcon_core.package_identification:_identify(src) by extensions ['colcon_pkg']
[0.589s] Level 1:colcon.colcon_core.package_identification:_identify(src) by extension 'colcon_pkg'
[0.589s] Level 1:colcon.colcon_core.package_identification:_identify(src) by extensions ['colcon_meta']
[0.589s] Level 1:colcon.colcon_core.package_identification:_identify(src) by extension 'colcon_meta'
[0.589s] Level 1:colcon.colcon_core.package_identification:_identify(src) by extensions ['ros']
[0.589s] Level 1:colcon.colcon_core.package_identification:_identify(src) by extension 'ros'
[0.589s] Level 1:colcon.colcon_core.package_identification:_identify(src) by extensions ['cmake', 'python']
[0.589s] Level 1:colcon.colcon_core.package_identification:_identify(src) by extension 'cmake'
[0.589s] Level 1:colcon.colcon_core.package_identification:_identify(src) by extension 'python'
[0.589s] Level 1:colcon.colcon_core.package_identification:_identify(src) by extensions ['python_setup_py']
[0.590s] Level 1:colcon.colcon_core.package_identification:_identify(src) by extension 'python_setup_py'
[0.590s] Level 1:colcon.colcon_core.package_identification:_identify(src/hospital_robot) by extensions ['ignore', 'ignore_ament_install']
[0.590s] Level 1:colcon.colcon_core.package_identification:_identify(src/hospital_robot) by extension 'ignore'
[0.590s] Level 1:colcon.colcon_core.package_identification:_identify(src/hospital_robot) by extension 'ignore_ament_install'
[0.590s] Level 1:colcon.colcon_core.package_identification:_identify(src/hospital_robot) by extensions ['colcon_pkg']
[0.590s] Level 1:colcon.colcon_core.package_identification:_identify(src/hospital_robot) by extension 'colcon_pkg'
[0.590s] Level 1:colcon.colcon_core.package_identification:_identify(src/hospital_robot) by extensions ['colcon_meta']
[0.590s] Level 1:colcon.colcon_core.package_identification:_identify(src/hospital_robot) by extension 'colcon_meta'
[0.590s] Level 1:colcon.colcon_core.package_identification:_identify(src/hospital_robot) by extensions ['ros']
[0.590s] Level 1:colcon.colcon_core.package_identification:_identify(src/hospital_robot) by extension 'ros'
[0.593s] DEBUG:colcon.colcon_core.package_identification:Package 'src/hospital_robot' with type 'ros.ament_python' and name 'hospital_robot'
[0.593s] Level 1:colcon.colcon_core.package_identification:_identify(src/hospital_world) by extensions ['ignore', 'ignore_ament_install']
[0.593s] Level 1:colcon.colcon_core.package_identification:_identify(src/hospital_world) by extension 'ignore'
[0.593s] Level 1:colcon.colcon_core.package_identification:_identify(src/hospital_world) by extension 'ignore_ament_install'
[0.593s] Level 1:colcon.colcon_core.package_identification:_identify(src/hospital_world) by extensions ['colcon_pkg']
[0.593s] Level 1:colcon.colcon_core.package_identification:_identify(src/hospital_world) by extension 'colcon_pkg'
[0.593s] Level 1:colcon.colcon_core.package_identification:_identify(src/hospital_world) by extensions ['colcon_meta']
[0.593s] Level 1:colcon.colcon_core.package_identification:_identify(src/hospital_world) by extension 'colcon_meta'
[0.593s] Level 1:colcon.colcon_core.package_identification:_identify(src/hospital_world) by extensions ['ros']
[0.593s] Level 1:colcon.colcon_core.package_identification:_identify(src/hospital_world) by extension 'ros'
[0.594s] DEBUG:colcon.colcon_core.package_identification:Package 'src/hospital_world' with type 'ros.ament_python' and name 'hospital_world'
[0.594s] Level 1:colcon.colcon_core.package_discovery:discover_packages(recursive) using defaults
[0.594s] Level 1:colcon.colcon_core.package_discovery:discover_packages(ignore) discover
[0.594s] Level 1:colcon.colcon_core.package_discovery:discover_packages(ignore) using defaults
[0.594s] Level 1:colcon.colcon_core.package_discovery:discover_packages(path) discover
[0.594s] Level 1:colcon.colcon_core.package_discovery:discover_packages(path) using defaults
[0.629s] Level 1:colcon.colcon_core.package_discovery:discover_packages(prefix_path) check parameters
[0.629s] Level 1:colcon.colcon_core.package_discovery:discover_packages(prefix_path) discover
[0.633s] DEBUG:colcon.colcon_installed_package_information.package_discovery:Found 2 installed packages in /home/vikash/Hospital_ws/install
[0.633s] DEBUG:colcon.colcon_installed_package_information.package_discovery:Found 2 installed packages in /home/vikash/junu/install
[0.635s] DEBUG:colcon.colcon_installed_package_information.package_discovery:Found 409 installed packages in /opt/ros/humble
[0.637s] Level 1:colcon.colcon_core.package_discovery:discover_packages(prefix_path) using defaults
[0.675s] Level 5:colcon.colcon_core.verb:set package 'hospital_robot' build argument 'cmake_args' from command line to 'None'
[0.675s] Level 5:colcon.colcon_core.verb:set package 'hospital_robot' build argument 'cmake_target' from command line to 'None'
[0.675s] Level 5:colcon.colcon_core.verb:set package 'hospital_robot' build argument 'cmake_target_skip_unavailable' from command line to 'False'
[0.675s] Level 5:colcon.colcon_core.verb:set package 'hospital_robot' build argument 'cmake_clean_cache' from command line to 'False'
[0.675s] Level 5:colcon.colcon_core.verb:set package 'hospital_robot' build argument 'cmake_clean_first' from command line to 'False'
[0.675s] Level 5:colcon.colcon_core.verb:set package 'hospital_robot' build argument 'cmake_force_configure' from command line to 'False'
[0.675s] Level 5:colcon.colcon_core.verb:set package 'hospital_robot' build argument 'ament_cmake_args' from command line to 'None'
[0.675s] Level 5:colcon.colcon_core.verb:set package 'hospital_robot' build argument 'catkin_cmake_args' from command line to 'None'
[0.675s] Level 5:colcon.colcon_core.verb:set package 'hospital_robot' build argument 'catkin_skip_building_tests' from command line to 'False'
[0.675s] DEBUG:colcon.colcon_core.verb:Building package 'hospital_robot' with the following arguments: {'ament_cmake_args': None, 'build_base': '/home/vikash/Hospital_ws/build/hospital_robot', 'catkin_cmake_args': None, 'catkin_skip_building_tests': False, 'cmake_args': None, 'cmake_clean_cache': False, 'cmake_clean_first': False, 'cmake_force_configure': False, 'cmake_target': None, 'cmake_target_skip_unavailable': False, 'install_base': '/home/vikash/Hospital_ws/install/hospital_robot', 'merge_install': False, 'path': '/home/vikash/Hospital_ws/src/hospital_robot', 'symlink_install': False, 'test_result_base': None}
[0.675s] Level 5:colcon.colcon_core.verb:set package 'hospital_world' build argument 'cmake_args' from command line to 'None'
[0.675s] Level 5:colcon.colcon_core.verb:set package 'hospital_world' build argument 'cmake_target' from command line to 'None'
[0.675s] Level 5:colcon.colcon_core.verb:set package 'hospital_world' build argument 'cmake_target_skip_unavailable' from command line to 'False'
[0.675s] Level 5:colcon.colcon_core.verb:set package 'hospital_world' build argument 'cmake_clean_cache' from command line to 'False'
[0.675s] Level 5:colcon.colcon_core.verb:set package 'hospital_world' build argument 'cmake_clean_first' from command line to 'False'
[0.675s] Level 5:colcon.colcon_core.verb:set package 'hospital_world' build argument 'cmake_force_configure' from command line to 'False'
[0.675s] Level 5:colcon.colcon_core.verb:set package 'hospital_world' build argument 'ament_cmake_args' from command line to 'None'
[0.675s] Level 5:colcon.colcon_core.verb:set package 'hospital_world' build argument 'catkin_cmake_args' from command line to 'None'
[0.675s] Level 5:colcon.colcon_core.verb:set package 'hospital_world' build argument 'catkin_skip_building_tests' from command line to 'False'
[0.675s] DEBUG:colcon.colcon_core.verb:Building package 'hospital_world' with the following arguments: {'ament_cmake_args': None, 'build_base': '/home/vikash/Hospital_ws/build/hospital_world', 'catkin_cmake_args': None, 'catkin_skip_building_tests': False, 'cmake_args': None, 'cmake_clean_cache': False, 'cmake_clean_first': False, 'cmake_force_configure': False, 'cmake_target': None, 'cmake_target_skip_unavailable': False, 'install_base': '/home/vikash/Hospital_ws/install/hospital_world', 'merge_install': False, 'path': '/home/vikash/Hospital_ws/src/hospital_world', 'symlink_install': False, 'test_result_base': None}
[0.675s] INFO:colcon.colcon_core.executor:Executing jobs using 'parallel' executor
[0.677s] DEBUG:colcon.colcon_parallel_executor.executor.parallel:run_until_complete
[0.677s] INFO:colcon.colcon_ros.task.ament_python.build:Building ROS package in '/home/vikash/Hospital_ws/src/hospital_robot' with build type 'ament_python'
[0.677s] Level 1:colcon.colcon_core.shell:create_environment_hook('hospital_robot', 'ament_prefix_path')
[0.682s] INFO:colcon.colcon_core.plugin_system:Skipping extension 'colcon_core.shell.bat': Not used on non-Windows systems
[0.682s] INFO:colcon.colcon_core.shell:Creating environment hook '/home/vikash/Hospital_ws/install/hospital_robot/share/hospital_robot/hook/ament_prefix_path.ps1'
[0.683s] INFO:colcon.colcon_core.shell:Creating environment descriptor '/home/vikash/Hospital_ws/install/hospital_robot/share/hospital_robot/hook/ament_prefix_path.dsv'
[0.684s] INFO:colcon.colcon_core.shell:Creating environment hook '/home/vikash/Hospital_ws/install/hospital_robot/share/hospital_robot/hook/ament_prefix_path.sh'
[0.685s] INFO:colcon.colcon_core.shell:Skip shell extension 'powershell' for command environment: Not usable outside of PowerShell
[0.685s] DEBUG:colcon.colcon_core.shell:Skip shell extension 'dsv' for command environment
[0.689s] INFO:colcon.colcon_ros.task.ament_python.build:Building ROS package in '/home/vikash/Hospital_ws/src/hospital_world' with build type 'ament_python'
[0.689s] Level 1:colcon.colcon_core.shell:create_environment_hook('hospital_world', 'ament_prefix_path')
[0.689s] INFO:colcon.colcon_core.shell:Creating environment hook '/home/vikash/Hospital_ws/install/hospital_world/share/hospital_world/hook/ament_prefix_path.ps1'
[0.690s] INFO:colcon.colcon_core.shell:Creating environment descriptor '/home/vikash/Hospital_ws/install/hospital_world/share/hospital_world/hook/ament_prefix_path.dsv'
[0.690s] INFO:colcon.colcon_core.shell:Creating environment hook '/home/vikash/Hospital_ws/install/hospital_world/share/hospital_world/hook/ament_prefix_path.sh'
[0.691s] INFO:colcon.colcon_core.shell:Skip shell extension 'powershell' for command environment: Not usable outside of PowerShell
[0.691s] DEBUG:colcon.colcon_core.shell:Skip shell extension 'dsv' for command environment
[0.940s] INFO:colcon.colcon_core.task.python.build:Building Python package in '/home/vikash/Hospital_ws/src/hospital_robot'
[0.940s] INFO:colcon.colcon_core.shell:Skip shell extension 'powershell' for command environment: Not usable outside of PowerShell
[0.940s] DEBUG:colcon.colcon_core.shell:Skip shell extension 'dsv' for command environment
[1.175s] INFO:colcon.colcon_core.task.python.build:Building Python package in '/home/vikash/Hospital_ws/src/hospital_world'
[1.175s] INFO:colcon.colcon_core.shell:Skip shell extension 'powershell' for command environment: Not usable outside of PowerShell
[1.175s] DEBUG:colcon.colcon_core.shell:Skip shell extension 'dsv' for command environment
[1.702s] DEBUG:colcon.colcon_core.event_handler.log_command:Invoking command in '/home/vikash/Hospital_ws/build/hospital_world': PYTHONPATH=/home/vikash/Hospital_ws/build/hospital_world/prefix_override:/usr/lib/python3/dist-packages/colcon_core/task/python/colcon_distutils_commands:/home/vikash/Hospital_ws/install/hospital_world/lib/python3.10/site-packages:${PYTHONPATH} /usr/bin/python3 -W ignore:setup.py install is deprecated -W ignore:easy_install command is deprecated setup.py develop --uninstall --editable --build-directory /home/vikash/Hospital_ws/build/hospital_world/build
[1.708s] DEBUG:colcon.colcon_core.event_handler.log_command:Invoking command in '/home/vikash/Hospital_ws/build/hospital_robot': PYTHONPATH=/home/vikash/Hospital_ws/build/hospital_robot/prefix_override:/usr/lib/python3/dist-packages/colcon_core/task/python/colcon_distutils_commands:/home/vikash/Hospital_ws/install/hospital_robot/lib/python3.10/site-packages:${PYTHONPATH} /usr/bin/python3 -W ignore:setup.py install is deprecated -W ignore:easy_install command is deprecated setup.py develop --uninstall --editable --build-directory /home/vikash/Hospital_ws/build/hospital_robot/build
[2.038s] DEBUG:colcon.colcon_core.event_handler.log_command:Invoked command in '/home/vikash/Hospital_ws/build/hospital_world' returned '0': PYTHONPATH=/home/vikash/Hospital_ws/build/hospital_world/prefix_override:/usr/lib/python3/dist-packages/colcon_core/task/python/colcon_distutils_commands:/home/vikash/Hospital_ws/install/hospital_world/lib/python3.10/site-packages:${PYTHONPATH} /usr/bin/python3 -W ignore:setup.py install is deprecated -W ignore:easy_install command is deprecated setup.py develop --uninstall --editable --build-directory /home/vikash/Hospital_ws/build/hospital_world/build
[2.039s] DEBUG:colcon.colcon_core.event_handler.log_command:Invoking command in '/home/vikash/Hospital_ws/src/hospital_world': PYTHONPATH=/home/vikash/Hospital_ws/build/hospital_world/prefix_override:/usr/lib/python3/dist-packages/colcon_core/task/python/colcon_distutils_commands:/home/vikash/Hospital_ws/install/hospital_world/lib/python3.10/site-packages:${PYTHONPATH} /usr/bin/python3 -W ignore:setup.py install is deprecated -W ignore:easy_install command is deprecated setup.py egg_info --egg-base ../../build/hospital_world build --build-base /home/vikash/Hospital_ws/build/hospital_world/build install --record /home/vikash/Hospital_ws/build/hospital_world/install.log --single-version-externally-managed install_data --force
[2.070s] DEBUG:colcon.colcon_core.event_handler.log_command:Invoked command in '/home/vikash/Hospital_ws/build/hospital_robot' returned '0': PYTHONPATH=/home/vikash/Hospital_ws/build/hospital_robot/prefix_override:/usr/lib/python3/dist-packages/colcon_core/task/python/colcon_distutils_commands:/home/vikash/Hospital_ws/install/hospital_robot/lib/python3.10/site-packages:${PYTHONPATH} /usr/bin/python3 -W ignore:setup.py install is deprecated -W ignore:easy_install command is deprecated setup.py develop --uninstall --editable --build-directory /home/vikash/Hospital_ws/build/hospital_robot/build
[2.073s] DEBUG:colcon.colcon_core.event_handler.log_command:Invoking command in '/home/vikash/Hospital_ws/src/hospital_robot': PYTHONPATH=/home/vikash/Hospital_ws/build/hospital_robot/prefix_override:/usr/lib/python3/dist-packages/colcon_core/task/python/colcon_distutils_commands:/home/vikash/Hospital_ws/install/hospital_robot/lib/python3.10/site-packages:${PYTHONPATH} /usr/bin/python3 -W ignore:setup.py install is deprecated -W ignore:easy_install command is deprecated setup.py egg_info --egg-base ../../build/hospital_robot build --build-base /home/vikash/Hospital_ws/build/hospital_robot/build install --record /home/vikash/Hospital_ws/build/hospital_robot/install.log --single-version-externally-managed install_data --force
[2.237s] DEBUG:colcon.colcon_core.event_handler.log_command:Invoked command in '/home/vikash/Hospital_ws/src/hospital_world' returned '0': PYTHONPATH=/home/vikash/Hospital_ws/build/hospital_world/prefix_override:/usr/lib/python3/dist-packages/colcon_core/task/python/colcon_distutils_commands:/home/vikash/Hospital_ws/install/hospital_world/lib/python3.10/site-packages:${PYTHONPATH} /usr/bin/python3 -W ignore:setup.py install is deprecated -W ignore:easy_install command is deprecated setup.py egg_info --egg-base ../../build/hospital_world build --build-base /home/vikash/Hospital_ws/build/hospital_world/build install --record /home/vikash/Hospital_ws/build/hospital_world/install.log --single-version-externally-managed install_data --force
[2.244s] Level 1:colcon.colcon_core.environment:checking '/home/vikash/Hospital_ws/install/hospital_world' for CMake module files
[2.244s] Level 1:colcon.colcon_core.environment:checking '/home/vikash/Hospital_ws/install/hospital_world' for CMake config files
[2.246s] Level 1:colcon.colcon_core.environment:checking '/home/vikash/Hospital_ws/install/hospital_world/lib'
[2.246s] Level 1:colcon.colcon_core.environment:checking '/home/vikash/Hospital_ws/install/hospital_world/bin'
[2.246s] Level 1:colcon.colcon_core.environment:checking '/home/vikash/Hospital_ws/install/hospital_world/lib/pkgconfig/hospital_world.pc'
[2.246s] Level 1:colcon.colcon_core.environment:checking '/home/vikash/Hospital_ws/install/hospital_world/lib/python3.10/site-packages'
[2.246s] Level 1:colcon.colcon_core.shell:create_environment_hook('hospital_world', 'pythonpath')
[2.246s] INFO:colcon.colcon_core.shell:Creating environment hook '/home/vikash/Hospital_ws/install/hospital_world/share/hospital_world/hook/pythonpath.ps1'
[2.247s] INFO:colcon.colcon_core.shell:Creating environment descriptor '/home/vikash/Hospital_ws/install/hospital_world/share/hospital_world/hook/pythonpath.dsv'
[2.247s] INFO:colcon.colcon_core.shell:Creating environment hook '/home/vikash/Hospital_ws/install/hospital_world/share/hospital_world/hook/pythonpath.sh'
[2.248s] Level 1:colcon.colcon_core.environment:checking '/home/vikash/Hospital_ws/install/hospital_world/bin'
[2.248s] Level 1:colcon.colcon_core.environment:create_environment_scripts_only(hospital_world)
[2.248s] INFO:colcon.colcon_core.shell:Creating package script '/home/vikash/Hospital_ws/install/hospital_world/share/hospital_world/package.ps1'
[2.249s] INFO:colcon.colcon_core.shell:Creating package descriptor '/home/vikash/Hospital_ws/install/hospital_world/share/hospital_world/package.dsv'
[2.250s] INFO:colcon.colcon_core.shell:Creating package script '/home/vikash/Hospital_ws/install/hospital_world/share/hospital_world/package.sh'
[2.251s] INFO:colcon.colcon_core.shell:Creating package script '/home/vikash/Hospital_ws/install/hospital_world/share/hospital_world/package.bash'
[2.252s] INFO:colcon.colcon_core.shell:Creating package script '/home/vikash/Hospital_ws/install/hospital_world/share/hospital_world/package.zsh'
[2.254s] Level 1:colcon.colcon_core.environment:create_file_with_runtime_dependencies(/home/vikash/Hospital_ws/install/hospital_world/share/colcon-core/packages/hospital_world)
[2.270s] Level 1:colcon.colcon_core.environment:checking '/home/vikash/Hospital_ws/install/hospital_robot' for CMake module files
[2.271s] DEBUG:colcon.colcon_core.event_handler.log_command:Invoked command in '/home/vikash/Hospital_ws/src/hospital_robot' returned '0': PYTHONPATH=/home/vikash/Hospital_ws/build/hospital_robot/prefix_override:/usr/lib/python3/dist-packages/colcon_core/task/python/colcon_distutils_commands:/home/vikash/Hospital_ws/install/hospital_robot/lib/python3.10/site-packages:${PYTHONPATH} /usr/bin/python3 -W ignore:setup.py install is deprecated -W ignore:easy_install command is deprecated setup.py egg_info --egg-base ../../build/hospital_robot build --build-base /home/vikash/Hospital_ws/build/hospital_robot/build install --record /home/vikash/Hospital_ws/build/hospital_robot/install.log --single-version-externally-managed install_data --force
[2.271s] Level 1:colcon.colcon_core.environment:checking '/home/vikash/Hospital_ws/install/hospital_robot' for CMake config files
[2.272s] Level 1:colcon.colcon_core.environment:checking '/home/vikash/Hospital_ws/install/hospital_robot/lib'
[2.272s] Level 1:colcon.colcon_core.environment:checking '/home/vikash/Hospital_ws/install/hospital_robot/bin'
[2.272s] Level 1:colcon.colcon_core.environment:checking '/home/vikash/Hospital_ws/install/hospital_robot/lib/pkgconfig/hospital_robot.pc'
[2.272s] Level 1:colcon.colcon_core.environment:checking '/home/vikash/Hospital_ws/install/hospital_robot/lib/python3.10/site-packages'
[2.273s] Level 1:colcon.colcon_core.shell:create_environment_hook('hospital_robot', 'pythonpath')
[2.273s] INFO:colcon.colcon_core.shell:Creating environment hook '/home/vikash/Hospital_ws/install/hospital_robot/share/hospital_robot/hook/pythonpath.ps1'
[2.273s] INFO:colcon.colcon_core.shell:Creating environment descriptor '/home/vikash/Hospital_ws/install/hospital_robot/share/hospital_robot/hook/pythonpath.dsv'
[2.273s] INFO:colcon.colcon_core.shell:Creating environment hook '/home/vikash/Hospital_ws/install/hospital_robot/share/hospital_robot/hook/pythonpath.sh'
[2.274s] Level 1:colcon.colcon_core.environment:checking '/home/vikash/Hospital_ws/install/hospital_robot/bin'
[2.274s] Level 1:colcon.colcon_core.environment:create_environment_scripts_only(hospital_robot)
[2.274s] INFO:colcon.colcon_core.shell:Creating package script '/home/vikash/Hospital_ws/install/hospital_robot/share/hospital_robot/package.ps1'
[2.275s] INFO:colcon.colcon_core.shell:Creating package descriptor '/home/vikash/Hospital_ws/install/hospital_robot/share/hospital_robot/package.dsv'
[2.275s] INFO:colcon.colcon_core.shell:Creating package script '/home/vikash/Hospital_ws/install/hospital_robot/share/hospital_robot/package.sh'
[2.275s] INFO:colcon.colcon_core.shell:Creating package script '/home/vikash/Hospital_ws/install/hospital_robot/share/hospital_robot/package.bash'
[2.276s] INFO:colcon.colcon_core.shell:Creating package script '/home/vikash/Hospital_ws/install/hospital_robot/share/hospital_robot/package.zsh'
[2.276s] Level 1:colcon.colcon_core.environment:create_file_with_runtime_dependencies(/home/vikash/Hospital_ws/install/hospital_robot/share/colcon-core/packages/hospital_robot)
[2.277s] DEBUG:colcon.colcon_parallel_executor.executor.parallel:closing loop
[2.277s] DEBUG:colcon.colcon_parallel_executor.executor.parallel:loop closed
[2.277s] DEBUG:colcon.colcon_parallel_executor.executor.parallel:run_until_complete finished with '0'
[2.277s] DEBUG:colcon.colcon_core.event_reactor:joining thread
[2.285s] INFO:colcon.colcon_core.plugin_system:Skipping extension 'colcon_notification.desktop_notification.terminal_notifier': Not used on non-Darwin systems
[2.285s] INFO:colcon.colcon_core.plugin_system:Skipping extension 'colcon_notification.desktop_notification.win32': Not used on non-Windows systems
[2.285s] INFO:colcon.colcon_notification.desktop_notification:Sending desktop notification using 'notify2'
[2.303s] DEBUG:colcon.colcon_core.event_reactor:joined thread
[2.303s] INFO:colcon.colcon_core.shell:Creating prefix script '/home/vikash/Hospital_ws/install/local_setup.ps1'
[2.304s] INFO:colcon.colcon_core.shell:Creating prefix util module '/home/vikash/Hospital_ws/install/_local_setup_util_ps1.py'
[2.306s] INFO:colcon.colcon_core.shell:Creating prefix chain script '/home/vikash/Hospital_ws/install/setup.ps1'
[2.307s] INFO:colcon.colcon_core.shell:Creating prefix script '/home/vikash/Hospital_ws/install/local_setup.sh'
[2.308s] INFO:colcon.colcon_core.shell:Creating prefix util module '/home/vikash/Hospital_ws/install/_local_setup_util_sh.py'
[2.309s] INFO:colcon.colcon_core.shell:Creating prefix chain script '/home/vikash/Hospital_ws/install/setup.sh'
[2.310s] INFO:colcon.colcon_core.shell:Creating prefix script '/home/vikash/Hospital_ws/install/local_setup.bash'
[2.311s] INFO:colcon.colcon_core.shell:Creating prefix chain script '/home/vikash/Hospital_ws/install/setup.bash'
[2.312s] INFO:colcon.colcon_core.shell:Creating prefix script '/home/vikash/Hospital_ws/install/local_setup.zsh'
[2.313s] INFO:colcon.colcon_core.shell:Creating prefix chain script '/home/vikash/Hospital_ws/install/setup.zsh'
