[0.621s] Invoking command in '/home/vikash/Hospital_ws/src/hospital_robot': PYTHONPATH=/home/vikash/Hospital_ws/build/hospital_robot/prefix_override:/usr/lib/python3/dist-packages/colcon_core/task/python/colcon_distutils_commands:/home/vikash/Hospital_ws/install/hospital_robot/lib/python3.10/site-packages:${PYTHONPATH} /usr/bin/python3 -W ignore:setup.py install is deprecated -W ignore:easy_install command is deprecated setup.py egg_info --egg-base ../../build/hospital_robot build --build-base /home/vikash/Hospital_ws/build/hospital_robot/build install --record /home/vikash/Hospital_ws/build/hospital_robot/install.log --single-version-externally-managed install_data
[0.771s] running egg_info
[0.771s] writing ../../build/hospital_robot/hospital_robot.egg-info/PKG-INFO
[0.771s] writing dependency_links to ../../build/hospital_robot/hospital_robot.egg-info/dependency_links.txt
[0.772s] writing entry points to ../../build/hospital_robot/hospital_robot.egg-info/entry_points.txt
[0.772s] writing requirements to ../../build/hospital_robot/hospital_robot.egg-info/requires.txt
[0.772s] writing top-level names to ../../build/hospital_robot/hospital_robot.egg-info/top_level.txt
[0.774s] reading manifest file '../../build/hospital_robot/hospital_robot.egg-info/SOURCES.txt'
[0.774s] writing manifest file '../../build/hospital_robot/hospital_robot.egg-info/SOURCES.txt'
[0.774s] running build
[0.774s] running build_py
[0.774s] copying hospital_robot/odomm.py -> /home/vikash/Hospital_ws/build/hospital_robot/build/lib/hospital_robot
[0.774s] running install
[0.776s] running install_lib
[0.776s] copying /home/vikash/Hospital_ws/build/hospital_robot/build/lib/hospital_robot/odomm.py -> /home/vikash/Hospital_ws/install/hospital_robot/lib/python3.10/site-packages/hospital_robot
[0.776s] byte-compiling /home/vikash/Hospital_ws/install/hospital_robot/lib/python3.10/site-packages/hospital_robot/odomm.py to odomm.cpython-310.pyc
[0.776s] running install_data
[0.776s] running install_egg_info
[0.777s] removing '/home/vikash/Hospital_ws/install/hospital_robot/lib/python3.10/site-packages/hospital_robot-0.0.0-py3.10.egg-info' (and everything under it)
[0.777s] Copying ../../build/hospital_robot/hospital_robot.egg-info to /home/vikash/Hospital_ws/install/hospital_robot/lib/python3.10/site-packages/hospital_robot-0.0.0-py3.10.egg-info
[0.778s] running install_scripts
[0.791s] Installing move_robot script to /home/vikash/Hospital_ws/install/hospital_robot/lib/hospital_robot
[0.791s] Installing odomm script to /home/vikash/Hospital_ws/install/hospital_robot/lib/hospital_robot
[0.791s] writing list of installed files to '/home/vikash/Hospital_ws/build/hospital_robot/install.log'
[0.806s] Invoked command in '/home/vikash/Hospital_ws/src/hospital_robot' returned '0': PYTHONPATH=/home/vikash/Hospital_ws/build/hospital_robot/prefix_override:/usr/lib/python3/dist-packages/colcon_core/task/python/colcon_distutils_commands:/home/vikash/Hospital_ws/install/hospital_robot/lib/python3.10/site-packages:${PYTHONPATH} /usr/bin/python3 -W ignore:setup.py install is deprecated -W ignore:easy_install command is deprecated setup.py egg_info --egg-base ../../build/hospital_robot build --build-base /home/vikash/Hospital_ws/build/hospital_robot/build install --record /home/vikash/Hospital_ws/build/hospital_robot/install.log --single-version-externally-managed install_data
