[0.545s] Invoking command in '/home/vikash/Hospital_ws/src/hospital_robot': PYTHONPATH=/home/vikash/Hospital_ws/build/hospital_robot/prefix_override:/usr/lib/python3/dist-packages/colcon_core/task/python/colcon_distutils_commands:/home/vikash/Hospital_ws/install/hospital_robot/lib/python3.10/site-packages:${PYTHONPATH} /usr/bin/python3 -W ignore:setup.py install is deprecated -W ignore:easy_install command is deprecated setup.py egg_info --egg-base ../../build/hospital_robot build --build-base /home/vikash/Hospital_ws/build/hospital_robot/build install --record /home/vikash/Hospital_ws/build/hospital_robot/install.log --single-version-externally-managed install_data
[0.693s] running egg_info
[0.693s] writing ../../build/hospital_robot/hospital_robot.egg-info/PKG-INFO
[0.694s] writing dependency_links to ../../build/hospital_robot/hospital_robot.egg-info/dependency_links.txt
[0.694s] writing entry points to ../../build/hospital_robot/hospital_robot.egg-info/entry_points.txt
[0.694s] writing requirements to ../../build/hospital_robot/hospital_robot.egg-info/requires.txt
[0.694s] writing top-level names to ../../build/hospital_robot/hospital_robot.egg-info/top_level.txt
[0.695s] reading manifest file '../../build/hospital_robot/hospital_robot.egg-info/SOURCES.txt'
[0.696s] writing manifest file '../../build/hospital_robot/hospital_robot.egg-info/SOURCES.txt'
[0.696s] running build
[0.697s] running build_py
[0.697s] running install
[0.697s] running install_lib
[0.697s] running install_data
[0.697s] running install_egg_info
[0.698s] removing '/home/vikash/Hospital_ws/install/hospital_robot/lib/python3.10/site-packages/hospital_robot-0.0.0-py3.10.egg-info' (and everything under it)
[0.699s] Copying ../../build/hospital_robot/hospital_robot.egg-info to /home/vikash/Hospital_ws/install/hospital_robot/lib/python3.10/site-packages/hospital_robot-0.0.0-py3.10.egg-info
[0.699s] running install_scripts
[0.713s] Installing move_robot script to /home/vikash/Hospital_ws/install/hospital_robot/lib/hospital_robot
[0.713s] writing list of installed files to '/home/vikash/Hospital_ws/build/hospital_robot/install.log'
[0.739s] Invoked command in '/home/vikash/Hospital_ws/src/hospital_robot' returned '0': PYTHONPATH=/home/vikash/Hospital_ws/build/hospital_robot/prefix_override:/usr/lib/python3/dist-packages/colcon_core/task/python/colcon_distutils_commands:/home/vikash/Hospital_ws/install/hospital_robot/lib/python3.10/site-packages:${PYTHONPATH} /usr/bin/python3 -W ignore:setup.py install is deprecated -W ignore:easy_install command is deprecated setup.py egg_info --egg-base ../../build/hospital_robot build --build-base /home/vikash/Hospital_ws/build/hospital_robot/build install --record /home/vikash/Hospital_ws/build/hospital_robot/install.log --single-version-externally-managed install_data
