[0.752s] Invoking command in '/home/vikash/Hospital_ws/build/hospital_world': PYTHONPATH=/home/vikash/Hospital_ws/build/hospital_world/prefix_override:/usr/lib/python3/dist-packages/colcon_core/task/python/colcon_distutils_commands:/home/vikash/Hospital_ws/install/hospital_world/lib/python3.10/site-packages:${PYTHONPATH} /usr/bin/python3 -W ignore:setup.py install is deprecated -W ignore:easy_install command is deprecated setup.py develop --editable --build-directory /home/vikash/Hospital_ws/build/hospital_world/build --no-deps symlink_data --force
[0.966s] running develop
[1.098s] running egg_info
[1.098s] writing hospital_world.egg-info/PKG-INFO
[1.098s] writing dependency_links to hospital_world.egg-info/dependency_links.txt
[1.099s] writing entry points to hospital_world.egg-info/entry_points.txt
[1.099s] writing requirements to hospital_world.egg-info/requires.txt
[1.099s] writing top-level names to hospital_world.egg-info/top_level.txt
[1.100s] reading manifest file 'hospital_world.egg-info/SOURCES.txt'
[1.101s] writing manifest file 'hospital_world.egg-info/SOURCES.txt'
[1.102s] running build_ext
[1.102s] Creating /home/vikash/Hospital_ws/install/hospital_world/lib/python3.10/site-packages/hospital-world.egg-link (link to .)
[1.103s] 
[1.103s] Installed /home/vikash/Hospital_ws/build/hospital_world
[1.103s] running symlink_data
[1.103s] symbolically linking /home/vikash/Hospital_ws/build/hospital_world/resource/hospital_world -> /home/vikash/Hospital_ws/install/hospital_world/share/ament_index/resource_index/packages
[1.103s] symbolically linking /home/vikash/Hospital_ws/build/hospital_world/package.xml -> /home/vikash/Hospital_ws/install/hospital_world/share/hospital_world
[1.103s] symbolically linking /home/vikash/Hospital_ws/build/hospital_world/launch/hospital_world.launch.py -> /home/vikash/Hospital_ws/install/hospital_world/share/hospital_world/launch
[1.103s] symbolically linking /home/vikash/Hospital_ws/build/hospital_world/worlds/hospital_world.sdf -> /home/vikash/Hospital_ws/install/hospital_world/share/hospital_world/worlds
[1.122s] Invoked command in '/home/vikash/Hospital_ws/build/hospital_world' returned '0': PYTHONPATH=/home/vikash/Hospital_ws/build/hospital_world/prefix_override:/usr/lib/python3/dist-packages/colcon_core/task/python/colcon_distutils_commands:/home/vikash/Hospital_ws/install/hospital_world/lib/python3.10/site-packages:${PYTHONPATH} /usr/bin/python3 -W ignore:setup.py install is deprecated -W ignore:easy_install command is deprecated setup.py develop --editable --build-directory /home/vikash/Hospital_ws/build/hospital_world/build --no-deps symlink_data --force
