running egg_info
creating ../../build/hospital_robot/hospital_robot.egg-info
writing ../../build/hospital_robot/hospital_robot.egg-info/PKG-INFO
writing dependency_links to ../../build/hospital_robot/hospital_robot.egg-info/dependency_links.txt
writing entry points to ../../build/hospital_robot/hospital_robot.egg-info/entry_points.txt
writing requirements to ../../build/hospital_robot/hospital_robot.egg-info/requires.txt
writing top-level names to ../../build/hospital_robot/hospital_robot.egg-info/top_level.txt
writing manifest file '../../build/hospital_robot/hospital_robot.egg-info/SOURCES.txt'
reading manifest file '../../build/hospital_robot/hospital_robot.egg-info/SOURCES.txt'
writing manifest file '../../build/hospital_robot/hospital_robot.egg-info/SOURCES.txt'
running build
running build_py
creating /home/pi5/hospital/build/hospital_robot/build
creating /home/pi5/hospital/build/hospital_robot/build/lib
creating /home/pi5/hospital/build/hospital_robot/build/lib/hospital_robot
copying hospital_robot/odomm.py -> /home/pi5/hospital/build/hospital_robot/build/lib/hospital_robot
copying hospital_robot/move_robot.py -> /home/pi5/hospital/build/hospital_robot/build/lib/hospital_robot
copying hospital_robot/__init__.py -> /home/pi5/hospital/build/hospital_robot/build/lib/hospital_robot
running install
running install_lib
creating /home/pi5/hospital/install/hospital_robot/lib/python3.12/site-packages/hospital_robot
copying /home/pi5/hospital/build/hospital_robot/build/lib/hospital_robot/odomm.py -> /home/pi5/hospital/install/hospital_robot/lib/python3.12/site-packages/hospital_robot
copying /home/pi5/hospital/build/hospital_robot/build/lib/hospital_robot/move_robot.py -> /home/pi5/hospital/install/hospital_robot/lib/python3.12/site-packages/hospital_robot
copying /home/pi5/hospital/build/hospital_robot/build/lib/hospital_robot/__init__.py -> /home/pi5/hospital/install/hospital_robot/lib/python3.12/site-packages/hospital_robot
byte-compiling /home/pi5/hospital/install/hospital_robot/lib/python3.12/site-packages/hospital_robot/odomm.py to odomm.cpython-312.pyc
byte-compiling /home/pi5/hospital/install/hospital_robot/lib/python3.12/site-packages/hospital_robot/move_robot.py to move_robot.cpython-312.pyc
byte-compiling /home/pi5/hospital/install/hospital_robot/lib/python3.12/site-packages/hospital_robot/__init__.py to __init__.cpython-312.pyc
running install_data
creating /home/pi5/hospital/install/hospital_robot/share/ament_index
creating /home/pi5/hospital/install/hospital_robot/share/ament_index/resource_index
creating /home/pi5/hospital/install/hospital_robot/share/ament_index/resource_index/packages
copying resource/hospital_robot -> /home/pi5/hospital/install/hospital_robot/share/ament_index/resource_index/packages
copying package.xml -> /home/pi5/hospital/install/hospital_robot/share/hospital_robot
creating /home/pi5/hospital/install/hospital_robot/share/hospital_robot/urdf
copying urdf/robot.urdf -> /home/pi5/hospital/install/hospital_robot/share/hospital_robot/urdf
running install_egg_info
Copying ../../build/hospital_robot/hospital_robot.egg-info to /home/pi5/hospital/install/hospital_robot/lib/python3.12/site-packages/hospital_robot-0.0.0-py3.12.egg-info
running install_scripts
Installing move_robot script to /home/pi5/hospital/install/hospital_robot/lib/hospital_robot
Installing odomm script to /home/pi5/hospital/install/hospital_robot/lib/hospital_robot
writing list of installed files to '/home/pi5/hospital/build/hospital_robot/install.log'
