running egg_info
creating ../../build/hospital_world/hospital_world.egg-info
writing ../../build/hospital_world/hospital_world.egg-info/PKG-INFO
writing dependency_links to ../../build/hospital_world/hospital_world.egg-info/dependency_links.txt
writing requirements to ../../build/hospital_world/hospital_world.egg-info/requires.txt
writing top-level names to ../../build/hospital_world/hospital_world.egg-info/top_level.txt
writing manifest file '../../build/hospital_world/hospital_world.egg-info/SOURCES.txt'
reading manifest file '../../build/hospital_world/hospital_world.egg-info/SOURCES.txt'
writing manifest file '../../build/hospital_world/hospital_world.egg-info/SOURCES.txt'
running build
running build_py
creating /home/pi5/hospital/build/hospital_world/build
creating /home/pi5/hospital/build/hospital_world/build/lib
creating /home/pi5/hospital/build/hospital_world/build/lib/hospital_world
copying hospital_world/__init__.py -> /home/pi5/hospital/build/hospital_world/build/lib/hospital_world
running install
running install_lib
creating /home/pi5/hospital/install/hospital_world/lib/python3.12/site-packages/hospital_world
copying /home/pi5/hospital/build/hospital_world/build/lib/hospital_world/__init__.py -> /home/pi5/hospital/install/hospital_world/lib/python3.12/site-packages/hospital_world
byte-compiling /home/pi5/hospital/install/hospital_world/lib/python3.12/site-packages/hospital_world/__init__.py to __init__.cpython-312.pyc
running install_data
creating /home/pi5/hospital/install/hospital_world/share/ament_index
creating /home/pi5/hospital/install/hospital_world/share/ament_index/resource_index
creating /home/pi5/hospital/install/hospital_world/share/ament_index/resource_index/packages
copying resource/hospital_world -> /home/pi5/hospital/install/hospital_world/share/ament_index/resource_index/packages
copying package.xml -> /home/pi5/hospital/install/hospital_world/share/hospital_world
creating /home/pi5/hospital/install/hospital_world/share/hospital_world/launch
copying launch/hospital_world.launch.py -> /home/pi5/hospital/install/hospital_world/share/hospital_world/launch
creating /home/pi5/hospital/install/hospital_world/share/hospital_world/worlds
copying worlds/hospital_world.sdf -> /home/pi5/hospital/install/hospital_world/share/hospital_world/worlds
running install_egg_info
Copying ../../build/hospital_world/hospital_world.egg-info to /home/pi5/hospital/install/hospital_world/lib/python3.12/site-packages/hospital_world-0.0.0-py3.12.egg-info
running install_scripts
writing list of installed files to '/home/pi5/hospital/build/hospital_world/install.log'
