[0.837s] Invoking command in '/home/vikash/Hospital_ws/src/hospital_robot': PYTHONPATH=/home/vikash/Hospital_ws/build/hospital_robot/prefix_override:/usr/lib/python3/dist-packages/colcon_core/task/python/colcon_distutils_commands:/home/vikash/Hospital_ws/install/hospital_robot/lib/python3.10/site-packages:${PYTHONPATH} /usr/bin/python3 -W ignore:setup.py install is deprecated -W ignore:easy_install command is deprecated setup.py egg_info --egg-base ../../build/hospital_robot build --build-base /home/vikash/Hospital_ws/build/hospital_robot/build install --record /home/vikash/Hospital_ws/build/hospital_robot/install.log --single-version-externally-managed install_data
[1.061s] running egg_info
[1.062s] writing ../../build/hospital_robot/hospital_robot.egg-info/PKG-INFO
[1.062s] writing dependency_links to ../../build/hospital_robot/hospital_robot.egg-info/dependency_links.txt
[1.062s] writing entry points to ../../build/hospital_robot/hospital_robot.egg-info/entry_points.txt
[1.062s] writing requirements to ../../build/hospital_robot/hospital_robot.egg-info/requires.txt
[1.062s] writing top-level names to ../../build/hospital_robot/hospital_robot.egg-info/top_level.txt
[1.065s] reading manifest file '../../build/hospital_robot/hospital_robot.egg-info/SOURCES.txt'
[1.065s] writing manifest file '../../build/hospital_robot/hospital_robot.egg-info/SOURCES.txt'
[1.065s] running build
[1.066s] running build_py
[1.066s] running install
[1.066s] running install_lib
[1.067s] running install_data
[1.067s] copying urdf/robot.urdf -> /home/vikash/Hospital_ws/install/hospital_robot/share/hospital_robot/urdf
[1.068s] running install_egg_info
[1.070s] removing '/home/vikash/Hospital_ws/install/hospital_robot/lib/python3.10/site-packages/hospital_robot-0.0.0-py3.10.egg-info' (and everything under it)
[1.070s] Copying ../../build/hospital_robot/hospital_robot.egg-info to /home/vikash/Hospital_ws/install/hospital_robot/lib/python3.10/site-packages/hospital_robot-0.0.0-py3.10.egg-info
[1.070s] running install_scripts
[1.095s] Installing move_robot script to /home/vikash/Hospital_ws/install/hospital_robot/lib/hospital_robot
[1.095s] writing list of installed files to '/home/vikash/Hospital_ws/build/hospital_robot/install.log'
[1.118s] Invoked command in '/home/vikash/Hospital_ws/src/hospital_robot' returned '0': PYTHONPATH=/home/vikash/Hospital_ws/build/hospital_robot/prefix_override:/usr/lib/python3/dist-packages/colcon_core/task/python/colcon_distutils_commands:/home/vikash/Hospital_ws/install/hospital_robot/lib/python3.10/site-packages:${PYTHONPATH} /usr/bin/python3 -W ignore:setup.py install is deprecated -W ignore:easy_install command is deprecated setup.py egg_info --egg-base ../../build/hospital_robot build --build-base /home/vikash/Hospital_ws/build/hospital_robot/build install --record /home/vikash/Hospital_ws/build/hospital_robot/install.log --single-version-externally-managed install_data
