[2.148s] Invoking command in '/home/pi5/hospital/src/hospital_robot': DEBUGINFOD_URLS=https://debuginfod.ubuntu.com PYTHONPATH=/home/pi5/hospital/build/hospital_robot/prefix_override:/usr/lib/python3/dist-packages/colcon_core/task/python/colcon_distutils_commands:/home/pi5/hospital/install/hospital_robot/lib/python3.12/site-packages:${PYTHONPATH} /usr/bin/python3 -W ignore:setup.py install is deprecated -W ignore:easy_install command is deprecated setup.py egg_info --egg-base ../../build/hospital_robot build --build-base /home/pi5/hospital/build/hospital_robot/build install --record /home/pi5/hospital/build/hospital_robot/install.log --single-version-externally-managed install_data
[2.566s] running egg_info
[2.593s] writing ../../build/hospital_robot/hospital_robot.egg-info/PKG-INFO
[2.594s] writing dependency_links to ../../build/hospital_robot/hospital_robot.egg-info/dependency_links.txt
[2.594s] writing entry points to ../../build/hospital_robot/hospital_robot.egg-info/entry_points.txt
[2.594s] writing requirements to ../../build/hospital_robot/hospital_robot.egg-info/requires.txt
[2.594s] writing top-level names to ../../build/hospital_robot/hospital_robot.egg-info/top_level.txt
[2.652s] reading manifest file '../../build/hospital_robot/hospital_robot.egg-info/SOURCES.txt'
[2.654s] writing manifest file '../../build/hospital_robot/hospital_robot.egg-info/SOURCES.txt'
[2.654s] running build
[2.654s] running build_py
[2.654s] running install
[2.664s] running install_lib
[2.692s] running install_data
[2.692s] running install_egg_info
[2.725s] removing '/home/pi5/hospital/install/hospital_robot/lib/python3.12/site-packages/hospital_robot-0.0.0-py3.12.egg-info' (and everything under it)
[2.726s] Copying ../../build/hospital_robot/hospital_robot.egg-info to /home/pi5/hospital/install/hospital_robot/lib/python3.12/site-packages/hospital_robot-0.0.0-py3.12.egg-info
[2.727s] running install_scripts
[2.933s] Installing move_robot script to /home/pi5/hospital/install/hospital_robot/lib/hospital_robot
[2.934s] Installing odomm script to /home/pi5/hospital/install/hospital_robot/lib/hospital_robot
[2.934s] writing list of installed files to '/home/pi5/hospital/build/hospital_robot/install.log'
[3.069s] Invoked command in '/home/pi5/hospital/src/hospital_robot' returned '0': DEBUGINFOD_URLS=https://debuginfod.ubuntu.com PYTHONPATH=/home/pi5/hospital/build/hospital_robot/prefix_override:/usr/lib/python3/dist-packages/colcon_core/task/python/colcon_distutils_commands:/home/pi5/hospital/install/hospital_robot/lib/python3.12/site-packages:${PYTHONPATH} /usr/bin/python3 -W ignore:setup.py install is deprecated -W ignore:easy_install command is deprecated setup.py egg_info --egg-base ../../build/hospital_robot build --build-base /home/pi5/hospital/build/hospital_robot/build install --record /home/pi5/hospital/build/hospital_robot/install.log --single-version-externally-managed install_data
