[0.793s] Invoking command in '/home/vikash/Hospital_ws/build/hospital_world': PYTHONPATH=/home/vikash/Hospital_ws/build/hospital_world/prefix_override:/usr/lib/python3/dist-packages/colcon_core/task/python/colcon_distutils_commands:/home/vikash/Hospital_ws/install/hospital_world/lib/python3.10/site-packages:${PYTHONPATH} /usr/bin/python3 -W ignore:setup.py install is deprecated -W ignore:easy_install command is deprecated setup.py develop --uninstall --editable --build-directory /home/vikash/Hospital_ws/build/hospital_world/build
[0.972s] running develop
[1.077s] Removing /home/vikash/Hospital_ws/install/hospital_world/lib/python3.10/site-packages/hospital-world.egg-link (link to .)
[1.098s] Invoked command in '/home/vikash/Hospital_ws/build/hospital_world' returned '0': PYTHONPATH=/home/vikash/Hospital_ws/build/hospital_world/prefix_override:/usr/lib/python3/dist-packages/colcon_core/task/python/colcon_distutils_commands:/home/vikash/Hospital_ws/install/hospital_world/lib/python3.10/site-packages:${PYTHONPATH} /usr/bin/python3 -W ignore:setup.py install is deprecated -W ignore:easy_install command is deprecated setup.py develop --uninstall --editable --build-directory /home/vikash/Hospital_ws/build/hospital_world/build
[1.100s] Invoking command in '/home/vikash/Hospital_ws/src/hospital_world': PYTHONPATH=/home/vikash/Hospital_ws/build/hospital_world/prefix_override:/usr/lib/python3/dist-packages/colcon_core/task/python/colcon_distutils_commands:/home/vikash/Hospital_ws/install/hospital_world/lib/python3.10/site-packages:${PYTHONPATH} /usr/bin/python3 -W ignore:setup.py install is deprecated -W ignore:easy_install command is deprecated setup.py egg_info --egg-base ../../build/hospital_world build --build-base /home/vikash/Hospital_ws/build/hospital_world/build install --record /home/vikash/Hospital_ws/build/hospital_world/install.log --single-version-externally-managed install_data --force
[1.266s] running egg_info
[1.266s] writing ../../build/hospital_world/hospital_world.egg-info/PKG-INFO
[1.267s] writing dependency_links to ../../build/hospital_world/hospital_world.egg-info/dependency_links.txt
[1.267s] writing entry points to ../../build/hospital_world/hospital_world.egg-info/entry_points.txt
[1.267s] writing requirements to ../../build/hospital_world/hospital_world.egg-info/requires.txt
[1.267s] writing top-level names to ../../build/hospital_world/hospital_world.egg-info/top_level.txt
[1.268s] reading manifest file '../../build/hospital_world/hospital_world.egg-info/SOURCES.txt'
[1.269s] writing manifest file '../../build/hospital_world/hospital_world.egg-info/SOURCES.txt'
[1.269s] running build
[1.269s] running build_py
[1.270s] running install
[1.270s] running install_lib
[1.270s] creating /home/vikash/Hospital_ws/install/hospital_world/lib/python3.10/site-packages/hospital_world
[1.270s] copying /home/vikash/Hospital_ws/build/hospital_world/build/lib/hospital_world/__init__.py -> /home/vikash/Hospital_ws/install/hospital_world/lib/python3.10/site-packages/hospital_world
[1.271s] byte-compiling /home/vikash/Hospital_ws/install/hospital_world/lib/python3.10/site-packages/hospital_world/__init__.py to __init__.cpython-310.pyc
[1.271s] running install_data
[1.272s] copying resource/hospital_world -> /home/vikash/Hospital_ws/install/hospital_world/share/ament_index/resource_index/packages
[1.272s] copying package.xml -> /home/vikash/Hospital_ws/install/hospital_world/share/hospital_world
[1.272s] copying launch/hospital_world.launch.py -> /home/vikash/Hospital_ws/install/hospital_world/share/hospital_world/launch
[1.272s] copying worlds/hospital_world.sdf -> /home/vikash/Hospital_ws/install/hospital_world/share/hospital_world/worlds
[1.272s] running install_egg_info
[1.273s] Copying ../../build/hospital_world/hospital_world.egg-info to /home/vikash/Hospital_ws/install/hospital_world/lib/python3.10/site-packages/hospital_world-0.0.0-py3.10.egg-info
[1.275s] running install_scripts
[1.289s] writing list of installed files to '/home/vikash/Hospital_ws/build/hospital_world/install.log'
[1.318s] Invoked command in '/home/vikash/Hospital_ws/src/hospital_world' returned '0': PYTHONPATH=/home/vikash/Hospital_ws/build/hospital_world/prefix_override:/usr/lib/python3/dist-packages/colcon_core/task/python/colcon_distutils_commands:/home/vikash/Hospital_ws/install/hospital_world/lib/python3.10/site-packages:${PYTHONPATH} /usr/bin/python3 -W ignore:setup.py install is deprecated -W ignore:easy_install command is deprecated setup.py egg_info --egg-base ../../build/hospital_world build --build-base /home/vikash/Hospital_ws/build/hospital_world/build install --record /home/vikash/Hospital_ws/build/hospital_world/install.log --single-version-externally-managed install_data --force
