[1.153s] Invoking command in '/home/vikash/Hospital_ws/src/hospital_hardware': PYTHONPATH=/home/vikash/Hospital_ws/build/hospital_hardware/prefix_override:/usr/lib/python3/dist-packages/colcon_core/task/python/colcon_distutils_commands:/home/vikash/Hospital_ws/install/hospital_hardware/lib/python3.10/site-packages:${PYTHONPATH} /usr/bin/python3 -W ignore:setup.py install is deprecated -W ignore:easy_install command is deprecated setup.py egg_info --egg-base ../../build/hospital_hardware build --build-base /home/vikash/Hospital_ws/build/hospital_hardware/build install --record /home/vikash/Hospital_ws/build/hospital_hardware/install.log --single-version-externally-managed install_data
[1.374s] running egg_info
[1.374s] writing ../../build/hospital_hardware/hospital_hardware.egg-info/PKG-INFO
[1.374s] writing dependency_links to ../../build/hospital_hardware/hospital_hardware.egg-info/dependency_links.txt
[1.374s] writing entry points to ../../build/hospital_hardware/hospital_hardware.egg-info/entry_points.txt
[1.374s] writing requirements to ../../build/hospital_hardware/hospital_hardware.egg-info/requires.txt
[1.374s] writing top-level names to ../../build/hospital_hardware/hospital_hardware.egg-info/top_level.txt
[1.375s] reading manifest file '../../build/hospital_hardware/hospital_hardware.egg-info/SOURCES.txt'
[1.377s] writing manifest file '../../build/hospital_hardware/hospital_hardware.egg-info/SOURCES.txt'
[1.377s] running build
[1.377s] running build_py
[1.378s] copying hospital_hardware/encoder.py -> /home/vikash/Hospital_ws/build/hospital_hardware/build/lib/hospital_hardware
[1.378s] running install
[1.378s] running install_lib
[1.379s] copying /home/vikash/Hospital_ws/build/hospital_hardware/build/lib/hospital_hardware/encoder.py -> /home/vikash/Hospital_ws/install/hospital_hardware/lib/python3.10/site-packages/hospital_hardware
[1.380s] byte-compiling /home/vikash/Hospital_ws/install/hospital_hardware/lib/python3.10/site-packages/hospital_hardware/encoder.py to encoder.cpython-310.pyc
[1.381s]   File "/home/vikash/Hospital_ws/install/hospital_hardware/lib/python3.10/site-packages/hospital_hardware/encoder.py", line 84
[1.381s]     pwm_value = int((abs(linear_x) + abs(angular_z)) * 9
[1.381s]                    ^
[1.381s] SyntaxError: '(' was never closed
[1.381s] 
[1.381s] running install_data
[1.382s] running install_egg_info
[1.383s] removing '/home/vikash/Hospital_ws/install/hospital_hardware/lib/python3.10/site-packages/hospital_hardware-0.0.0-py3.10.egg-info' (and everything under it)
[1.384s] Copying ../../build/hospital_hardware/hospital_hardware.egg-info to /home/vikash/Hospital_ws/install/hospital_hardware/lib/python3.10/site-packages/hospital_hardware-0.0.0-py3.10.egg-info
[1.385s] running install_scripts
[1.400s] Installing encoder script to /home/vikash/Hospital_ws/install/hospital_hardware/lib/hospital_hardware
[1.401s] Installing serial_node script to /home/vikash/Hospital_ws/install/hospital_hardware/lib/hospital_hardware
[1.401s] writing list of installed files to '/home/vikash/Hospital_ws/build/hospital_hardware/install.log'
[1.422s] Invoked command in '/home/vikash/Hospital_ws/src/hospital_hardware' returned '0': PYTHONPATH=/home/vikash/Hospital_ws/build/hospital_hardware/prefix_override:/usr/lib/python3/dist-packages/colcon_core/task/python/colcon_distutils_commands:/home/vikash/Hospital_ws/install/hospital_hardware/lib/python3.10/site-packages:${PYTHONPATH} /usr/bin/python3 -W ignore:setup.py install is deprecated -W ignore:easy_install command is deprecated setup.py egg_info --egg-base ../../build/hospital_hardware build --build-base /home/vikash/Hospital_ws/build/hospital_hardware/build install --record /home/vikash/Hospital_ws/build/hospital_hardware/install.log --single-version-externally-managed install_data
