[3.709s] Invoking command in '/home/pi5/HOSPITAL_WS/src/hospital_hardware': DEBUGINFOD_URLS=https://debuginfod.ubuntu.com PYTHONPATH=/home/pi5/HOSPITAL_WS/build/hospital_hardware/prefix_override:/usr/lib/python3/dist-packages/colcon_core/task/python/colcon_distutils_commands:/home/pi5/HOSPITAL_WS/install/hospital_hardware/lib/python3.12/site-packages:${PYTHONPATH} /usr/bin/python3 -W ignore:setup.py install is deprecated -W ignore:easy_install command is deprecated setup.py egg_info --egg-base ../../build/hospital_hardware build --build-base /home/pi5/HOSPITAL_WS/build/hospital_hardware/build install --record /home/pi5/HOSPITAL_WS/build/hospital_hardware/install.log --single-version-externally-managed install_data
[4.613s] running egg_info
[4.685s] writing ../../build/hospital_hardware/hospital_hardware.egg-info/PKG-INFO
[4.687s] writing dependency_links to ../../build/hospital_hardware/hospital_hardware.egg-info/dependency_links.txt
[4.691s] writing entry points to ../../build/hospital_hardware/hospital_hardware.egg-info/entry_points.txt
[4.696s] writing requirements to ../../build/hospital_hardware/hospital_hardware.egg-info/requires.txt
[4.697s] writing top-level names to ../../build/hospital_hardware/hospital_hardware.egg-info/top_level.txt
[4.807s] reading manifest file '../../build/hospital_hardware/hospital_hardware.egg-info/SOURCES.txt'
[4.808s] writing manifest file '../../build/hospital_hardware/hospital_hardware.egg-info/SOURCES.txt'
[4.812s] running build
[4.812s] running build_py
[4.812s] running install
[4.825s] running install_lib
[4.909s] running install_data
[4.914s] running install_egg_info
[4.978s] removing '/home/pi5/HOSPITAL_WS/install/hospital_hardware/lib/python3.12/site-packages/hospital_hardware-0.0.0-py3.12.egg-info' (and everything under it)
[4.979s] Copying ../../build/hospital_hardware/hospital_hardware.egg-info to /home/pi5/HOSPITAL_WS/install/hospital_hardware/lib/python3.12/site-packages/hospital_hardware-0.0.0-py3.12.egg-info
[4.983s] running install_scripts
[5.520s] Installing motor_control script to /home/pi5/HOSPITAL_WS/install/hospital_hardware/lib/hospital_hardware
[5.521s] Installing motor_control_with_encoder script to /home/pi5/HOSPITAL_WS/install/hospital_hardware/lib/hospital_hardware
[5.525s] writing list of installed files to '/home/pi5/HOSPITAL_WS/build/hospital_hardware/install.log'
[5.709s] Invoked command in '/home/pi5/HOSPITAL_WS/src/hospital_hardware' returned '0': DEBUGINFOD_URLS=https://debuginfod.ubuntu.com PYTHONPATH=/home/pi5/HOSPITAL_WS/build/hospital_hardware/prefix_override:/usr/lib/python3/dist-packages/colcon_core/task/python/colcon_distutils_commands:/home/pi5/HOSPITAL_WS/install/hospital_hardware/lib/python3.12/site-packages:${PYTHONPATH} /usr/bin/python3 -W ignore:setup.py install is deprecated -W ignore:easy_install command is deprecated setup.py egg_info --egg-base ../../build/hospital_hardware build --build-base /home/pi5/HOSPITAL_WS/build/hospital_hardware/build install --record /home/pi5/HOSPITAL_WS/build/hospital_hardware/install.log --single-version-externally-managed install_data
