[2.784s] Invoking command in '/home/vikash/Hospital_ws/src/hospital_world': PYTHONPATH=/home/vikash/Hospital_ws/build/hospital_world/prefix_override:/usr/lib/python3/dist-packages/colcon_core/task/python/colcon_distutils_commands:/home/vikash/Hospital_ws/install/hospital_world/lib/python3.10/site-packages:${PYTHONPATH} /usr/bin/python3 -W ignore:setup.py install is deprecated -W ignore:easy_install command is deprecated setup.py egg_info --egg-base ../../build/hospital_world build --build-base /home/vikash/Hospital_ws/build/hospital_world/build install --record /home/vikash/Hospital_ws/build/hospital_world/install.log --single-version-externally-managed install_data
[3.358s] running egg_info
[3.360s] writing ../../build/hospital_world/hospital_world.egg-info/PKG-INFO
[3.362s] writing dependency_links to ../../build/hospital_world/hospital_world.egg-info/dependency_links.txt
[3.363s] writing entry points to ../../build/hospital_world/hospital_world.egg-info/entry_points.txt
[3.364s] writing requirements to ../../build/hospital_world/hospital_world.egg-info/requires.txt
[3.364s] writing top-level names to ../../build/hospital_world/hospital_world.egg-info/top_level.txt
[3.370s] reading manifest file '../../build/hospital_world/hospital_world.egg-info/SOURCES.txt'
[3.372s] writing manifest file '../../build/hospital_world/hospital_world.egg-info/SOURCES.txt'
[3.373s] running build
[3.373s] running build_py
[3.373s] running install
[3.373s] running install_lib
[3.378s] running install_data
[3.378s] running install_egg_info
[3.387s] removing '/home/vikash/Hospital_ws/install/hospital_world/lib/python3.10/site-packages/hospital_world-0.0.0-py3.10.egg-info' (and everything under it)
[3.387s] Copying ../../build/hospital_world/hospital_world.egg-info to /home/vikash/Hospital_ws/install/hospital_world/lib/python3.10/site-packages/hospital_world-0.0.0-py3.10.egg-info
[3.389s] running install_scripts
[3.497s] writing list of installed files to '/home/vikash/Hospital_ws/build/hospital_world/install.log'
[3.537s] Invoked command in '/home/vikash/Hospital_ws/src/hospital_world' returned '0': PYTHONPATH=/home/vikash/Hospital_ws/build/hospital_world/prefix_override:/usr/lib/python3/dist-packages/colcon_core/task/python/colcon_distutils_commands:/home/vikash/Hospital_ws/install/hospital_world/lib/python3.10/site-packages:${PYTHONPATH} /usr/bin/python3 -W ignore:setup.py install is deprecated -W ignore:easy_install command is deprecated setup.py egg_info --egg-base ../../build/hospital_world build --build-base /home/vikash/Hospital_ws/build/hospital_world/build install --record /home/vikash/Hospital_ws/build/hospital_world/install.log --single-version-externally-managed install_data
