[0.584s] Invoking command in '/home/vikash/Hospital_ws/src/hospital_world': PYTHONPATH=/home/vikash/Hospital_ws/build/hospital_world/prefix_override:/usr/lib/python3/dist-packages/colcon_core/task/python/colcon_distutils_commands:/home/vikash/Hospital_ws/install/hospital_world/lib/python3.10/site-packages:${PYTHONPATH} /usr/bin/python3 -W ignore:setup.py install is deprecated -W ignore:easy_install command is deprecated setup.py egg_info --egg-base ../../build/hospital_world build --build-base /home/vikash/Hospital_ws/build/hospital_world/build install --record /home/vikash/Hospital_ws/build/hospital_world/install.log --single-version-externally-managed install_data
[0.756s] running egg_info
[0.756s] writing ../../build/hospital_world/hospital_world.egg-info/PKG-INFO
[0.757s] writing dependency_links to ../../build/hospital_world/hospital_world.egg-info/dependency_links.txt
[0.757s] writing entry points to ../../build/hospital_world/hospital_world.egg-info/entry_points.txt
[0.757s] writing requirements to ../../build/hospital_world/hospital_world.egg-info/requires.txt
[0.757s] writing top-level names to ../../build/hospital_world/hospital_world.egg-info/top_level.txt
[0.759s] reading manifest file '../../build/hospital_world/hospital_world.egg-info/SOURCES.txt'
[0.759s] writing manifest file '../../build/hospital_world/hospital_world.egg-info/SOURCES.txt'
[0.759s] running build
[0.760s] running build_py
[0.761s] running install
[0.761s] running install_lib
[0.761s] running install_data
[0.761s] copying launch/hospital_world.launch.py -> /home/vikash/Hospital_ws/install/hospital_world/share/hospital_world/launch
[0.763s] running install_egg_info
[0.764s] removing '/home/vikash/Hospital_ws/install/hospital_world/lib/python3.10/site-packages/hospital_world-0.0.0-py3.10.egg-info' (and everything under it)
[0.764s] Copying ../../build/hospital_world/hospital_world.egg-info to /home/vikash/Hospital_ws/install/hospital_world/lib/python3.10/site-packages/hospital_world-0.0.0-py3.10.egg-info
[0.765s] running install_scripts
[0.781s] writing list of installed files to '/home/vikash/Hospital_ws/build/hospital_world/install.log'
[0.797s] Invoked command in '/home/vikash/Hospital_ws/src/hospital_world' returned '0': PYTHONPATH=/home/vikash/Hospital_ws/build/hospital_world/prefix_override:/usr/lib/python3/dist-packages/colcon_core/task/python/colcon_distutils_commands:/home/vikash/Hospital_ws/install/hospital_world/lib/python3.10/site-packages:${PYTHONPATH} /usr/bin/python3 -W ignore:setup.py install is deprecated -W ignore:easy_install command is deprecated setup.py egg_info --egg-base ../../build/hospital_world build --build-base /home/vikash/Hospital_ws/build/hospital_world/build install --record /home/vikash/Hospital_ws/build/hospital_world/install.log --single-version-externally-managed install_data
