[0.964s] Invoking command in '/home/vikash/Hospital_ws/src/hospital_robot': PYTHONPATH=/home/vikash/Hospital_ws/build/hospital_robot/prefix_override:/usr/lib/python3/dist-packages/colcon_core/task/python/colcon_distutils_commands:/home/vikash/Hospital_ws/install/hospital_robot/lib/python3.10/site-packages:${PYTHONPATH} /usr/bin/python3 -W ignore:setup.py install is deprecated -W ignore:easy_install command is deprecated setup.py egg_info --egg-base ../../build/hospital_robot build --build-base /home/vikash/Hospital_ws/build/hospital_robot/build install --record /home/vikash/Hospital_ws/build/hospital_robot/install.log --single-version-externally-managed install_data
[1.172s] running egg_info
[1.173s] writing ../../build/hospital_robot/hospital_robot.egg-info/PKG-INFO
[1.174s] writing dependency_links to ../../build/hospital_robot/hospital_robot.egg-info/dependency_links.txt
[1.174s] writing entry points to ../../build/hospital_robot/hospital_robot.egg-info/entry_points.txt
[1.174s] writing requirements to ../../build/hospital_robot/hospital_robot.egg-info/requires.txt
[1.176s] writing top-level names to ../../build/hospital_robot/hospital_robot.egg-info/top_level.txt
[1.176s] reading manifest file '../../build/hospital_robot/hospital_robot.egg-info/SOURCES.txt'
[1.177s] writing manifest file '../../build/hospital_robot/hospital_robot.egg-info/SOURCES.txt'
[1.177s] running build
[1.178s] running build_py
[1.179s] copying hospital_robot/lidar_node.py -> /home/vikash/Hospital_ws/build/hospital_robot/build/lib/hospital_robot
[1.179s] running install
[1.179s] running install_lib
[1.181s] copying /home/vikash/Hospital_ws/build/hospital_robot/build/lib/hospital_robot/lidar_node.py -> /home/vikash/Hospital_ws/install/hospital_robot/lib/python3.10/site-packages/hospital_robot
[1.181s] byte-compiling /home/vikash/Hospital_ws/install/hospital_robot/lib/python3.10/site-packages/hospital_robot/lidar_node.py to lidar_node.cpython-310.pyc
[1.182s] running install_data
[1.183s] running install_egg_info
[1.185s] removing '/home/vikash/Hospital_ws/install/hospital_robot/lib/python3.10/site-packages/hospital_robot-0.0.0-py3.10.egg-info' (and everything under it)
[1.185s] Copying ../../build/hospital_robot/hospital_robot.egg-info to /home/vikash/Hospital_ws/install/hospital_robot/lib/python3.10/site-packages/hospital_robot-0.0.0-py3.10.egg-info
[1.187s] running install_scripts
[1.218s] Installing lidar_node script to /home/vikash/Hospital_ws/install/hospital_robot/lib/hospital_robot
[1.219s] Installing move_robot script to /home/vikash/Hospital_ws/install/hospital_robot/lib/hospital_robot
[1.220s] writing list of installed files to '/home/vikash/Hospital_ws/build/hospital_robot/install.log'
[1.236s] Invoked command in '/home/vikash/Hospital_ws/src/hospital_robot' returned '0': PYTHONPATH=/home/vikash/Hospital_ws/build/hospital_robot/prefix_override:/usr/lib/python3/dist-packages/colcon_core/task/python/colcon_distutils_commands:/home/vikash/Hospital_ws/install/hospital_robot/lib/python3.10/site-packages:${PYTHONPATH} /usr/bin/python3 -W ignore:setup.py install is deprecated -W ignore:easy_install command is deprecated setup.py egg_info --egg-base ../../build/hospital_robot build --build-base /home/vikash/Hospital_ws/build/hospital_robot/build install --record /home/vikash/Hospital_ws/build/hospital_robot/install.log --single-version-externally-managed install_data
