running egg_info
writing ../../build/hospital_robot/hospital_robot.egg-info/PKG-INFO
writing dependency_links to ../../build/hospital_robot/hospital_robot.egg-info/dependency_links.txt
writing entry points to ../../build/hospital_robot/hospital_robot.egg-info/entry_points.txt
writing requirements to ../../build/hospital_robot/hospital_robot.egg-info/requires.txt
writing top-level names to ../../build/hospital_robot/hospital_robot.egg-info/top_level.txt
reading manifest file '../../build/hospital_robot/hospital_robot.egg-info/SOURCES.txt'
writing manifest file '../../build/hospital_robot/hospital_robot.egg-info/SOURCES.txt'
running build
running build_py
copying hospital_robot/move_robot.py -> /home/vikash/Hospital_ws/build/hospital_robot/build/lib/hospital_robot
running install
running install_lib
copying /home/vikash/Hospital_ws/build/hospital_robot/build/lib/hospital_robot/move_robot.py -> /home/vikash/Hospital_ws/install/hospital_robot/lib/python3.10/site-packages/hospital_robot
byte-compiling /home/vikash/Hospital_ws/install/hospital_robot/lib/python3.10/site-packages/hospital_robot/move_robot.py to move_robot.cpython-310.pyc
running install_data
running install_egg_info
removing '/home/vikash/Hospital_ws/install/hospital_robot/lib/python3.10/site-packages/hospital_robot-0.0.0-py3.10.egg-info' (and everything under it)
Copying ../../build/hospital_robot/hospital_robot.egg-info to /home/vikash/Hospital_ws/install/hospital_robot/lib/python3.10/site-packages/hospital_robot-0.0.0-py3.10.egg-info
running install_scripts
Installing move_robot script to /home/vikash/Hospital_ws/install/hospital_robot/lib/hospital_robot
writing list of installed files to '/home/vikash/Hospital_ws/build/hospital_robot/install.log'
