[0.768s] Invoking command in '/home/vikash/Hospital_ws/src/hospital_robot': PYTHONPATH=/home/vikash/Hospital_ws/build/hospital_robot/prefix_override:/usr/lib/python3/dist-packages/colcon_core/task/python/colcon_distutils_commands:/home/vikash/Hospital_ws/install/hospital_robot/lib/python3.10/site-packages:${PYTHONPATH} /usr/bin/python3 -W ignore:setup.py install is deprecated -W ignore:easy_install command is deprecated setup.py egg_info --egg-base ../../build/hospital_robot build --build-base /home/vikash/Hospital_ws/build/hospital_robot/build install --record /home/vikash/Hospital_ws/build/hospital_robot/install.log --single-version-externally-managed install_data
[0.923s] running egg_info
[0.924s] writing ../../build/hospital_robot/hospital_robot.egg-info/PKG-INFO
[0.926s] writing dependency_links to ../../build/hospital_robot/hospital_robot.egg-info/dependency_links.txt
[0.926s] writing entry points to ../../build/hospital_robot/hospital_robot.egg-info/entry_points.txt
[0.926s] writing requirements to ../../build/hospital_robot/hospital_robot.egg-info/requires.txt
[0.926s] writing top-level names to ../../build/hospital_robot/hospital_robot.egg-info/top_level.txt
[0.927s] reading manifest file '../../build/hospital_robot/hospital_robot.egg-info/SOURCES.txt'
[0.928s] writing manifest file '../../build/hospital_robot/hospital_robot.egg-info/SOURCES.txt'
[0.928s] running build
[0.929s] running build_py
[0.930s] copying hospital_robot/move_robot.py -> /home/vikash/Hospital_ws/build/hospital_robot/build/lib/hospital_robot
[0.930s] running install
[0.930s] running install_lib
[0.931s] copying /home/vikash/Hospital_ws/build/hospital_robot/build/lib/hospital_robot/move_robot.py -> /home/vikash/Hospital_ws/install/hospital_robot/lib/python3.10/site-packages/hospital_robot
[0.932s] byte-compiling /home/vikash/Hospital_ws/install/hospital_robot/lib/python3.10/site-packages/hospital_robot/move_robot.py to move_robot.cpython-310.pyc
[0.933s] running install_data
[0.934s] running install_egg_info
[0.936s] removing '/home/vikash/Hospital_ws/install/hospital_robot/lib/python3.10/site-packages/hospital_robot-0.0.0-py3.10.egg-info' (and everything under it)
[0.936s] Copying ../../build/hospital_robot/hospital_robot.egg-info to /home/vikash/Hospital_ws/install/hospital_robot/lib/python3.10/site-packages/hospital_robot-0.0.0-py3.10.egg-info
[0.937s] running install_scripts
[0.951s] Installing move_robot script to /home/vikash/Hospital_ws/install/hospital_robot/lib/hospital_robot
[0.952s] writing list of installed files to '/home/vikash/Hospital_ws/build/hospital_robot/install.log'
[0.968s] Invoked command in '/home/vikash/Hospital_ws/src/hospital_robot' returned '0': PYTHONPATH=/home/vikash/Hospital_ws/build/hospital_robot/prefix_override:/usr/lib/python3/dist-packages/colcon_core/task/python/colcon_distutils_commands:/home/vikash/Hospital_ws/install/hospital_robot/lib/python3.10/site-packages:${PYTHONPATH} /usr/bin/python3 -W ignore:setup.py install is deprecated -W ignore:easy_install command is deprecated setup.py egg_info --egg-base ../../build/hospital_robot build --build-base /home/vikash/Hospital_ws/build/hospital_robot/build install --record /home/vikash/Hospital_ws/build/hospital_robot/install.log --single-version-externally-managed install_data
