[3.122s] Invoking command in '/home/pi5/HOSPITAL_WS/src/hospital_hardware': DEBUGINFOD_URLS=https://debuginfod.ubuntu.com PYTHONPATH=/home/pi5/HOSPITAL_WS/build/hospital_hardware/prefix_override:/usr/lib/python3/dist-packages/colcon_core/task/python/colcon_distutils_commands:/home/pi5/HOSPITAL_WS/install/hospital_hardware/lib/python3.12/site-packages:${PYTHONPATH} /usr/bin/python3 -W ignore:setup.py install is deprecated -W ignore:easy_install command is deprecated setup.py egg_info --egg-base ../../build/hospital_hardware build --build-base /home/pi5/HOSPITAL_WS/build/hospital_hardware/build install --record /home/pi5/HOSPITAL_WS/build/hospital_hardware/install.log --single-version-externally-managed install_data
[3.748s] running egg_info
[3.783s] writing ../../build/hospital_hardware/hospital_hardware.egg-info/PKG-INFO
[3.783s] writing dependency_links to ../../build/hospital_hardware/hospital_hardware.egg-info/dependency_links.txt
[3.786s] writing entry points to ../../build/hospital_hardware/hospital_hardware.egg-info/entry_points.txt
[3.787s] writing requirements to ../../build/hospital_hardware/hospital_hardware.egg-info/requires.txt
[3.787s] writing top-level names to ../../build/hospital_hardware/hospital_hardware.egg-info/top_level.txt
[3.861s] reading manifest file '../../build/hospital_hardware/hospital_hardware.egg-info/SOURCES.txt'
[3.863s] writing manifest file '../../build/hospital_hardware/hospital_hardware.egg-info/SOURCES.txt'
[3.863s] running build
[3.863s] running build_py
[3.864s] running install
[3.877s] running install_lib
[3.915s] running install_data
[3.915s] running install_egg_info
[3.952s] removing '/home/pi5/HOSPITAL_WS/install/hospital_hardware/lib/python3.12/site-packages/hospital_hardware-0.0.0-py3.12.egg-info' (and everything under it)
[3.953s] Copying ../../build/hospital_hardware/hospital_hardware.egg-info to /home/pi5/HOSPITAL_WS/install/hospital_hardware/lib/python3.12/site-packages/hospital_hardware-0.0.0-py3.12.egg-info
[3.954s] running install_scripts
[4.216s] Installing motor_control script to /home/pi5/HOSPITAL_WS/install/hospital_hardware/lib/hospital_hardware
[4.217s] Installing motor_control_with_encoder script to /home/pi5/HOSPITAL_WS/install/hospital_hardware/lib/hospital_hardware
[4.222s] writing list of installed files to '/home/pi5/HOSPITAL_WS/build/hospital_hardware/install.log'
[4.403s] Invoked command in '/home/pi5/HOSPITAL_WS/src/hospital_hardware' returned '0': DEBUGINFOD_URLS=https://debuginfod.ubuntu.com PYTHONPATH=/home/pi5/HOSPITAL_WS/build/hospital_hardware/prefix_override:/usr/lib/python3/dist-packages/colcon_core/task/python/colcon_distutils_commands:/home/pi5/HOSPITAL_WS/install/hospital_hardware/lib/python3.12/site-packages:${PYTHONPATH} /usr/bin/python3 -W ignore:setup.py install is deprecated -W ignore:easy_install command is deprecated setup.py egg_info --egg-base ../../build/hospital_hardware build --build-base /home/pi5/HOSPITAL_WS/build/hospital_hardware/build install --record /home/pi5/HOSPITAL_WS/build/hospital_hardware/install.log --single-version-externally-managed install_data
