[2.024s] Invoking command in '/home/vikash/Hospital_ws/src/hospital_hardware': PYTHONPATH=/home/vikash/Hospital_ws/build/hospital_hardware/prefix_override:/usr/lib/python3/dist-packages/colcon_core/task/python/colcon_distutils_commands:/home/vikash/Hospital_ws/install/hospital_hardware/lib/python3.10/site-packages:${PYTHONPATH} /usr/bin/python3 -W ignore:setup.py install is deprecated -W ignore:easy_install command is deprecated setup.py egg_info --egg-base ../../build/hospital_hardware build --build-base /home/vikash/Hospital_ws/build/hospital_hardware/build install --record /home/vikash/Hospital_ws/build/hospital_hardware/install.log --single-version-externally-managed install_data
[2.352s] running egg_info
[2.353s] writing ../../build/hospital_hardware/hospital_hardware.egg-info/PKG-INFO
[2.354s] writing dependency_links to ../../build/hospital_hardware/hospital_hardware.egg-info/dependency_links.txt
[2.355s] writing entry points to ../../build/hospital_hardware/hospital_hardware.egg-info/entry_points.txt
[2.355s] writing requirements to ../../build/hospital_hardware/hospital_hardware.egg-info/requires.txt
[2.355s] writing top-level names to ../../build/hospital_hardware/hospital_hardware.egg-info/top_level.txt
[2.358s] reading manifest file '../../build/hospital_hardware/hospital_hardware.egg-info/SOURCES.txt'
[2.360s] writing manifest file '../../build/hospital_hardware/hospital_hardware.egg-info/SOURCES.txt'
[2.360s] running build
[2.360s] running build_py
[2.363s] running install
[2.364s] running install_lib
[2.367s] running install_data
[2.370s] copying urdf/robot.urdf -> /home/vikash/Hospital_ws/install/hospital_hardware/share/hospital_hardware/urdf
[2.370s] running install_egg_info
[2.375s] removing '/home/vikash/Hospital_ws/install/hospital_hardware/lib/python3.10/site-packages/hospital_hardware-0.0.0-py3.10.egg-info' (and everything under it)
[2.375s] Copying ../../build/hospital_hardware/hospital_hardware.egg-info to /home/vikash/Hospital_ws/install/hospital_hardware/lib/python3.10/site-packages/hospital_hardware-0.0.0-py3.10.egg-info
[2.378s] running install_scripts
[2.412s] Installing encoder script to /home/vikash/Hospital_ws/install/hospital_hardware/lib/hospital_hardware
[2.413s] Installing serial_node script to /home/vikash/Hospital_ws/install/hospital_hardware/lib/hospital_hardware
[2.414s] writing list of installed files to '/home/vikash/Hospital_ws/build/hospital_hardware/install.log'
[2.478s] Invoked command in '/home/vikash/Hospital_ws/src/hospital_hardware' returned '0': PYTHONPATH=/home/vikash/Hospital_ws/build/hospital_hardware/prefix_override:/usr/lib/python3/dist-packages/colcon_core/task/python/colcon_distutils_commands:/home/vikash/Hospital_ws/install/hospital_hardware/lib/python3.10/site-packages:${PYTHONPATH} /usr/bin/python3 -W ignore:setup.py install is deprecated -W ignore:easy_install command is deprecated setup.py egg_info --egg-base ../../build/hospital_hardware build --build-base /home/vikash/Hospital_ws/build/hospital_hardware/build install --record /home/vikash/Hospital_ws/build/hospital_hardware/install.log --single-version-externally-managed install_data
