[1.981s] Invoking command in '/home/vikash/Hospital_ws/src/hospital_robot': PYTHONPATH=/home/vikash/Hospital_ws/build/hospital_robot/prefix_override:/usr/lib/python3/dist-packages/colcon_core/task/python/colcon_distutils_commands:/home/vikash/Hospital_ws/install/hospital_robot/lib/python3.10/site-packages:${PYTHONPATH} /usr/bin/python3 -W ignore:setup.py install is deprecated -W ignore:easy_install command is deprecated setup.py egg_info --egg-base ../../build/hospital_robot build --build-base /home/vikash/Hospital_ws/build/hospital_robot/build install --record /home/vikash/Hospital_ws/build/hospital_robot/install.log --single-version-externally-managed install_data
[2.310s] running egg_info
[2.310s] writing ../../build/hospital_robot/hospital_robot.egg-info/PKG-INFO
[2.312s] writing dependency_links to ../../build/hospital_robot/hospital_robot.egg-info/dependency_links.txt
[2.312s] writing entry points to ../../build/hospital_robot/hospital_robot.egg-info/entry_points.txt
[2.313s] writing requirements to ../../build/hospital_robot/hospital_robot.egg-info/requires.txt
[2.313s] writing top-level names to ../../build/hospital_robot/hospital_robot.egg-info/top_level.txt
[2.320s] reading manifest file '../../build/hospital_robot/hospital_robot.egg-info/SOURCES.txt'
[2.322s] writing manifest file '../../build/hospital_robot/hospital_robot.egg-info/SOURCES.txt'
[2.322s] running build
[2.322s] running build_py
[2.325s] running install
[2.325s] running install_lib
[2.329s] running install_data
[2.331s] running install_egg_info
[2.336s] removing '/home/vikash/Hospital_ws/install/hospital_robot/lib/python3.10/site-packages/hospital_robot-0.0.0-py3.10.egg-info' (and everything under it)
[2.337s] Copying ../../build/hospital_robot/hospital_robot.egg-info to /home/vikash/Hospital_ws/install/hospital_robot/lib/python3.10/site-packages/hospital_robot-0.0.0-py3.10.egg-info
[2.339s] running install_scripts
[2.377s] Installing move_robot script to /home/vikash/Hospital_ws/install/hospital_robot/lib/hospital_robot
[2.379s] Installing odomm script to /home/vikash/Hospital_ws/install/hospital_robot/lib/hospital_robot
[2.379s] writing list of installed files to '/home/vikash/Hospital_ws/build/hospital_robot/install.log'
[2.404s] Invoked command in '/home/vikash/Hospital_ws/src/hospital_robot' returned '0': PYTHONPATH=/home/vikash/Hospital_ws/build/hospital_robot/prefix_override:/usr/lib/python3/dist-packages/colcon_core/task/python/colcon_distutils_commands:/home/vikash/Hospital_ws/install/hospital_robot/lib/python3.10/site-packages:${PYTHONPATH} /usr/bin/python3 -W ignore:setup.py install is deprecated -W ignore:easy_install command is deprecated setup.py egg_info --egg-base ../../build/hospital_robot build --build-base /home/vikash/Hospital_ws/build/hospital_robot/build install --record /home/vikash/Hospital_ws/build/hospital_robot/install.log --single-version-externally-managed install_data
