[1.569s] Invoking command in '/home/pi5/HOSPITAL_WS/build/sllidar_ros2': CMAKE_PREFIX_PATH=${CMAKE_PREFIX_PATH}:/opt/ros/jazzy DEBUGINFOD_URLS=https://debuginfod.ubuntu.com /usr/bin/cmake --build /home/pi5/HOSPITAL_WS/build/sllidar_ros2 -- -j4 -l4
[1.972s] [ 90%] Built target sllidar_node
[1.980s] [100%] Built target sllidar_client
[2.033s] Invoked command in '/home/pi5/HOSPITAL_WS/build/sllidar_ros2' returned '0': CMAKE_PREFIX_PATH=${CMAKE_PREFIX_PATH}:/opt/ros/jazzy DEBUGINFOD_URLS=https://debuginfod.ubuntu.com /usr/bin/cmake --build /home/pi5/HOSPITAL_WS/build/sllidar_ros2 -- -j4 -l4
[2.076s] Invoking command in '/home/pi5/HOSPITAL_WS/build/sllidar_ros2': CMAKE_PREFIX_PATH=${CMAKE_PREFIX_PATH}:/opt/ros/jazzy DEBUGINFOD_URLS=https://debuginfod.ubuntu.com /usr/bin/cmake --install /home/pi5/HOSPITAL_WS/build/sllidar_ros2
[2.119s] -- Install configuration: ""
[2.120s] -- Up-to-date: /home/pi5/HOSPITAL_WS/install/sllidar_ros2/share/sllidar_ros2/launch
[2.120s] -- Up-to-date: /home/pi5/HOSPITAL_WS/install/sllidar_ros2/share/sllidar_ros2/launch/sllidar_s3_launch.py
[2.120s] -- Up-to-date: /home/pi5/HOSPITAL_WS/install/sllidar_ros2/share/sllidar_ros2/launch/view_sllidar_t1_launch.py
[2.120s] -- Up-to-date: /home/pi5/HOSPITAL_WS/install/sllidar_ros2/share/sllidar_ros2/launch/view_sllidar_s2e_launch.py
[2.120s] -- Up-to-date: /home/pi5/HOSPITAL_WS/install/sllidar_ros2/share/sllidar_ros2/launch/sllidar_a2m8_launch.py
[2.120s] -- Up-to-date: /home/pi5/HOSPITAL_WS/install/sllidar_ros2/share/sllidar_ros2/launch/view_sllidar_c1_launch.py
[2.120s] -- Up-to-date: /home/pi5/HOSPITAL_WS/install/sllidar_ros2/share/sllidar_ros2/launch/view_sllidar_a2m12_launch.py
[2.120s] -- Up-to-date: /home/pi5/HOSPITAL_WS/install/sllidar_ros2/share/sllidar_ros2/launch/view_sllidar_a2m7_launch.py
[2.121s] -- Up-to-date: /home/pi5/HOSPITAL_WS/install/sllidar_ros2/share/sllidar_ros2/launch/sllidar_a2m7_launch.py
[2.121s] -- Up-to-date: /home/pi5/HOSPITAL_WS/install/sllidar_ros2/share/sllidar_ros2/launch/view_sllidar_s1_launch.py
[2.121s] -- Up-to-date: /home/pi5/HOSPITAL_WS/install/sllidar_ros2/share/sllidar_ros2/launch/sllidar_a3_launch.py
[2.121s] -- Up-to-date: /home/pi5/HOSPITAL_WS/install/sllidar_ros2/share/sllidar_ros2/launch/sllidar_c1_launch.py
[2.121s] -- Up-to-date: /home/pi5/HOSPITAL_WS/install/sllidar_ros2/share/sllidar_ros2/launch/sllidar_t1_launch.py
[2.121s] -- Up-to-date: /home/pi5/HOSPITAL_WS/install/sllidar_ros2/share/sllidar_ros2/launch/view_sllidar_a1_launch.py
[2.125s] -- Up-to-date: /home/pi5/HOSPITAL_WS/install/sllidar_ros2/share/sllidar_ros2/launch/view_sllidar_a3_launch.py
[2.126s] -- Up-to-date: /home/pi5/HOSPITAL_WS/install/sllidar_ros2/share/sllidar_ros2/launch/view_sllidar_a2m8_launch.py
[2.126s] -- Up-to-date: /home/pi5/HOSPITAL_WS/install/sllidar_ros2/share/sllidar_ros2/launch/sllidar_a2m12_launch .py
[2.126s] -- Up-to-date: /home/pi5/HOSPITAL_WS/install/sllidar_ros2/share/sllidar_ros2/launch/view_sllidar_s1_tcp_launch.py
[2.126s] -- Up-to-date: /home/pi5/HOSPITAL_WS/install/sllidar_ros2/share/sllidar_ros2/launch/sllidar_s2e_launch.py
[2.126s] -- Up-to-date: /home/pi5/HOSPITAL_WS/install/sllidar_ros2/share/sllidar_ros2/launch/sllidar_a1_launch.py
[2.126s] -- Up-to-date: /home/pi5/HOSPITAL_WS/install/sllidar_ros2/share/sllidar_ros2/launch/view_sllidar_s3_launch.py
[2.126s] -- Up-to-date: /home/pi5/HOSPITAL_WS/install/sllidar_ros2/share/sllidar_ros2/launch/sllidar_s1_launch.py
[2.126s] -- Up-to-date: /home/pi5/HOSPITAL_WS/install/sllidar_ros2/share/sllidar_ros2/launch/view_sllidar_s2_launch.py
[2.131s] -- Up-to-date: /home/pi5/HOSPITAL_WS/install/sllidar_ros2/share/sllidar_ros2/launch/sllidar_s1_tcp_launch.py
[2.131s] -- Up-to-date: /home/pi5/HOSPITAL_WS/install/sllidar_ros2/share/sllidar_ros2/launch/sllidar_s2_launch.py
[2.131s] -- Up-to-date: /home/pi5/HOSPITAL_WS/install/sllidar_ros2/share/sllidar_ros2/rviz
[2.131s] -- Up-to-date: /home/pi5/HOSPITAL_WS/install/sllidar_ros2/share/sllidar_ros2/rviz/sllidar_ros2.rviz
[2.131s] -- Up-to-date: /home/pi5/HOSPITAL_WS/install/sllidar_ros2/lib/sllidar_ros2/sllidar_node
[2.134s] -- Up-to-date: /home/pi5/HOSPITAL_WS/install/sllidar_ros2/lib/sllidar_ros2/sllidar_client
[2.134s] -- Up-to-date: /home/pi5/HOSPITAL_WS/install/sllidar_ros2/share/ament_index/resource_index/package_run_dependencies/sllidar_ros2
[2.135s] -- Up-to-date: /home/pi5/HOSPITAL_WS/install/sllidar_ros2/share/ament_index/resource_index/parent_prefix_path/sllidar_ros2
[2.135s] -- Up-to-date: /home/pi5/HOSPITAL_WS/install/sllidar_ros2/share/sllidar_ros2/environment/ament_prefix_path.sh
[2.135s] -- Up-to-date: /home/pi5/HOSPITAL_WS/install/sllidar_ros2/share/sllidar_ros2/environment/ament_prefix_path.dsv
[2.135s] -- Up-to-date: /home/pi5/HOSPITAL_WS/install/sllidar_ros2/share/sllidar_ros2/environment/path.sh
[2.135s] -- Up-to-date: /home/pi5/HOSPITAL_WS/install/sllidar_ros2/share/sllidar_ros2/environment/path.dsv
[2.135s] -- Up-to-date: /home/pi5/HOSPITAL_WS/install/sllidar_ros2/share/sllidar_ros2/local_setup.bash
[2.135s] -- Up-to-date: /home/pi5/HOSPITAL_WS/install/sllidar_ros2/share/sllidar_ros2/local_setup.sh
[2.135s] -- Up-to-date: /home/pi5/HOSPITAL_WS/install/sllidar_ros2/share/sllidar_ros2/local_setup.zsh
[2.135s] -- Up-to-date: /home/pi5/HOSPITAL_WS/install/sllidar_ros2/share/sllidar_ros2/local_setup.dsv
[2.135s] -- Installing: /home/pi5/HOSPITAL_WS/install/sllidar_ros2/share/sllidar_ros2/package.dsv
[2.140s] -- Up-to-date: /home/pi5/HOSPITAL_WS/install/sllidar_ros2/share/ament_index/resource_index/packages/sllidar_ros2
[2.140s] -- Up-to-date: /home/pi5/HOSPITAL_WS/install/sllidar_ros2/share/sllidar_ros2/cmake/ament_cmake_export_dependencies-extras.cmake
[2.140s] -- Up-to-date: /home/pi5/HOSPITAL_WS/install/sllidar_ros2/share/sllidar_ros2/cmake/ament_cmake_export_include_directories-extras.cmake
[2.142s] -- Up-to-date: /home/pi5/HOSPITAL_WS/install/sllidar_ros2/share/sllidar_ros2/cmake/sllidar_ros2Config.cmake
[2.142s] -- Up-to-date: /home/pi5/HOSPITAL_WS/install/sllidar_ros2/share/sllidar_ros2/cmake/sllidar_ros2Config-version.cmake
[2.142s] -- Up-to-date: /home/pi5/HOSPITAL_WS/install/sllidar_ros2/share/sllidar_ros2/package.xml
[2.150s] Invoked command in '/home/pi5/HOSPITAL_WS/build/sllidar_ros2' returned '0': CMAKE_PREFIX_PATH=${CMAKE_PREFIX_PATH}:/opt/ros/jazzy DEBUGINFOD_URLS=https://debuginfod.ubuntu.com /usr/bin/cmake --install /home/pi5/HOSPITAL_WS/build/sllidar_ros2
