[2.641s] Invoking command in '/home/pi5/HOSPITAL_WS/src/hospital_robot': DEBUGINFOD_URLS=https://debuginfod.ubuntu.com PYTHONPATH=/home/pi5/HOSPITAL_WS/build/hospital_robot/prefix_override:/usr/lib/python3/dist-packages/colcon_core/task/python/colcon_distutils_commands:/home/pi5/HOSPITAL_WS/install/hospital_robot/lib/python3.12/site-packages:${PYTHONPATH} /usr/bin/python3 -W ignore:setup.py install is deprecated -W ignore:easy_install command is deprecated setup.py egg_info --egg-base ../../build/hospital_robot build --build-base /home/pi5/HOSPITAL_WS/build/hospital_robot/build install --record /home/pi5/HOSPITAL_WS/build/hospital_robot/install.log --single-version-externally-managed install_data
[3.070s] running egg_info
[3.101s] writing ../../build/hospital_robot/hospital_robot.egg-info/PKG-INFO
[3.104s] writing dependency_links to ../../build/hospital_robot/hospital_robot.egg-info/dependency_links.txt
[3.104s] writing entry points to ../../build/hospital_robot/hospital_robot.egg-info/entry_points.txt
[3.104s] writing requirements to ../../build/hospital_robot/hospital_robot.egg-info/requires.txt
[3.105s] writing top-level names to ../../build/hospital_robot/hospital_robot.egg-info/top_level.txt
[3.167s] reading manifest file '../../build/hospital_robot/hospital_robot.egg-info/SOURCES.txt'
[3.168s] writing manifest file '../../build/hospital_robot/hospital_robot.egg-info/SOURCES.txt'
[3.169s] running build
[3.169s] running build_py
[3.170s] running install
[3.181s] running install_lib
[3.214s] running install_data
[3.215s] running install_egg_info
[3.245s] removing '/home/pi5/HOSPITAL_WS/install/hospital_robot/lib/python3.12/site-packages/hospital_robot-0.0.0-py3.12.egg-info' (and everything under it)
[3.245s] Copying ../../build/hospital_robot/hospital_robot.egg-info to /home/pi5/HOSPITAL_WS/install/hospital_robot/lib/python3.12/site-packages/hospital_robot-0.0.0-py3.12.egg-info
[3.247s] running install_scripts
[3.456s] Installing move_robot script to /home/pi5/HOSPITAL_WS/install/hospital_robot/lib/hospital_robot
[3.459s] Installing odomm script to /home/pi5/HOSPITAL_WS/install/hospital_robot/lib/hospital_robot
[3.460s] writing list of installed files to '/home/pi5/HOSPITAL_WS/build/hospital_robot/install.log'
[3.610s] Invoked command in '/home/pi5/HOSPITAL_WS/src/hospital_robot' returned '0': DEBUGINFOD_URLS=https://debuginfod.ubuntu.com PYTHONPATH=/home/pi5/HOSPITAL_WS/build/hospital_robot/prefix_override:/usr/lib/python3/dist-packages/colcon_core/task/python/colcon_distutils_commands:/home/pi5/HOSPITAL_WS/install/hospital_robot/lib/python3.12/site-packages:${PYTHONPATH} /usr/bin/python3 -W ignore:setup.py install is deprecated -W ignore:easy_install command is deprecated setup.py egg_info --egg-base ../../build/hospital_robot build --build-base /home/pi5/HOSPITAL_WS/build/hospital_robot/build install --record /home/pi5/HOSPITAL_WS/build/hospital_robot/install.log --single-version-externally-managed install_data
