[2.129s] Invoking command in '/home/pi5/hospital/src/hospital_hardware': DEBUGINFOD_URLS=https://debuginfod.ubuntu.com PYTHONPATH=/home/pi5/hospital/build/hospital_hardware/prefix_override:/usr/lib/python3/dist-packages/colcon_core/task/python/colcon_distutils_commands:/home/pi5/hospital/install/hospital_hardware/lib/python3.12/site-packages:${PYTHONPATH} /usr/bin/python3 -W ignore:setup.py install is deprecated -W ignore:easy_install command is deprecated setup.py egg_info --egg-base ../../build/hospital_hardware build --build-base /home/pi5/hospital/build/hospital_hardware/build install --record /home/pi5/hospital/build/hospital_hardware/install.log --single-version-externally-managed install_data
[2.558s] running egg_info
[2.584s] writing ../../build/hospital_hardware/hospital_hardware.egg-info/PKG-INFO
[2.585s] writing dependency_links to ../../build/hospital_hardware/hospital_hardware.egg-info/dependency_links.txt
[2.594s] writing entry points to ../../build/hospital_hardware/hospital_hardware.egg-info/entry_points.txt
[2.594s] writing requirements to ../../build/hospital_hardware/hospital_hardware.egg-info/requires.txt
[2.594s] writing top-level names to ../../build/hospital_hardware/hospital_hardware.egg-info/top_level.txt
[2.652s] reading manifest file '../../build/hospital_hardware/hospital_hardware.egg-info/SOURCES.txt'
[2.653s] writing manifest file '../../build/hospital_hardware/hospital_hardware.egg-info/SOURCES.txt'
[2.653s] running build
[2.653s] running build_py
[2.654s] running install
[2.663s] running install_lib
[2.691s] running install_data
[2.692s] running install_egg_info
[2.723s] removing '/home/pi5/hospital/install/hospital_hardware/lib/python3.12/site-packages/hospital_hardware-0.0.0-py3.12.egg-info' (and everything under it)
[2.724s] Copying ../../build/hospital_hardware/hospital_hardware.egg-info to /home/pi5/hospital/install/hospital_hardware/lib/python3.12/site-packages/hospital_hardware-0.0.0-py3.12.egg-info
[2.726s] running install_scripts
[2.927s] Installing motor_control script to /home/pi5/hospital/install/hospital_hardware/lib/hospital_hardware
[2.927s] Installing motor_control_with_encoder script to /home/pi5/hospital/install/hospital_hardware/lib/hospital_hardware
[2.931s] writing list of installed files to '/home/pi5/hospital/build/hospital_hardware/install.log'
[3.060s] Invoked command in '/home/pi5/hospital/src/hospital_hardware' returned '0': DEBUGINFOD_URLS=https://debuginfod.ubuntu.com PYTHONPATH=/home/pi5/hospital/build/hospital_hardware/prefix_override:/usr/lib/python3/dist-packages/colcon_core/task/python/colcon_distutils_commands:/home/pi5/hospital/install/hospital_hardware/lib/python3.12/site-packages:${PYTHONPATH} /usr/bin/python3 -W ignore:setup.py install is deprecated -W ignore:easy_install command is deprecated setup.py egg_info --egg-base ../../build/hospital_hardware build --build-base /home/pi5/hospital/build/hospital_hardware/build install --record /home/pi5/hospital/build/hospital_hardware/install.log --single-version-externally-managed install_data
