[1.979s] Invoking command in '/home/vikash/Hospital_ws/src/hospital_world': PYTHONPATH=/home/vikash/Hospital_ws/build/hospital_world/prefix_override:/usr/lib/python3/dist-packages/colcon_core/task/python/colcon_distutils_commands:/home/vikash/Hospital_ws/install/hospital_world/lib/python3.10/site-packages:${PYTHONPATH} /usr/bin/python3 -W ignore:setup.py install is deprecated -W ignore:easy_install command is deprecated setup.py egg_info --egg-base ../../build/hospital_world build --build-base /home/vikash/Hospital_ws/build/hospital_world/build install --record /home/vikash/Hospital_ws/build/hospital_world/install.log --single-version-externally-managed install_data
[2.324s] running egg_info
[2.325s] writing ../../build/hospital_world/hospital_world.egg-info/PKG-INFO
[2.326s] writing dependency_links to ../../build/hospital_world/hospital_world.egg-info/dependency_links.txt
[2.326s] writing entry points to ../../build/hospital_world/hospital_world.egg-info/entry_points.txt
[2.327s] writing requirements to ../../build/hospital_world/hospital_world.egg-info/requires.txt
[2.327s] writing top-level names to ../../build/hospital_world/hospital_world.egg-info/top_level.txt
[2.334s] reading manifest file '../../build/hospital_world/hospital_world.egg-info/SOURCES.txt'
[2.336s] writing manifest file '../../build/hospital_world/hospital_world.egg-info/SOURCES.txt'
[2.336s] running build
[2.336s] running build_py
[2.340s] running install
[2.340s] running install_lib
[2.344s] running install_data
[2.347s] running install_egg_info
[2.350s] removing '/home/vikash/Hospital_ws/install/hospital_world/lib/python3.10/site-packages/hospital_world-0.0.0-py3.10.egg-info' (and everything under it)
[2.350s] Copying ../../build/hospital_world/hospital_world.egg-info to /home/vikash/Hospital_ws/install/hospital_world/lib/python3.10/site-packages/hospital_world-0.0.0-py3.10.egg-info
[2.353s] running install_scripts
[2.390s] writing list of installed files to '/home/vikash/Hospital_ws/build/hospital_world/install.log'
[2.447s] Invoked command in '/home/vikash/Hospital_ws/src/hospital_world' returned '0': PYTHONPATH=/home/vikash/Hospital_ws/build/hospital_world/prefix_override:/usr/lib/python3/dist-packages/colcon_core/task/python/colcon_distutils_commands:/home/vikash/Hospital_ws/install/hospital_world/lib/python3.10/site-packages:${PYTHONPATH} /usr/bin/python3 -W ignore:setup.py install is deprecated -W ignore:easy_install command is deprecated setup.py egg_info --egg-base ../../build/hospital_world build --build-base /home/vikash/Hospital_ws/build/hospital_world/build install --record /home/vikash/Hospital_ws/build/hospital_world/install.log --single-version-externally-managed install_data
