running egg_info
writing ../../build/hospital_robot/hospital_robot.egg-info/PKG-INFO
writing dependency_links to ../../build/hospital_robot/hospital_robot.egg-info/dependency_links.txt
writing entry points to ../../build/hospital_robot/hospital_robot.egg-info/entry_points.txt
writing requirements to ../../build/hospital_robot/hospital_robot.egg-info/requires.txt
writing top-level names to ../../build/hospital_robot/hospital_robot.egg-info/top_level.txt
reading manifest file '../../build/hospital_robot/hospital_robot.egg-info/SOURCES.txt'
writing manifest file '../../build/hospital_robot/hospital_robot.egg-info/SOURCES.txt'
running build
running build_py
running install
running install_lib
running install_data
copying package.xml -> /home/vikash/Hospital_ws/install/hospital_robot/share/hospital_robot
running install_egg_info
removing '/home/vikash/Hospital_ws/install/hospital_robot/lib/python3.10/site-packages/hospital_robot-0.0.0-py3.10.egg-info' (and everything under it)
Copying ../../build/hospital_robot/hospital_robot.egg-info to /home/vikash/Hospital_ws/install/hospital_robot/lib/python3.10/site-packages/hospital_robot-0.0.0-py3.10.egg-info
running install_scripts
Installing lidar_node script to /home/vikash/Hospital_ws/install/hospital_robot/lib/hospital_robot
Installing move_robot script to /home/vikash/Hospital_ws/install/hospital_robot/lib/hospital_robot
writing list of installed files to '/home/vikash/Hospital_ws/build/hospital_robot/install.log'
