[0.588s] Invoking command in '/home/vikash/Hospital_ws/build/hospital_world': PYTHONPATH=/home/vikash/Hospital_ws/build/hospital_world/prefix_override:/usr/lib/python3/dist-packages/colcon_core/task/python/colcon_distutils_commands:/home/vikash/Hospital_ws/install/hospital_world/lib/python3.10/site-packages:${PYTHONPATH} /usr/bin/python3 -W ignore:setup.py install is deprecated -W ignore:easy_install command is deprecated setup.py develop --uninstall --editable --build-directory /home/vikash/Hospital_ws/build/hospital_world/build
[0.758s] running develop
[0.865s] Removing /home/vikash/Hospital_ws/install/hospital_world/lib/python3.10/site-packages/hospital-world.egg-link (link to .)
[0.890s] Invoked command in '/home/vikash/Hospital_ws/build/hospital_world' returned '0': PYTHONPATH=/home/vikash/Hospital_ws/build/hospital_world/prefix_override:/usr/lib/python3/dist-packages/colcon_core/task/python/colcon_distutils_commands:/home/vikash/Hospital_ws/install/hospital_world/lib/python3.10/site-packages:${PYTHONPATH} /usr/bin/python3 -W ignore:setup.py install is deprecated -W ignore:easy_install command is deprecated setup.py develop --uninstall --editable --build-directory /home/vikash/Hospital_ws/build/hospital_world/build
[0.891s] Invoking command in '/home/vikash/Hospital_ws/src/hospital_world': PYTHONPATH=/home/vikash/Hospital_ws/build/hospital_world/prefix_override:/usr/lib/python3/dist-packages/colcon_core/task/python/colcon_distutils_commands:/home/vikash/Hospital_ws/install/hospital_world/lib/python3.10/site-packages:${PYTHONPATH} /usr/bin/python3 -W ignore:setup.py install is deprecated -W ignore:easy_install command is deprecated setup.py egg_info --egg-base ../../build/hospital_world build --build-base /home/vikash/Hospital_ws/build/hospital_world/build install --record /home/vikash/Hospital_ws/build/hospital_world/install.log --single-version-externally-managed install_data --force
[1.059s] running egg_info
[1.059s] writing ../../build/hospital_world/hospital_world.egg-info/PKG-INFO
[1.059s] writing dependency_links to ../../build/hospital_world/hospital_world.egg-info/dependency_links.txt
[1.059s] writing entry points to ../../build/hospital_world/hospital_world.egg-info/entry_points.txt
[1.059s] writing requirements to ../../build/hospital_world/hospital_world.egg-info/requires.txt
[1.059s] writing top-level names to ../../build/hospital_world/hospital_world.egg-info/top_level.txt
[1.061s] reading manifest file '../../build/hospital_world/hospital_world.egg-info/SOURCES.txt'
[1.061s] writing manifest file '../../build/hospital_world/hospital_world.egg-info/SOURCES.txt'
[1.061s] running build
[1.061s] running build_py
[1.061s] running install
[1.062s] running install_lib
[1.062s] creating /home/vikash/Hospital_ws/install/hospital_world/lib/python3.10/site-packages/hospital_world
[1.062s] copying /home/vikash/Hospital_ws/build/hospital_world/build/lib/hospital_world/__init__.py -> /home/vikash/Hospital_ws/install/hospital_world/lib/python3.10/site-packages/hospital_world
[1.062s] byte-compiling /home/vikash/Hospital_ws/install/hospital_world/lib/python3.10/site-packages/hospital_world/__init__.py to __init__.cpython-310.pyc
[1.063s] running install_data
[1.063s] copying resource/hospital_world -> /home/vikash/Hospital_ws/install/hospital_world/share/ament_index/resource_index/packages
[1.063s] copying package.xml -> /home/vikash/Hospital_ws/install/hospital_world/share/hospital_world
[1.063s] copying launch/hospital_world.launch.py -> /home/vikash/Hospital_ws/install/hospital_world/share/hospital_world/launch
[1.063s] copying launch/slam.launch.py -> /home/vikash/Hospital_ws/install/hospital_world/share/hospital_world/launch
[1.063s] copying worlds/hospital_world.sdf -> /home/vikash/Hospital_ws/install/hospital_world/share/hospital_world/worlds
[1.063s] running install_egg_info
[1.064s] Copying ../../build/hospital_world/hospital_world.egg-info to /home/vikash/Hospital_ws/install/hospital_world/lib/python3.10/site-packages/hospital_world-0.0.0-py3.10.egg-info
[1.065s] running install_scripts
[1.081s] writing list of installed files to '/home/vikash/Hospital_ws/build/hospital_world/install.log'
[1.106s] Invoked command in '/home/vikash/Hospital_ws/src/hospital_world' returned '0': PYTHONPATH=/home/vikash/Hospital_ws/build/hospital_world/prefix_override:/usr/lib/python3/dist-packages/colcon_core/task/python/colcon_distutils_commands:/home/vikash/Hospital_ws/install/hospital_world/lib/python3.10/site-packages:${PYTHONPATH} /usr/bin/python3 -W ignore:setup.py install is deprecated -W ignore:easy_install command is deprecated setup.py egg_info --egg-base ../../build/hospital_world build --build-base /home/vikash/Hospital_ws/build/hospital_world/build install --record /home/vikash/Hospital_ws/build/hospital_world/install.log --single-version-externally-managed install_data --force
